<?xml version="1.0" encoding="UTF-8"?>
<!-- Generated by org.testng.reporters.JUnitXMLReporter -->
<testsuite ignored="0" hostname="DESKTOP-F7NBUAN" failures="0" tests="1" name="MYTest" time="0.037" errors="0" timestamp="2021-03-23T14:41:38 MST">
  <testcase classname="testBase.BaseClass" name="@BeforeClass setup" time="-1.616535698283E9">
    <failure type="org.testng.TestNGException" message="
Parameter &amp;apos;browser&amp;apos; is required by BeforeClass on method setup but has not been marked @Optional or defined
in C:\Users\VenuM\OneDrive\QA\Day 1\opencartV1\alltests.xml">
      <![CDATA[org.testng.TestNGException: 
Parameter 'browser' is required by BeforeClass on method setup but has not been marked @Optional or defined
in C:\Users\VenuM\OneDrive\QA\Day 1\opencartV1\alltests.xml
at java.base/java.util.ArrayList.forEach(ArrayList.java:1511)
... Removed 22 stack frames]]>
    </failure>
  </testcase> <!-- @BeforeClass setup -->
  <testcase classname="testBase.BaseClass" name="@AfterClass teadDown" time="-1.616535698305E9">
    <skipped/>
  </testcase> <!-- @AfterClass teadDown -->
  <testcase classname="testCases.TC_001_AccountRegistration" name="test_account_Registration" time="0.0">
    <skipped/>
  </testcase> <!-- test_account_Registration -->
</testsuite> <!-- MYTest -->
