<html>
<head>
<title>TestNG:  OpenCart Tests</title>
<link href="../testng.css" rel="stylesheet" type="text/css" />
<link href="../my-testng.css" rel="stylesheet" type="text/css" />

<style type="text/css">
.log { display: none;} 
.stack-trace { display: none;} 
</style>
<script type="text/javascript">
<!--
function flip(e) {
  current = e.style.display;
  if (current == 'block') {
    e.style.display = 'none';
    return 0;
  }
  else {
    e.style.display = 'block';
    return 1;
  }
}

function toggleBox(szDivId, elem, msg1, msg2)
{
  var res = -1;  if (document.getElementById) {
    res = flip(document.getElementById(szDivId));
  }
  else if (document.all) {
    // this is the way old msie versions work
    res = flip(document.all[szDivId]);
  }
  if(elem) {
    if(res == 0) elem.innerHTML = msg1; else elem.innerHTML = msg2;
  }

}

function toggleAllBoxes() {
  if (document.getElementsByTagName) {
    d = document.getElementsByTagName('div');
    for (i = 0; i < d.length; i++) {
      if (d[i].className == 'log') {
        flip(d[i]);
      }
    }
  }
}

// -->
</script>

</head>
<body>
<h2 align='center'>OpenCart Tests</h2><table border='1' align="center">
<tr>
<td>Tests passed/Failed/Skipped:</td><td>0/0/31</td>
</tr><tr>
<td>Started on:</td><td>Wed Apr 27 15:08:40 EDT 2022</td>
</tr>
<tr><td>Total time:</td><td>1 seconds (1382 ms)</td>
</tr><tr>
<td>Included groups:</td><td></td>
</tr><tr>
<td>Excluded groups:</td><td></td>
</tr>
</table><p/>
<small><i>(Hover the method name to see the test class name)</i></small><p/>
<table width='100%' border='1' class='invocation-failed'>
<tr><td colspan='4' align='center'><b>FAILED CONFIGURATIONS</b></td></tr>
<tr><td><b>Test method</b></td>
<td width="30%"><b>Exception</b></td>
<td width="10%"><b>Time (seconds)</b></td>
<td><b>Instance</b></td>
</tr>
<tr>
<td title='testCases.TC_001_AccountRegistration.setup()'><b>setup</b><br>Test class: testCases.TC_001_AccountRegistration<br>Parameters: chrome</td>
<td><div><pre>java.util.MissingResourceException: Can&apos;t find bundle for base name config, locale en_US
	at java.util.ResourceBundle.throwMissingResourceException(ResourceBundle.java:1581)
	at java.util.ResourceBundle.getBundleImpl(ResourceBundle.java:1396)
	at java.util.ResourceBundle.getBundle(ResourceBundle.java:782)
	at testBase.BaseClass.setup(BaseClass.java:36)
	at java.util.ArrayList.forEach(ArrayList.java:1259)
	at java.util.concurrent.FutureTask.run(FutureTask.java:266)
	at java.util.concurrent.ThreadPoolExecutor.runWorker(ThreadPoolExecutor.java:1149)
	at java.util.concurrent.ThreadPoolExecutor$Worker.run(ThreadPoolExecutor.java:624)
	at java.lang.Thread.run(Thread.java:748)
... Removed 16 stack frames</pre></div><a href='#' onClick='toggleBox("stack-trace233956504", this, "Click to show all stack frames", "Click to hide stack frames")'>Click to show all stack frames</a>
<div class='stack-trace' id='stack-trace233956504'><pre>java.util.MissingResourceException: Can&apos;t find bundle for base name config, locale en_US
	at java.util.ResourceBundle.throwMissingResourceException(ResourceBundle.java:1581)
	at java.util.ResourceBundle.getBundleImpl(ResourceBundle.java:1396)
	at java.util.ResourceBundle.getBundle(ResourceBundle.java:782)
	at testBase.BaseClass.setup(BaseClass.java:36)
	at sun.reflect.NativeMethodAccessorImpl.invoke0(Native Method)
	at sun.reflect.NativeMethodAccessorImpl.invoke(NativeMethodAccessorImpl.java:62)
	at sun.reflect.DelegatingMethodAccessorImpl.invoke(DelegatingMethodAccessorImpl.java:43)
	at java.lang.reflect.Method.invoke(Method.java:498)
	at org.testng.internal.MethodInvocationHelper.invokeMethod(MethodInvocationHelper.java:132)
	at org.testng.internal.MethodInvocationHelper.invokeMethodConsideringTimeout(MethodInvocationHelper.java:61)
	at org.testng.internal.ConfigInvoker.invokeConfigurationMethod(ConfigInvoker.java:366)
	at org.testng.internal.ConfigInvoker.invokeConfigurations(ConfigInvoker.java:320)
	at org.testng.internal.TestMethodWorker.invokeBeforeClassMethods(TestMethodWorker.java:176)
	at org.testng.internal.TestMethodWorker.run(TestMethodWorker.java:122)
	at java.util.ArrayList.forEach(ArrayList.java:1259)
	at org.testng.TestRunner.privateRun(TestRunner.java:764)
	at org.testng.TestRunner.run(TestRunner.java:585)
	at org.testng.SuiteRunner.runTest(SuiteRunner.java:384)
	at org.testng.SuiteRunner.access$000(SuiteRunner.java:28)
	at org.testng.SuiteRunner$SuiteWorker.run(SuiteRunner.java:425)
	at org.testng.internal.thread.ThreadUtil.lambda$execute$0(ThreadUtil.java:66)
	at java.util.concurrent.FutureTask.run(FutureTask.java:266)
	at java.util.concurrent.ThreadPoolExecutor.runWorker(ThreadPoolExecutor.java:1149)
	at java.util.concurrent.ThreadPoolExecutor$Worker.run(ThreadPoolExecutor.java:624)
	at java.lang.Thread.run(Thread.java:748)
</pre></div></td>
<td>0</td>
<td>testCases.TC_001_AccountRegistration@6dde5c8c</td></tr>
<tr>
<td title='testCases.TC_002_Login.setup()'><b>setup</b><br>Test class: testCases.TC_002_Login<br>Parameters: chrome</td>
<td><div><pre>java.util.MissingResourceException: Can&apos;t find bundle for base name config, locale en_US
	at java.util.ResourceBundle.throwMissingResourceException(ResourceBundle.java:1581)
	at java.util.ResourceBundle.getBundleImpl(ResourceBundle.java:1396)
	at java.util.ResourceBundle.getBundle(ResourceBundle.java:782)
	at testBase.BaseClass.setup(BaseClass.java:36)
	at java.util.ArrayList.forEach(ArrayList.java:1259)
	at java.util.concurrent.FutureTask.run(FutureTask.java:266)
	at java.util.concurrent.ThreadPoolExecutor.runWorker(ThreadPoolExecutor.java:1149)
	at java.util.concurrent.ThreadPoolExecutor$Worker.run(ThreadPoolExecutor.java:624)
	at java.lang.Thread.run(Thread.java:748)
... Removed 16 stack frames</pre></div><a href='#' onClick='toggleBox("stack-trace599507698", this, "Click to show all stack frames", "Click to hide stack frames")'>Click to show all stack frames</a>
<div class='stack-trace' id='stack-trace599507698'><pre>java.util.MissingResourceException: Can&apos;t find bundle for base name config, locale en_US
	at java.util.ResourceBundle.throwMissingResourceException(ResourceBundle.java:1581)
	at java.util.ResourceBundle.getBundleImpl(ResourceBundle.java:1396)
	at java.util.ResourceBundle.getBundle(ResourceBundle.java:782)
	at testBase.BaseClass.setup(BaseClass.java:36)
	at sun.reflect.NativeMethodAccessorImpl.invoke0(Native Method)
	at sun.reflect.NativeMethodAccessorImpl.invoke(NativeMethodAccessorImpl.java:62)
	at sun.reflect.DelegatingMethodAccessorImpl.invoke(DelegatingMethodAccessorImpl.java:43)
	at java.lang.reflect.Method.invoke(Method.java:498)
	at org.testng.internal.MethodInvocationHelper.invokeMethod(MethodInvocationHelper.java:132)
	at org.testng.internal.MethodInvocationHelper.invokeMethodConsideringTimeout(MethodInvocationHelper.java:61)
	at org.testng.internal.ConfigInvoker.invokeConfigurationMethod(ConfigInvoker.java:366)
	at org.testng.internal.ConfigInvoker.invokeConfigurations(ConfigInvoker.java:320)
	at org.testng.internal.TestMethodWorker.invokeBeforeClassMethods(TestMethodWorker.java:176)
	at org.testng.internal.TestMethodWorker.run(TestMethodWorker.java:122)
	at java.util.ArrayList.forEach(ArrayList.java:1259)
	at org.testng.TestRunner.privateRun(TestRunner.java:764)
	at org.testng.TestRunner.run(TestRunner.java:585)
	at org.testng.SuiteRunner.runTest(SuiteRunner.java:384)
	at org.testng.SuiteRunner.access$000(SuiteRunner.java:28)
	at org.testng.SuiteRunner$SuiteWorker.run(SuiteRunner.java:425)
	at org.testng.internal.thread.ThreadUtil.lambda$execute$0(ThreadUtil.java:66)
	at java.util.concurrent.FutureTask.run(FutureTask.java:266)
	at java.util.concurrent.ThreadPoolExecutor.runWorker(ThreadPoolExecutor.java:1149)
	at java.util.concurrent.ThreadPoolExecutor$Worker.run(ThreadPoolExecutor.java:624)
	at java.lang.Thread.run(Thread.java:748)
</pre></div></td>
<td>0</td>
<td>testCases.TC_002_Login@5123a213</td></tr>
<tr>
<td title='testCases.TC_003_LoginDDT.setup()'><b>setup</b><br>Test class: testCases.TC_003_LoginDDT<br>Parameters: chrome</td>
<td><div><pre>java.util.MissingResourceException: Can&apos;t find bundle for base name config, locale en_US
	at java.util.ResourceBundle.throwMissingResourceException(ResourceBundle.java:1581)
	at java.util.ResourceBundle.getBundleImpl(ResourceBundle.java:1396)
	at java.util.ResourceBundle.getBundle(ResourceBundle.java:782)
	at testBase.BaseClass.setup(BaseClass.java:36)
	at java.util.ArrayList.forEach(ArrayList.java:1259)
	at java.util.concurrent.FutureTask.run(FutureTask.java:266)
	at java.util.concurrent.ThreadPoolExecutor.runWorker(ThreadPoolExecutor.java:1149)
	at java.util.concurrent.ThreadPoolExecutor$Worker.run(ThreadPoolExecutor.java:624)
	at java.lang.Thread.run(Thread.java:748)
... Removed 16 stack frames</pre></div><a href='#' onClick='toggleBox("stack-trace2111602978", this, "Click to show all stack frames", "Click to hide stack frames")'>Click to show all stack frames</a>
<div class='stack-trace' id='stack-trace2111602978'><pre>java.util.MissingResourceException: Can&apos;t find bundle for base name config, locale en_US
	at java.util.ResourceBundle.throwMissingResourceException(ResourceBundle.java:1581)
	at java.util.ResourceBundle.getBundleImpl(ResourceBundle.java:1396)
	at java.util.ResourceBundle.getBundle(ResourceBundle.java:782)
	at testBase.BaseClass.setup(BaseClass.java:36)
	at sun.reflect.NativeMethodAccessorImpl.invoke0(Native Method)
	at sun.reflect.NativeMethodAccessorImpl.invoke(NativeMethodAccessorImpl.java:62)
	at sun.reflect.DelegatingMethodAccessorImpl.invoke(DelegatingMethodAccessorImpl.java:43)
	at java.lang.reflect.Method.invoke(Method.java:498)
	at org.testng.internal.MethodInvocationHelper.invokeMethod(MethodInvocationHelper.java:132)
	at org.testng.internal.MethodInvocationHelper.invokeMethodConsideringTimeout(MethodInvocationHelper.java:61)
	at org.testng.internal.ConfigInvoker.invokeConfigurationMethod(ConfigInvoker.java:366)
	at org.testng.internal.ConfigInvoker.invokeConfigurations(ConfigInvoker.java:320)
	at org.testng.internal.TestMethodWorker.invokeBeforeClassMethods(TestMethodWorker.java:176)
	at org.testng.internal.TestMethodWorker.run(TestMethodWorker.java:122)
	at java.util.ArrayList.forEach(ArrayList.java:1259)
	at org.testng.TestRunner.privateRun(TestRunner.java:764)
	at org.testng.TestRunner.run(TestRunner.java:585)
	at org.testng.SuiteRunner.runTest(SuiteRunner.java:384)
	at org.testng.SuiteRunner.access$000(SuiteRunner.java:28)
	at org.testng.SuiteRunner$SuiteWorker.run(SuiteRunner.java:425)
	at org.testng.internal.thread.ThreadUtil.lambda$execute$0(ThreadUtil.java:66)
	at java.util.concurrent.FutureTask.run(FutureTask.java:266)
	at java.util.concurrent.ThreadPoolExecutor.runWorker(ThreadPoolExecutor.java:1149)
	at java.util.concurrent.ThreadPoolExecutor$Worker.run(ThreadPoolExecutor.java:624)
	at java.lang.Thread.run(Thread.java:748)
</pre></div></td>
<td>0</td>
<td>testCases.TC_003_LoginDDT@52525845</td></tr>
<tr>
<td title='testCases.TC_004Search.setup()'><b>setup</b><br>Test class: testCases.TC_004Search<br>Parameters: chrome</td>
<td><div><pre>java.util.MissingResourceException: Can&apos;t find bundle for base name config, locale en_US
	at java.util.ResourceBundle.throwMissingResourceException(ResourceBundle.java:1581)
	at java.util.ResourceBundle.getBundleImpl(ResourceBundle.java:1396)
	at java.util.ResourceBundle.getBundle(ResourceBundle.java:782)
	at testBase.BaseClass.setup(BaseClass.java:36)
	at java.util.ArrayList.forEach(ArrayList.java:1259)
	at java.util.concurrent.FutureTask.run(FutureTask.java:266)
	at java.util.concurrent.ThreadPoolExecutor.runWorker(ThreadPoolExecutor.java:1149)
	at java.util.concurrent.ThreadPoolExecutor$Worker.run(ThreadPoolExecutor.java:624)
	at java.lang.Thread.run(Thread.java:748)
... Removed 16 stack frames</pre></div><a href='#' onClick='toggleBox("stack-trace1416263455", this, "Click to show all stack frames", "Click to hide stack frames")'>Click to show all stack frames</a>
<div class='stack-trace' id='stack-trace1416263455'><pre>java.util.MissingResourceException: Can&apos;t find bundle for base name config, locale en_US
	at java.util.ResourceBundle.throwMissingResourceException(ResourceBundle.java:1581)
	at java.util.ResourceBundle.getBundleImpl(ResourceBundle.java:1396)
	at java.util.ResourceBundle.getBundle(ResourceBundle.java:782)
	at testBase.BaseClass.setup(BaseClass.java:36)
	at sun.reflect.NativeMethodAccessorImpl.invoke0(Native Method)
	at sun.reflect.NativeMethodAccessorImpl.invoke(NativeMethodAccessorImpl.java:62)
	at sun.reflect.DelegatingMethodAccessorImpl.invoke(DelegatingMethodAccessorImpl.java:43)
	at java.lang.reflect.Method.invoke(Method.java:498)
	at org.testng.internal.MethodInvocationHelper.invokeMethod(MethodInvocationHelper.java:132)
	at org.testng.internal.MethodInvocationHelper.invokeMethodConsideringTimeout(MethodInvocationHelper.java:61)
	at org.testng.internal.ConfigInvoker.invokeConfigurationMethod(ConfigInvoker.java:366)
	at org.testng.internal.ConfigInvoker.invokeConfigurations(ConfigInvoker.java:320)
	at org.testng.internal.TestMethodWorker.invokeBeforeClassMethods(TestMethodWorker.java:176)
	at org.testng.internal.TestMethodWorker.run(TestMethodWorker.java:122)
	at java.util.ArrayList.forEach(ArrayList.java:1259)
	at org.testng.TestRunner.privateRun(TestRunner.java:764)
	at org.testng.TestRunner.run(TestRunner.java:585)
	at org.testng.SuiteRunner.runTest(SuiteRunner.java:384)
	at org.testng.SuiteRunner.access$000(SuiteRunner.java:28)
	at org.testng.SuiteRunner$SuiteWorker.run(SuiteRunner.java:425)
	at org.testng.internal.thread.ThreadUtil.lambda$execute$0(ThreadUtil.java:66)
	at java.util.concurrent.FutureTask.run(FutureTask.java:266)
	at java.util.concurrent.ThreadPoolExecutor.runWorker(ThreadPoolExecutor.java:1149)
	at java.util.concurrent.ThreadPoolExecutor$Worker.run(ThreadPoolExecutor.java:624)
	at java.lang.Thread.run(Thread.java:748)
</pre></div></td>
<td>0</td>
<td>testCases.TC_004Search@3b94d659</td></tr>
<tr>
<td title='testCases.TC_005_Addcart.setup()'><b>setup</b><br>Test class: testCases.TC_005_Addcart<br>Parameters: chrome</td>
<td><div><pre>java.util.MissingResourceException: Can&apos;t find bundle for base name config, locale en_US
	at java.util.ResourceBundle.throwMissingResourceException(ResourceBundle.java:1581)
	at java.util.ResourceBundle.getBundleImpl(ResourceBundle.java:1396)
	at java.util.ResourceBundle.getBundle(ResourceBundle.java:782)
	at testBase.BaseClass.setup(BaseClass.java:36)
	at java.util.ArrayList.forEach(ArrayList.java:1259)
	at java.util.concurrent.FutureTask.run(FutureTask.java:266)
	at java.util.concurrent.ThreadPoolExecutor.runWorker(ThreadPoolExecutor.java:1149)
	at java.util.concurrent.ThreadPoolExecutor$Worker.run(ThreadPoolExecutor.java:624)
	at java.lang.Thread.run(Thread.java:748)
... Removed 16 stack frames</pre></div><a href='#' onClick='toggleBox("stack-trace1367130520", this, "Click to show all stack frames", "Click to hide stack frames")'>Click to show all stack frames</a>
<div class='stack-trace' id='stack-trace1367130520'><pre>java.util.MissingResourceException: Can&apos;t find bundle for base name config, locale en_US
	at java.util.ResourceBundle.throwMissingResourceException(ResourceBundle.java:1581)
	at java.util.ResourceBundle.getBundleImpl(ResourceBundle.java:1396)
	at java.util.ResourceBundle.getBundle(ResourceBundle.java:782)
	at testBase.BaseClass.setup(BaseClass.java:36)
	at sun.reflect.NativeMethodAccessorImpl.invoke0(Native Method)
	at sun.reflect.NativeMethodAccessorImpl.invoke(NativeMethodAccessorImpl.java:62)
	at sun.reflect.DelegatingMethodAccessorImpl.invoke(DelegatingMethodAccessorImpl.java:43)
	at java.lang.reflect.Method.invoke(Method.java:498)
	at org.testng.internal.MethodInvocationHelper.invokeMethod(MethodInvocationHelper.java:132)
	at org.testng.internal.MethodInvocationHelper.invokeMethodConsideringTimeout(MethodInvocationHelper.java:61)
	at org.testng.internal.ConfigInvoker.invokeConfigurationMethod(ConfigInvoker.java:366)
	at org.testng.internal.ConfigInvoker.invokeConfigurations(ConfigInvoker.java:320)
	at org.testng.internal.TestMethodWorker.invokeBeforeClassMethods(TestMethodWorker.java:176)
	at org.testng.internal.TestMethodWorker.run(TestMethodWorker.java:122)
	at java.util.ArrayList.forEach(ArrayList.java:1259)
	at org.testng.TestRunner.privateRun(TestRunner.java:764)
	at org.testng.TestRunner.run(TestRunner.java:585)
	at org.testng.SuiteRunner.runTest(SuiteRunner.java:384)
	at org.testng.SuiteRunner.access$000(SuiteRunner.java:28)
	at org.testng.SuiteRunner$SuiteWorker.run(SuiteRunner.java:425)
	at org.testng.internal.thread.ThreadUtil.lambda$execute$0(ThreadUtil.java:66)
	at java.util.concurrent.FutureTask.run(FutureTask.java:266)
	at java.util.concurrent.ThreadPoolExecutor.runWorker(ThreadPoolExecutor.java:1149)
	at java.util.concurrent.ThreadPoolExecutor$Worker.run(ThreadPoolExecutor.java:624)
	at java.lang.Thread.run(Thread.java:748)
</pre></div></td>
<td>0</td>
<td>testCases.TC_005_Addcart@24b1d79b</td></tr>
<tr>
<td title='testCases.TC_006_ProductCompare.setup()'><b>setup</b><br>Test class: testCases.TC_006_ProductCompare<br>Parameters: chrome</td>
<td><div><pre>java.util.MissingResourceException: Can&apos;t find bundle for base name config, locale en_US
	at java.util.ResourceBundle.throwMissingResourceException(ResourceBundle.java:1581)
	at java.util.ResourceBundle.getBundleImpl(ResourceBundle.java:1396)
	at java.util.ResourceBundle.getBundle(ResourceBundle.java:782)
	at testBase.BaseClass.setup(BaseClass.java:36)
	at java.util.ArrayList.forEach(ArrayList.java:1259)
	at java.util.concurrent.FutureTask.run(FutureTask.java:266)
	at java.util.concurrent.ThreadPoolExecutor.runWorker(ThreadPoolExecutor.java:1149)
	at java.util.concurrent.ThreadPoolExecutor$Worker.run(ThreadPoolExecutor.java:624)
	at java.lang.Thread.run(Thread.java:748)
... Removed 16 stack frames</pre></div><a href='#' onClick='toggleBox("stack-trace817879231", this, "Click to show all stack frames", "Click to hide stack frames")'>Click to show all stack frames</a>
<div class='stack-trace' id='stack-trace817879231'><pre>java.util.MissingResourceException: Can&apos;t find bundle for base name config, locale en_US
	at java.util.ResourceBundle.throwMissingResourceException(ResourceBundle.java:1581)
	at java.util.ResourceBundle.getBundleImpl(ResourceBundle.java:1396)
	at java.util.ResourceBundle.getBundle(ResourceBundle.java:782)
	at testBase.BaseClass.setup(BaseClass.java:36)
	at sun.reflect.NativeMethodAccessorImpl.invoke0(Native Method)
	at sun.reflect.NativeMethodAccessorImpl.invoke(NativeMethodAccessorImpl.java:62)
	at sun.reflect.DelegatingMethodAccessorImpl.invoke(DelegatingMethodAccessorImpl.java:43)
	at java.lang.reflect.Method.invoke(Method.java:498)
	at org.testng.internal.MethodInvocationHelper.invokeMethod(MethodInvocationHelper.java:132)
	at org.testng.internal.MethodInvocationHelper.invokeMethodConsideringTimeout(MethodInvocationHelper.java:61)
	at org.testng.internal.ConfigInvoker.invokeConfigurationMethod(ConfigInvoker.java:366)
	at org.testng.internal.ConfigInvoker.invokeConfigurations(ConfigInvoker.java:320)
	at org.testng.internal.TestMethodWorker.invokeBeforeClassMethods(TestMethodWorker.java:176)
	at org.testng.internal.TestMethodWorker.run(TestMethodWorker.java:122)
	at java.util.ArrayList.forEach(ArrayList.java:1259)
	at org.testng.TestRunner.privateRun(TestRunner.java:764)
	at org.testng.TestRunner.run(TestRunner.java:585)
	at org.testng.SuiteRunner.runTest(SuiteRunner.java:384)
	at org.testng.SuiteRunner.access$000(SuiteRunner.java:28)
	at org.testng.SuiteRunner$SuiteWorker.run(SuiteRunner.java:425)
	at org.testng.internal.thread.ThreadUtil.lambda$execute$0(ThreadUtil.java:66)
	at java.util.concurrent.FutureTask.run(FutureTask.java:266)
	at java.util.concurrent.ThreadPoolExecutor.runWorker(ThreadPoolExecutor.java:1149)
	at java.util.concurrent.ThreadPoolExecutor$Worker.run(ThreadPoolExecutor.java:624)
	at java.lang.Thread.run(Thread.java:748)
</pre></div></td>
<td>0</td>
<td>testCases.TC_006_ProductCompare@68ceda24</td></tr>
<tr>
<td title='testCases.TC_007_WishList.setup()'><b>setup</b><br>Test class: testCases.TC_007_WishList<br>Parameters: chrome</td>
<td><div><pre>java.util.MissingResourceException: Can&apos;t find bundle for base name config, locale en_US
	at java.util.ResourceBundle.throwMissingResourceException(ResourceBundle.java:1581)
	at java.util.ResourceBundle.getBundleImpl(ResourceBundle.java:1396)
	at java.util.ResourceBundle.getBundle(ResourceBundle.java:782)
	at testBase.BaseClass.setup(BaseClass.java:36)
	at java.util.ArrayList.forEach(ArrayList.java:1259)
	at java.util.concurrent.FutureTask.run(FutureTask.java:266)
	at java.util.concurrent.ThreadPoolExecutor.runWorker(ThreadPoolExecutor.java:1149)
	at java.util.concurrent.ThreadPoolExecutor$Worker.run(ThreadPoolExecutor.java:624)
	at java.lang.Thread.run(Thread.java:748)
... Removed 16 stack frames</pre></div><a href='#' onClick='toggleBox("stack-trace1099043529", this, "Click to show all stack frames", "Click to hide stack frames")'>Click to show all stack frames</a>
<div class='stack-trace' id='stack-trace1099043529'><pre>java.util.MissingResourceException: Can&apos;t find bundle for base name config, locale en_US
	at java.util.ResourceBundle.throwMissingResourceException(ResourceBundle.java:1581)
	at java.util.ResourceBundle.getBundleImpl(ResourceBundle.java:1396)
	at java.util.ResourceBundle.getBundle(ResourceBundle.java:782)
	at testBase.BaseClass.setup(BaseClass.java:36)
	at sun.reflect.NativeMethodAccessorImpl.invoke0(Native Method)
	at sun.reflect.NativeMethodAccessorImpl.invoke(NativeMethodAccessorImpl.java:62)
	at sun.reflect.DelegatingMethodAccessorImpl.invoke(DelegatingMethodAccessorImpl.java:43)
	at java.lang.reflect.Method.invoke(Method.java:498)
	at org.testng.internal.MethodInvocationHelper.invokeMethod(MethodInvocationHelper.java:132)
	at org.testng.internal.MethodInvocationHelper.invokeMethodConsideringTimeout(MethodInvocationHelper.java:61)
	at org.testng.internal.ConfigInvoker.invokeConfigurationMethod(ConfigInvoker.java:366)
	at org.testng.internal.ConfigInvoker.invokeConfigurations(ConfigInvoker.java:320)
	at org.testng.internal.TestMethodWorker.invokeBeforeClassMethods(TestMethodWorker.java:176)
	at org.testng.internal.TestMethodWorker.run(TestMethodWorker.java:122)
	at java.util.ArrayList.forEach(ArrayList.java:1259)
	at org.testng.TestRunner.privateRun(TestRunner.java:764)
	at org.testng.TestRunner.run(TestRunner.java:585)
	at org.testng.SuiteRunner.runTest(SuiteRunner.java:384)
	at org.testng.SuiteRunner.access$000(SuiteRunner.java:28)
	at org.testng.SuiteRunner$SuiteWorker.run(SuiteRunner.java:425)
	at org.testng.internal.thread.ThreadUtil.lambda$execute$0(ThreadUtil.java:66)
	at java.util.concurrent.FutureTask.run(FutureTask.java:266)
	at java.util.concurrent.ThreadPoolExecutor.runWorker(ThreadPoolExecutor.java:1149)
	at java.util.concurrent.ThreadPoolExecutor$Worker.run(ThreadPoolExecutor.java:624)
	at java.lang.Thread.run(Thread.java:748)
</pre></div></td>
<td>0</td>
<td>testCases.TC_007_WishList@281e3708</td></tr>
<tr>
<td title='testCases.TC_008_ProductDisplayPage.setup()'><b>setup</b><br>Test class: testCases.TC_008_ProductDisplayPage<br>Parameters: chrome</td>
<td><div><pre>java.util.MissingResourceException: Can&apos;t find bundle for base name config, locale en_US
	at java.util.ResourceBundle.throwMissingResourceException(ResourceBundle.java:1581)
	at java.util.ResourceBundle.getBundleImpl(ResourceBundle.java:1396)
	at java.util.ResourceBundle.getBundle(ResourceBundle.java:782)
	at testBase.BaseClass.setup(BaseClass.java:36)
	at java.util.ArrayList.forEach(ArrayList.java:1259)
	at java.util.concurrent.FutureTask.run(FutureTask.java:266)
	at java.util.concurrent.ThreadPoolExecutor.runWorker(ThreadPoolExecutor.java:1149)
	at java.util.concurrent.ThreadPoolExecutor$Worker.run(ThreadPoolExecutor.java:624)
	at java.lang.Thread.run(Thread.java:748)
... Removed 16 stack frames</pre></div><a href='#' onClick='toggleBox("stack-trace446198222", this, "Click to show all stack frames", "Click to hide stack frames")'>Click to show all stack frames</a>
<div class='stack-trace' id='stack-trace446198222'><pre>java.util.MissingResourceException: Can&apos;t find bundle for base name config, locale en_US
	at java.util.ResourceBundle.throwMissingResourceException(ResourceBundle.java:1581)
	at java.util.ResourceBundle.getBundleImpl(ResourceBundle.java:1396)
	at java.util.ResourceBundle.getBundle(ResourceBundle.java:782)
	at testBase.BaseClass.setup(BaseClass.java:36)
	at sun.reflect.NativeMethodAccessorImpl.invoke0(Native Method)
	at sun.reflect.NativeMethodAccessorImpl.invoke(NativeMethodAccessorImpl.java:62)
	at sun.reflect.DelegatingMethodAccessorImpl.invoke(DelegatingMethodAccessorImpl.java:43)
	at java.lang.reflect.Method.invoke(Method.java:498)
	at org.testng.internal.MethodInvocationHelper.invokeMethod(MethodInvocationHelper.java:132)
	at org.testng.internal.MethodInvocationHelper.invokeMethodConsideringTimeout(MethodInvocationHelper.java:61)
	at org.testng.internal.ConfigInvoker.invokeConfigurationMethod(ConfigInvoker.java:366)
	at org.testng.internal.ConfigInvoker.invokeConfigurations(ConfigInvoker.java:320)
	at org.testng.internal.TestMethodWorker.invokeBeforeClassMethods(TestMethodWorker.java:176)
	at org.testng.internal.TestMethodWorker.run(TestMethodWorker.java:122)
	at java.util.ArrayList.forEach(ArrayList.java:1259)
	at org.testng.TestRunner.privateRun(TestRunner.java:764)
	at org.testng.TestRunner.run(TestRunner.java:585)
	at org.testng.SuiteRunner.runTest(SuiteRunner.java:384)
	at org.testng.SuiteRunner.access$000(SuiteRunner.java:28)
	at org.testng.SuiteRunner$SuiteWorker.run(SuiteRunner.java:425)
	at org.testng.internal.thread.ThreadUtil.lambda$execute$0(ThreadUtil.java:66)
	at java.util.concurrent.FutureTask.run(FutureTask.java:266)
	at java.util.concurrent.ThreadPoolExecutor.runWorker(ThreadPoolExecutor.java:1149)
	at java.util.concurrent.ThreadPoolExecutor$Worker.run(ThreadPoolExecutor.java:624)
	at java.lang.Thread.run(Thread.java:748)
</pre></div></td>
<td>0</td>
<td>testCases.TC_008_ProductDisplayPage@35a50a4c</td></tr>
<tr>
<td title='testCases.TC_009_ForgotPassword.setup()'><b>setup</b><br>Test class: testCases.TC_009_ForgotPassword<br>Parameters: chrome</td>
<td><div><pre>java.util.MissingResourceException: Can&apos;t find bundle for base name config, locale en_US
	at java.util.ResourceBundle.throwMissingResourceException(ResourceBundle.java:1581)
	at java.util.ResourceBundle.getBundleImpl(ResourceBundle.java:1396)
	at java.util.ResourceBundle.getBundle(ResourceBundle.java:782)
	at testBase.BaseClass.setup(BaseClass.java:36)
	at java.util.ArrayList.forEach(ArrayList.java:1259)
	at java.util.concurrent.FutureTask.run(FutureTask.java:266)
	at java.util.concurrent.ThreadPoolExecutor.runWorker(ThreadPoolExecutor.java:1149)
	at java.util.concurrent.ThreadPoolExecutor$Worker.run(ThreadPoolExecutor.java:624)
	at java.lang.Thread.run(Thread.java:748)
... Removed 16 stack frames</pre></div><a href='#' onClick='toggleBox("stack-trace1760553298", this, "Click to show all stack frames", "Click to hide stack frames")'>Click to show all stack frames</a>
<div class='stack-trace' id='stack-trace1760553298'><pre>java.util.MissingResourceException: Can&apos;t find bundle for base name config, locale en_US
	at java.util.ResourceBundle.throwMissingResourceException(ResourceBundle.java:1581)
	at java.util.ResourceBundle.getBundleImpl(ResourceBundle.java:1396)
	at java.util.ResourceBundle.getBundle(ResourceBundle.java:782)
	at testBase.BaseClass.setup(BaseClass.java:36)
	at sun.reflect.NativeMethodAccessorImpl.invoke0(Native Method)
	at sun.reflect.NativeMethodAccessorImpl.invoke(NativeMethodAccessorImpl.java:62)
	at sun.reflect.DelegatingMethodAccessorImpl.invoke(DelegatingMethodAccessorImpl.java:43)
	at java.lang.reflect.Method.invoke(Method.java:498)
	at org.testng.internal.MethodInvocationHelper.invokeMethod(MethodInvocationHelper.java:132)
	at org.testng.internal.MethodInvocationHelper.invokeMethodConsideringTimeout(MethodInvocationHelper.java:61)
	at org.testng.internal.ConfigInvoker.invokeConfigurationMethod(ConfigInvoker.java:366)
	at org.testng.internal.ConfigInvoker.invokeConfigurations(ConfigInvoker.java:320)
	at org.testng.internal.TestMethodWorker.invokeBeforeClassMethods(TestMethodWorker.java:176)
	at org.testng.internal.TestMethodWorker.run(TestMethodWorker.java:122)
	at java.util.ArrayList.forEach(ArrayList.java:1259)
	at org.testng.TestRunner.privateRun(TestRunner.java:764)
	at org.testng.TestRunner.run(TestRunner.java:585)
	at org.testng.SuiteRunner.runTest(SuiteRunner.java:384)
	at org.testng.SuiteRunner.access$000(SuiteRunner.java:28)
	at org.testng.SuiteRunner$SuiteWorker.run(SuiteRunner.java:425)
	at org.testng.internal.thread.ThreadUtil.lambda$execute$0(ThreadUtil.java:66)
	at java.util.concurrent.FutureTask.run(FutureTask.java:266)
	at java.util.concurrent.ThreadPoolExecutor.runWorker(ThreadPoolExecutor.java:1149)
	at java.util.concurrent.ThreadPoolExecutor$Worker.run(ThreadPoolExecutor.java:624)
	at java.lang.Thread.run(Thread.java:748)
</pre></div></td>
<td>0</td>
<td>testCases.TC_009_ForgotPassword@1f021e6c</td></tr>
<tr>
<td title='testCases.TC_010_ShoppingCart.setup()'><b>setup</b><br>Test class: testCases.TC_010_ShoppingCart<br>Parameters: chrome</td>
<td><div><pre>java.util.MissingResourceException: Can&apos;t find bundle for base name config, locale en_US
	at java.util.ResourceBundle.throwMissingResourceException(ResourceBundle.java:1581)
	at java.util.ResourceBundle.getBundleImpl(ResourceBundle.java:1396)
	at java.util.ResourceBundle.getBundle(ResourceBundle.java:782)
	at testBase.BaseClass.setup(BaseClass.java:36)
	at java.util.ArrayList.forEach(ArrayList.java:1259)
	at java.util.concurrent.FutureTask.run(FutureTask.java:266)
	at java.util.concurrent.ThreadPoolExecutor.runWorker(ThreadPoolExecutor.java:1149)
	at java.util.concurrent.ThreadPoolExecutor$Worker.run(ThreadPoolExecutor.java:624)
	at java.lang.Thread.run(Thread.java:748)
... Removed 16 stack frames</pre></div><a href='#' onClick='toggleBox("stack-trace813328577", this, "Click to show all stack frames", "Click to hide stack frames")'>Click to show all stack frames</a>
<div class='stack-trace' id='stack-trace813328577'><pre>java.util.MissingResourceException: Can&apos;t find bundle for base name config, locale en_US
	at java.util.ResourceBundle.throwMissingResourceException(ResourceBundle.java:1581)
	at java.util.ResourceBundle.getBundleImpl(ResourceBundle.java:1396)
	at java.util.ResourceBundle.getBundle(ResourceBundle.java:782)
	at testBase.BaseClass.setup(BaseClass.java:36)
	at sun.reflect.NativeMethodAccessorImpl.invoke0(Native Method)
	at sun.reflect.NativeMethodAccessorImpl.invoke(NativeMethodAccessorImpl.java:62)
	at sun.reflect.DelegatingMethodAccessorImpl.invoke(DelegatingMethodAccessorImpl.java:43)
	at java.lang.reflect.Method.invoke(Method.java:498)
	at org.testng.internal.MethodInvocationHelper.invokeMethod(MethodInvocationHelper.java:132)
	at org.testng.internal.MethodInvocationHelper.invokeMethodConsideringTimeout(MethodInvocationHelper.java:61)
	at org.testng.internal.ConfigInvoker.invokeConfigurationMethod(ConfigInvoker.java:366)
	at org.testng.internal.ConfigInvoker.invokeConfigurations(ConfigInvoker.java:320)
	at org.testng.internal.TestMethodWorker.invokeBeforeClassMethods(TestMethodWorker.java:176)
	at org.testng.internal.TestMethodWorker.run(TestMethodWorker.java:122)
	at java.util.ArrayList.forEach(ArrayList.java:1259)
	at org.testng.TestRunner.privateRun(TestRunner.java:764)
	at org.testng.TestRunner.run(TestRunner.java:585)
	at org.testng.SuiteRunner.runTest(SuiteRunner.java:384)
	at org.testng.SuiteRunner.access$000(SuiteRunner.java:28)
	at org.testng.SuiteRunner$SuiteWorker.run(SuiteRunner.java:425)
	at org.testng.internal.thread.ThreadUtil.lambda$execute$0(ThreadUtil.java:66)
	at java.util.concurrent.FutureTask.run(FutureTask.java:266)
	at java.util.concurrent.ThreadPoolExecutor.runWorker(ThreadPoolExecutor.java:1149)
	at java.util.concurrent.ThreadPoolExecutor$Worker.run(ThreadPoolExecutor.java:624)
	at java.lang.Thread.run(Thread.java:748)
</pre></div></td>
<td>0</td>
<td>testCases.TC_010_ShoppingCart@103f852</td></tr>
<tr>
<td title='testCases.TC_011_Checkout.setup()'><b>setup</b><br>Test class: testCases.TC_011_Checkout<br>Parameters: chrome</td>
<td><div><pre>java.util.MissingResourceException: Can&apos;t find bundle for base name config, locale en_US
	at java.util.ResourceBundle.throwMissingResourceException(ResourceBundle.java:1581)
	at java.util.ResourceBundle.getBundleImpl(ResourceBundle.java:1396)
	at java.util.ResourceBundle.getBundle(ResourceBundle.java:782)
	at testBase.BaseClass.setup(BaseClass.java:36)
	at java.util.ArrayList.forEach(ArrayList.java:1259)
	at java.util.concurrent.FutureTask.run(FutureTask.java:266)
	at java.util.concurrent.ThreadPoolExecutor.runWorker(ThreadPoolExecutor.java:1149)
	at java.util.concurrent.ThreadPoolExecutor$Worker.run(ThreadPoolExecutor.java:624)
	at java.lang.Thread.run(Thread.java:748)
... Removed 16 stack frames</pre></div><a href='#' onClick='toggleBox("stack-trace1642885031", this, "Click to show all stack frames", "Click to hide stack frames")'>Click to show all stack frames</a>
<div class='stack-trace' id='stack-trace1642885031'><pre>java.util.MissingResourceException: Can&apos;t find bundle for base name config, locale en_US
	at java.util.ResourceBundle.throwMissingResourceException(ResourceBundle.java:1581)
	at java.util.ResourceBundle.getBundleImpl(ResourceBundle.java:1396)
	at java.util.ResourceBundle.getBundle(ResourceBundle.java:782)
	at testBase.BaseClass.setup(BaseClass.java:36)
	at sun.reflect.NativeMethodAccessorImpl.invoke0(Native Method)
	at sun.reflect.NativeMethodAccessorImpl.invoke(NativeMethodAccessorImpl.java:62)
	at sun.reflect.DelegatingMethodAccessorImpl.invoke(DelegatingMethodAccessorImpl.java:43)
	at java.lang.reflect.Method.invoke(Method.java:498)
	at org.testng.internal.MethodInvocationHelper.invokeMethod(MethodInvocationHelper.java:132)
	at org.testng.internal.MethodInvocationHelper.invokeMethodConsideringTimeout(MethodInvocationHelper.java:61)
	at org.testng.internal.ConfigInvoker.invokeConfigurationMethod(ConfigInvoker.java:366)
	at org.testng.internal.ConfigInvoker.invokeConfigurations(ConfigInvoker.java:320)
	at org.testng.internal.TestMethodWorker.invokeBeforeClassMethods(TestMethodWorker.java:176)
	at org.testng.internal.TestMethodWorker.run(TestMethodWorker.java:122)
	at java.util.ArrayList.forEach(ArrayList.java:1259)
	at org.testng.TestRunner.privateRun(TestRunner.java:764)
	at org.testng.TestRunner.run(TestRunner.java:585)
	at org.testng.SuiteRunner.runTest(SuiteRunner.java:384)
	at org.testng.SuiteRunner.access$000(SuiteRunner.java:28)
	at org.testng.SuiteRunner$SuiteWorker.run(SuiteRunner.java:425)
	at org.testng.internal.thread.ThreadUtil.lambda$execute$0(ThreadUtil.java:66)
	at java.util.concurrent.FutureTask.run(FutureTask.java:266)
	at java.util.concurrent.ThreadPoolExecutor.runWorker(ThreadPoolExecutor.java:1149)
	at java.util.concurrent.ThreadPoolExecutor$Worker.run(ThreadPoolExecutor.java:624)
	at java.lang.Thread.run(Thread.java:748)
</pre></div></td>
<td>0</td>
<td>testCases.TC_011_Checkout@587c290d</td></tr>
<tr>
<td title='testCases.TC_012_MyAccount.setup()'><b>setup</b><br>Test class: testCases.TC_012_MyAccount<br>Parameters: chrome</td>
<td><div><pre>java.util.MissingResourceException: Can&apos;t find bundle for base name config, locale en_US
	at java.util.ResourceBundle.throwMissingResourceException(ResourceBundle.java:1581)
	at java.util.ResourceBundle.getBundleImpl(ResourceBundle.java:1396)
	at java.util.ResourceBundle.getBundle(ResourceBundle.java:782)
	at testBase.BaseClass.setup(BaseClass.java:36)
	at java.util.ArrayList.forEach(ArrayList.java:1259)
	at java.util.concurrent.FutureTask.run(FutureTask.java:266)
	at java.util.concurrent.ThreadPoolExecutor.runWorker(ThreadPoolExecutor.java:1149)
	at java.util.concurrent.ThreadPoolExecutor$Worker.run(ThreadPoolExecutor.java:624)
	at java.lang.Thread.run(Thread.java:748)
... Removed 16 stack frames</pre></div><a href='#' onClick='toggleBox("stack-trace335986127", this, "Click to show all stack frames", "Click to hide stack frames")'>Click to show all stack frames</a>
<div class='stack-trace' id='stack-trace335986127'><pre>java.util.MissingResourceException: Can&apos;t find bundle for base name config, locale en_US
	at java.util.ResourceBundle.throwMissingResourceException(ResourceBundle.java:1581)
	at java.util.ResourceBundle.getBundleImpl(ResourceBundle.java:1396)
	at java.util.ResourceBundle.getBundle(ResourceBundle.java:782)
	at testBase.BaseClass.setup(BaseClass.java:36)
	at sun.reflect.NativeMethodAccessorImpl.invoke0(Native Method)
	at sun.reflect.NativeMethodAccessorImpl.invoke(NativeMethodAccessorImpl.java:62)
	at sun.reflect.DelegatingMethodAccessorImpl.invoke(DelegatingMethodAccessorImpl.java:43)
	at java.lang.reflect.Method.invoke(Method.java:498)
	at org.testng.internal.MethodInvocationHelper.invokeMethod(MethodInvocationHelper.java:132)
	at org.testng.internal.MethodInvocationHelper.invokeMethodConsideringTimeout(MethodInvocationHelper.java:61)
	at org.testng.internal.ConfigInvoker.invokeConfigurationMethod(ConfigInvoker.java:366)
	at org.testng.internal.ConfigInvoker.invokeConfigurations(ConfigInvoker.java:320)
	at org.testng.internal.TestMethodWorker.invokeBeforeClassMethods(TestMethodWorker.java:176)
	at org.testng.internal.TestMethodWorker.run(TestMethodWorker.java:122)
	at java.util.ArrayList.forEach(ArrayList.java:1259)
	at org.testng.TestRunner.privateRun(TestRunner.java:764)
	at org.testng.TestRunner.run(TestRunner.java:585)
	at org.testng.SuiteRunner.runTest(SuiteRunner.java:384)
	at org.testng.SuiteRunner.access$000(SuiteRunner.java:28)
	at org.testng.SuiteRunner$SuiteWorker.run(SuiteRunner.java:425)
	at org.testng.internal.thread.ThreadUtil.lambda$execute$0(ThreadUtil.java:66)
	at java.util.concurrent.FutureTask.run(FutureTask.java:266)
	at java.util.concurrent.ThreadPoolExecutor.runWorker(ThreadPoolExecutor.java:1149)
	at java.util.concurrent.ThreadPoolExecutor$Worker.run(ThreadPoolExecutor.java:624)
	at java.lang.Thread.run(Thread.java:748)
</pre></div></td>
<td>0</td>
<td>testCases.TC_012_MyAccount@4516af24</td></tr>
<tr>
<td title='testCases.TC_013_MyAccountInformation.setup()'><b>setup</b><br>Test class: testCases.TC_013_MyAccountInformation<br>Parameters: chrome</td>
<td><div><pre>java.util.MissingResourceException: Can&apos;t find bundle for base name config, locale en_US
	at java.util.ResourceBundle.throwMissingResourceException(ResourceBundle.java:1581)
	at java.util.ResourceBundle.getBundleImpl(ResourceBundle.java:1396)
	at java.util.ResourceBundle.getBundle(ResourceBundle.java:782)
	at testBase.BaseClass.setup(BaseClass.java:36)
	at java.util.ArrayList.forEach(ArrayList.java:1259)
	at java.util.concurrent.FutureTask.run(FutureTask.java:266)
	at java.util.concurrent.ThreadPoolExecutor.runWorker(ThreadPoolExecutor.java:1149)
	at java.util.concurrent.ThreadPoolExecutor$Worker.run(ThreadPoolExecutor.java:624)
	at java.lang.Thread.run(Thread.java:748)
... Removed 16 stack frames</pre></div><a href='#' onClick='toggleBox("stack-trace1984784289", this, "Click to show all stack frames", "Click to hide stack frames")'>Click to show all stack frames</a>
<div class='stack-trace' id='stack-trace1984784289'><pre>java.util.MissingResourceException: Can&apos;t find bundle for base name config, locale en_US
	at java.util.ResourceBundle.throwMissingResourceException(ResourceBundle.java:1581)
	at java.util.ResourceBundle.getBundleImpl(ResourceBundle.java:1396)
	at java.util.ResourceBundle.getBundle(ResourceBundle.java:782)
	at testBase.BaseClass.setup(BaseClass.java:36)
	at sun.reflect.NativeMethodAccessorImpl.invoke0(Native Method)
	at sun.reflect.NativeMethodAccessorImpl.invoke(NativeMethodAccessorImpl.java:62)
	at sun.reflect.DelegatingMethodAccessorImpl.invoke(DelegatingMethodAccessorImpl.java:43)
	at java.lang.reflect.Method.invoke(Method.java:498)
	at org.testng.internal.MethodInvocationHelper.invokeMethod(MethodInvocationHelper.java:132)
	at org.testng.internal.MethodInvocationHelper.invokeMethodConsideringTimeout(MethodInvocationHelper.java:61)
	at org.testng.internal.ConfigInvoker.invokeConfigurationMethod(ConfigInvoker.java:366)
	at org.testng.internal.ConfigInvoker.invokeConfigurations(ConfigInvoker.java:320)
	at org.testng.internal.TestMethodWorker.invokeBeforeClassMethods(TestMethodWorker.java:176)
	at org.testng.internal.TestMethodWorker.run(TestMethodWorker.java:122)
	at java.util.ArrayList.forEach(ArrayList.java:1259)
	at org.testng.TestRunner.privateRun(TestRunner.java:764)
	at org.testng.TestRunner.run(TestRunner.java:585)
	at org.testng.SuiteRunner.runTest(SuiteRunner.java:384)
	at org.testng.SuiteRunner.access$000(SuiteRunner.java:28)
	at org.testng.SuiteRunner$SuiteWorker.run(SuiteRunner.java:425)
	at org.testng.internal.thread.ThreadUtil.lambda$execute$0(ThreadUtil.java:66)
	at java.util.concurrent.FutureTask.run(FutureTask.java:266)
	at java.util.concurrent.ThreadPoolExecutor.runWorker(ThreadPoolExecutor.java:1149)
	at java.util.concurrent.ThreadPoolExecutor$Worker.run(ThreadPoolExecutor.java:624)
	at java.lang.Thread.run(Thread.java:748)
</pre></div></td>
<td>0</td>
<td>testCases.TC_013_MyAccountInformation@4ae82894</td></tr>
<tr>
<td title='testCases.TC_014_ChangePassword.setup()'><b>setup</b><br>Test class: testCases.TC_014_ChangePassword<br>Parameters: chrome</td>
<td><div><pre>java.util.MissingResourceException: Can&apos;t find bundle for base name config, locale en_US
	at java.util.ResourceBundle.throwMissingResourceException(ResourceBundle.java:1581)
	at java.util.ResourceBundle.getBundleImpl(ResourceBundle.java:1396)
	at java.util.ResourceBundle.getBundle(ResourceBundle.java:782)
	at testBase.BaseClass.setup(BaseClass.java:36)
	at java.util.ArrayList.forEach(ArrayList.java:1259)
	at java.util.concurrent.FutureTask.run(FutureTask.java:266)
	at java.util.concurrent.ThreadPoolExecutor.runWorker(ThreadPoolExecutor.java:1149)
	at java.util.concurrent.ThreadPoolExecutor$Worker.run(ThreadPoolExecutor.java:624)
	at java.lang.Thread.run(Thread.java:748)
... Removed 16 stack frames</pre></div><a href='#' onClick='toggleBox("stack-trace587874672", this, "Click to show all stack frames", "Click to hide stack frames")'>Click to show all stack frames</a>
<div class='stack-trace' id='stack-trace587874672'><pre>java.util.MissingResourceException: Can&apos;t find bundle for base name config, locale en_US
	at java.util.ResourceBundle.throwMissingResourceException(ResourceBundle.java:1581)
	at java.util.ResourceBundle.getBundleImpl(ResourceBundle.java:1396)
	at java.util.ResourceBundle.getBundle(ResourceBundle.java:782)
	at testBase.BaseClass.setup(BaseClass.java:36)
	at sun.reflect.NativeMethodAccessorImpl.invoke0(Native Method)
	at sun.reflect.NativeMethodAccessorImpl.invoke(NativeMethodAccessorImpl.java:62)
	at sun.reflect.DelegatingMethodAccessorImpl.invoke(DelegatingMethodAccessorImpl.java:43)
	at java.lang.reflect.Method.invoke(Method.java:498)
	at org.testng.internal.MethodInvocationHelper.invokeMethod(MethodInvocationHelper.java:132)
	at org.testng.internal.MethodInvocationHelper.invokeMethodConsideringTimeout(MethodInvocationHelper.java:61)
	at org.testng.internal.ConfigInvoker.invokeConfigurationMethod(ConfigInvoker.java:366)
	at org.testng.internal.ConfigInvoker.invokeConfigurations(ConfigInvoker.java:320)
	at org.testng.internal.TestMethodWorker.invokeBeforeClassMethods(TestMethodWorker.java:176)
	at org.testng.internal.TestMethodWorker.run(TestMethodWorker.java:122)
	at java.util.ArrayList.forEach(ArrayList.java:1259)
	at org.testng.TestRunner.privateRun(TestRunner.java:764)
	at org.testng.TestRunner.run(TestRunner.java:585)
	at org.testng.SuiteRunner.runTest(SuiteRunner.java:384)
	at org.testng.SuiteRunner.access$000(SuiteRunner.java:28)
	at org.testng.SuiteRunner$SuiteWorker.run(SuiteRunner.java:425)
	at org.testng.internal.thread.ThreadUtil.lambda$execute$0(ThreadUtil.java:66)
	at java.util.concurrent.FutureTask.run(FutureTask.java:266)
	at java.util.concurrent.ThreadPoolExecutor.runWorker(ThreadPoolExecutor.java:1149)
	at java.util.concurrent.ThreadPoolExecutor$Worker.run(ThreadPoolExecutor.java:624)
	at java.lang.Thread.run(Thread.java:748)
</pre></div></td>
<td>0</td>
<td>testCases.TC_014_ChangePassword@543788f3</td></tr>
<tr>
<td title='testCases.TC_015_AddressBook.setup()'><b>setup</b><br>Test class: testCases.TC_015_AddressBook<br>Parameters: chrome</td>
<td><div><pre>java.util.MissingResourceException: Can&apos;t find bundle for base name config, locale en_US
	at java.util.ResourceBundle.throwMissingResourceException(ResourceBundle.java:1581)
	at java.util.ResourceBundle.getBundleImpl(ResourceBundle.java:1396)
	at java.util.ResourceBundle.getBundle(ResourceBundle.java:782)
	at testBase.BaseClass.setup(BaseClass.java:36)
	at java.util.ArrayList.forEach(ArrayList.java:1259)
	at java.util.concurrent.FutureTask.run(FutureTask.java:266)
	at java.util.concurrent.ThreadPoolExecutor.runWorker(ThreadPoolExecutor.java:1149)
	at java.util.concurrent.ThreadPoolExecutor$Worker.run(ThreadPoolExecutor.java:624)
	at java.lang.Thread.run(Thread.java:748)
... Removed 16 stack frames</pre></div><a href='#' onClick='toggleBox("stack-trace1672036724", this, "Click to show all stack frames", "Click to hide stack frames")'>Click to show all stack frames</a>
<div class='stack-trace' id='stack-trace1672036724'><pre>java.util.MissingResourceException: Can&apos;t find bundle for base name config, locale en_US
	at java.util.ResourceBundle.throwMissingResourceException(ResourceBundle.java:1581)
	at java.util.ResourceBundle.getBundleImpl(ResourceBundle.java:1396)
	at java.util.ResourceBundle.getBundle(ResourceBundle.java:782)
	at testBase.BaseClass.setup(BaseClass.java:36)
	at sun.reflect.NativeMethodAccessorImpl.invoke0(Native Method)
	at sun.reflect.NativeMethodAccessorImpl.invoke(NativeMethodAccessorImpl.java:62)
	at sun.reflect.DelegatingMethodAccessorImpl.invoke(DelegatingMethodAccessorImpl.java:43)
	at java.lang.reflect.Method.invoke(Method.java:498)
	at org.testng.internal.MethodInvocationHelper.invokeMethod(MethodInvocationHelper.java:132)
	at org.testng.internal.MethodInvocationHelper.invokeMethodConsideringTimeout(MethodInvocationHelper.java:61)
	at org.testng.internal.ConfigInvoker.invokeConfigurationMethod(ConfigInvoker.java:366)
	at org.testng.internal.ConfigInvoker.invokeConfigurations(ConfigInvoker.java:320)
	at org.testng.internal.TestMethodWorker.invokeBeforeClassMethods(TestMethodWorker.java:176)
	at org.testng.internal.TestMethodWorker.run(TestMethodWorker.java:122)
	at java.util.ArrayList.forEach(ArrayList.java:1259)
	at org.testng.TestRunner.privateRun(TestRunner.java:764)
	at org.testng.TestRunner.run(TestRunner.java:585)
	at org.testng.SuiteRunner.runTest(SuiteRunner.java:384)
	at org.testng.SuiteRunner.access$000(SuiteRunner.java:28)
	at org.testng.SuiteRunner$SuiteWorker.run(SuiteRunner.java:425)
	at org.testng.internal.thread.ThreadUtil.lambda$execute$0(ThreadUtil.java:66)
	at java.util.concurrent.FutureTask.run(FutureTask.java:266)
	at java.util.concurrent.ThreadPoolExecutor.runWorker(ThreadPoolExecutor.java:1149)
	at java.util.concurrent.ThreadPoolExecutor$Worker.run(ThreadPoolExecutor.java:624)
	at java.lang.Thread.run(Thread.java:748)
</pre></div></td>
<td>0</td>
<td>testCases.TC_015_AddressBook@6d3af739</td></tr>
<tr>
<td title='testCases.TC_016_OderHistory.setup()'><b>setup</b><br>Test class: testCases.TC_016_OderHistory<br>Parameters: chrome</td>
<td><div><pre>java.util.MissingResourceException: Can&apos;t find bundle for base name config, locale en_US
	at java.util.ResourceBundle.throwMissingResourceException(ResourceBundle.java:1581)
	at java.util.ResourceBundle.getBundleImpl(ResourceBundle.java:1396)
	at java.util.ResourceBundle.getBundle(ResourceBundle.java:782)
	at testBase.BaseClass.setup(BaseClass.java:36)
	at java.util.ArrayList.forEach(ArrayList.java:1259)
	at java.util.concurrent.FutureTask.run(FutureTask.java:266)
	at java.util.concurrent.ThreadPoolExecutor.runWorker(ThreadPoolExecutor.java:1149)
	at java.util.concurrent.ThreadPoolExecutor$Worker.run(ThreadPoolExecutor.java:624)
	at java.lang.Thread.run(Thread.java:748)
... Removed 16 stack frames</pre></div><a href='#' onClick='toggleBox("stack-trace1308670468", this, "Click to show all stack frames", "Click to hide stack frames")'>Click to show all stack frames</a>
<div class='stack-trace' id='stack-trace1308670468'><pre>java.util.MissingResourceException: Can&apos;t find bundle for base name config, locale en_US
	at java.util.ResourceBundle.throwMissingResourceException(ResourceBundle.java:1581)
	at java.util.ResourceBundle.getBundleImpl(ResourceBundle.java:1396)
	at java.util.ResourceBundle.getBundle(ResourceBundle.java:782)
	at testBase.BaseClass.setup(BaseClass.java:36)
	at sun.reflect.NativeMethodAccessorImpl.invoke0(Native Method)
	at sun.reflect.NativeMethodAccessorImpl.invoke(NativeMethodAccessorImpl.java:62)
	at sun.reflect.DelegatingMethodAccessorImpl.invoke(DelegatingMethodAccessorImpl.java:43)
	at java.lang.reflect.Method.invoke(Method.java:498)
	at org.testng.internal.MethodInvocationHelper.invokeMethod(MethodInvocationHelper.java:132)
	at org.testng.internal.MethodInvocationHelper.invokeMethodConsideringTimeout(MethodInvocationHelper.java:61)
	at org.testng.internal.ConfigInvoker.invokeConfigurationMethod(ConfigInvoker.java:366)
	at org.testng.internal.ConfigInvoker.invokeConfigurations(ConfigInvoker.java:320)
	at org.testng.internal.TestMethodWorker.invokeBeforeClassMethods(TestMethodWorker.java:176)
	at org.testng.internal.TestMethodWorker.run(TestMethodWorker.java:122)
	at java.util.ArrayList.forEach(ArrayList.java:1259)
	at org.testng.TestRunner.privateRun(TestRunner.java:764)
	at org.testng.TestRunner.run(TestRunner.java:585)
	at org.testng.SuiteRunner.runTest(SuiteRunner.java:384)
	at org.testng.SuiteRunner.access$000(SuiteRunner.java:28)
	at org.testng.SuiteRunner$SuiteWorker.run(SuiteRunner.java:425)
	at org.testng.internal.thread.ThreadUtil.lambda$execute$0(ThreadUtil.java:66)
	at java.util.concurrent.FutureTask.run(FutureTask.java:266)
	at java.util.concurrent.ThreadPoolExecutor.runWorker(ThreadPoolExecutor.java:1149)
	at java.util.concurrent.ThreadPoolExecutor$Worker.run(ThreadPoolExecutor.java:624)
	at java.lang.Thread.run(Thread.java:748)
</pre></div></td>
<td>0</td>
<td>testCases.TC_016_OderHistory@1da51a35</td></tr>
<tr>
<td title='testCases.TC_017_Downloads.setup()'><b>setup</b><br>Test class: testCases.TC_017_Downloads<br>Parameters: chrome</td>
<td><div><pre>java.util.MissingResourceException: Can&apos;t find bundle for base name config, locale en_US
	at java.util.ResourceBundle.throwMissingResourceException(ResourceBundle.java:1581)
	at java.util.ResourceBundle.getBundleImpl(ResourceBundle.java:1396)
	at java.util.ResourceBundle.getBundle(ResourceBundle.java:782)
	at testBase.BaseClass.setup(BaseClass.java:36)
	at java.util.ArrayList.forEach(ArrayList.java:1259)
	at java.util.concurrent.FutureTask.run(FutureTask.java:266)
	at java.util.concurrent.ThreadPoolExecutor.runWorker(ThreadPoolExecutor.java:1149)
	at java.util.concurrent.ThreadPoolExecutor$Worker.run(ThreadPoolExecutor.java:624)
	at java.lang.Thread.run(Thread.java:748)
... Removed 15 stack frames</pre></div><a href='#' onClick='toggleBox("stack-trace1020882576", this, "Click to show all stack frames", "Click to hide stack frames")'>Click to show all stack frames</a>
<div class='stack-trace' id='stack-trace1020882576'><pre>java.util.MissingResourceException: Can&apos;t find bundle for base name config, locale en_US
	at java.util.ResourceBundle.throwMissingResourceException(ResourceBundle.java:1581)
	at java.util.ResourceBundle.getBundleImpl(ResourceBundle.java:1396)
	at java.util.ResourceBundle.getBundle(ResourceBundle.java:782)
	at testBase.BaseClass.setup(BaseClass.java:36)
	at sun.reflect.GeneratedMethodAccessor1.invoke(Unknown Source)
	at sun.reflect.DelegatingMethodAccessorImpl.invoke(DelegatingMethodAccessorImpl.java:43)
	at java.lang.reflect.Method.invoke(Method.java:498)
	at org.testng.internal.MethodInvocationHelper.invokeMethod(MethodInvocationHelper.java:132)
	at org.testng.internal.MethodInvocationHelper.invokeMethodConsideringTimeout(MethodInvocationHelper.java:61)
	at org.testng.internal.ConfigInvoker.invokeConfigurationMethod(ConfigInvoker.java:366)
	at org.testng.internal.ConfigInvoker.invokeConfigurations(ConfigInvoker.java:320)
	at org.testng.internal.TestMethodWorker.invokeBeforeClassMethods(TestMethodWorker.java:176)
	at org.testng.internal.TestMethodWorker.run(TestMethodWorker.java:122)
	at java.util.ArrayList.forEach(ArrayList.java:1259)
	at org.testng.TestRunner.privateRun(TestRunner.java:764)
	at org.testng.TestRunner.run(TestRunner.java:585)
	at org.testng.SuiteRunner.runTest(SuiteRunner.java:384)
	at org.testng.SuiteRunner.access$000(SuiteRunner.java:28)
	at org.testng.SuiteRunner$SuiteWorker.run(SuiteRunner.java:425)
	at org.testng.internal.thread.ThreadUtil.lambda$execute$0(ThreadUtil.java:66)
	at java.util.concurrent.FutureTask.run(FutureTask.java:266)
	at java.util.concurrent.ThreadPoolExecutor.runWorker(ThreadPoolExecutor.java:1149)
	at java.util.concurrent.ThreadPoolExecutor$Worker.run(ThreadPoolExecutor.java:624)
	at java.lang.Thread.run(Thread.java:748)
</pre></div></td>
<td>0</td>
<td>testCases.TC_017_Downloads@16022d9d</td></tr>
<tr>
<td title='testCases.TC_018_RewardPoints.setup()'><b>setup</b><br>Test class: testCases.TC_018_RewardPoints<br>Parameters: chrome</td>
<td><div><pre>java.util.MissingResourceException: Can&apos;t find bundle for base name config, locale en_US
	at java.util.ResourceBundle.throwMissingResourceException(ResourceBundle.java:1581)
	at java.util.ResourceBundle.getBundleImpl(ResourceBundle.java:1396)
	at java.util.ResourceBundle.getBundle(ResourceBundle.java:782)
	at testBase.BaseClass.setup(BaseClass.java:36)
	at java.util.ArrayList.forEach(ArrayList.java:1259)
	at java.util.concurrent.FutureTask.run(FutureTask.java:266)
	at java.util.concurrent.ThreadPoolExecutor.runWorker(ThreadPoolExecutor.java:1149)
	at java.util.concurrent.ThreadPoolExecutor$Worker.run(ThreadPoolExecutor.java:624)
	at java.lang.Thread.run(Thread.java:748)
... Removed 15 stack frames</pre></div><a href='#' onClick='toggleBox("stack-trace402629589", this, "Click to show all stack frames", "Click to hide stack frames")'>Click to show all stack frames</a>
<div class='stack-trace' id='stack-trace402629589'><pre>java.util.MissingResourceException: Can&apos;t find bundle for base name config, locale en_US
	at java.util.ResourceBundle.throwMissingResourceException(ResourceBundle.java:1581)
	at java.util.ResourceBundle.getBundleImpl(ResourceBundle.java:1396)
	at java.util.ResourceBundle.getBundle(ResourceBundle.java:782)
	at testBase.BaseClass.setup(BaseClass.java:36)
	at sun.reflect.GeneratedMethodAccessor1.invoke(Unknown Source)
	at sun.reflect.DelegatingMethodAccessorImpl.invoke(DelegatingMethodAccessorImpl.java:43)
	at java.lang.reflect.Method.invoke(Method.java:498)
	at org.testng.internal.MethodInvocationHelper.invokeMethod(MethodInvocationHelper.java:132)
	at org.testng.internal.MethodInvocationHelper.invokeMethodConsideringTimeout(MethodInvocationHelper.java:61)
	at org.testng.internal.ConfigInvoker.invokeConfigurationMethod(ConfigInvoker.java:366)
	at org.testng.internal.ConfigInvoker.invokeConfigurations(ConfigInvoker.java:320)
	at org.testng.internal.TestMethodWorker.invokeBeforeClassMethods(TestMethodWorker.java:176)
	at org.testng.internal.TestMethodWorker.run(TestMethodWorker.java:122)
	at java.util.ArrayList.forEach(ArrayList.java:1259)
	at org.testng.TestRunner.privateRun(TestRunner.java:764)
	at org.testng.TestRunner.run(TestRunner.java:585)
	at org.testng.SuiteRunner.runTest(SuiteRunner.java:384)
	at org.testng.SuiteRunner.access$000(SuiteRunner.java:28)
	at org.testng.SuiteRunner$SuiteWorker.run(SuiteRunner.java:425)
	at org.testng.internal.thread.ThreadUtil.lambda$execute$0(ThreadUtil.java:66)
	at java.util.concurrent.FutureTask.run(FutureTask.java:266)
	at java.util.concurrent.ThreadPoolExecutor.runWorker(ThreadPoolExecutor.java:1149)
	at java.util.concurrent.ThreadPoolExecutor$Worker.run(ThreadPoolExecutor.java:624)
	at java.lang.Thread.run(Thread.java:748)
</pre></div></td>
<td>0</td>
<td>testCases.TC_018_RewardPoints@7e9a5fbe</td></tr>
<tr>
<td title='testCases.TC_019_Returns.setup()'><b>setup</b><br>Test class: testCases.TC_019_Returns<br>Parameters: chrome</td>
<td><div><pre>java.util.MissingResourceException: Can&apos;t find bundle for base name config, locale en_US
	at java.util.ResourceBundle.throwMissingResourceException(ResourceBundle.java:1581)
	at java.util.ResourceBundle.getBundleImpl(ResourceBundle.java:1396)
	at java.util.ResourceBundle.getBundle(ResourceBundle.java:782)
	at testBase.BaseClass.setup(BaseClass.java:36)
	at java.util.ArrayList.forEach(ArrayList.java:1259)
	at java.util.concurrent.FutureTask.run(FutureTask.java:266)
	at java.util.concurrent.ThreadPoolExecutor.runWorker(ThreadPoolExecutor.java:1149)
	at java.util.concurrent.ThreadPoolExecutor$Worker.run(ThreadPoolExecutor.java:624)
	at java.lang.Thread.run(Thread.java:748)
... Removed 15 stack frames</pre></div><a href='#' onClick='toggleBox("stack-trace43725519", this, "Click to show all stack frames", "Click to hide stack frames")'>Click to show all stack frames</a>
<div class='stack-trace' id='stack-trace43725519'><pre>java.util.MissingResourceException: Can&apos;t find bundle for base name config, locale en_US
	at java.util.ResourceBundle.throwMissingResourceException(ResourceBundle.java:1581)
	at java.util.ResourceBundle.getBundleImpl(ResourceBundle.java:1396)
	at java.util.ResourceBundle.getBundle(ResourceBundle.java:782)
	at testBase.BaseClass.setup(BaseClass.java:36)
	at sun.reflect.GeneratedMethodAccessor1.invoke(Unknown Source)
	at sun.reflect.DelegatingMethodAccessorImpl.invoke(DelegatingMethodAccessorImpl.java:43)
	at java.lang.reflect.Method.invoke(Method.java:498)
	at org.testng.internal.MethodInvocationHelper.invokeMethod(MethodInvocationHelper.java:132)
	at org.testng.internal.MethodInvocationHelper.invokeMethodConsideringTimeout(MethodInvocationHelper.java:61)
	at org.testng.internal.ConfigInvoker.invokeConfigurationMethod(ConfigInvoker.java:366)
	at org.testng.internal.ConfigInvoker.invokeConfigurations(ConfigInvoker.java:320)
	at org.testng.internal.TestMethodWorker.invokeBeforeClassMethods(TestMethodWorker.java:176)
	at org.testng.internal.TestMethodWorker.run(TestMethodWorker.java:122)
	at java.util.ArrayList.forEach(ArrayList.java:1259)
	at org.testng.TestRunner.privateRun(TestRunner.java:764)
	at org.testng.TestRunner.run(TestRunner.java:585)
	at org.testng.SuiteRunner.runTest(SuiteRunner.java:384)
	at org.testng.SuiteRunner.access$000(SuiteRunner.java:28)
	at org.testng.SuiteRunner$SuiteWorker.run(SuiteRunner.java:425)
	at org.testng.internal.thread.ThreadUtil.lambda$execute$0(ThreadUtil.java:66)
	at java.util.concurrent.FutureTask.run(FutureTask.java:266)
	at java.util.concurrent.ThreadPoolExecutor.runWorker(ThreadPoolExecutor.java:1149)
	at java.util.concurrent.ThreadPoolExecutor$Worker.run(ThreadPoolExecutor.java:624)
	at java.lang.Thread.run(Thread.java:748)
</pre></div></td>
<td>0</td>
<td>testCases.TC_019_Returns@44a3ec6b</td></tr>
<tr>
<td title='testCases.TC_020_Transections.setup()'><b>setup</b><br>Test class: testCases.TC_020_Transections<br>Parameters: chrome</td>
<td><div><pre>java.util.MissingResourceException: Can&apos;t find bundle for base name config, locale en_US
	at java.util.ResourceBundle.throwMissingResourceException(ResourceBundle.java:1581)
	at java.util.ResourceBundle.getBundleImpl(ResourceBundle.java:1396)
	at java.util.ResourceBundle.getBundle(ResourceBundle.java:782)
	at testBase.BaseClass.setup(BaseClass.java:36)
	at java.util.ArrayList.forEach(ArrayList.java:1259)
	at java.util.concurrent.FutureTask.run(FutureTask.java:266)
	at java.util.concurrent.ThreadPoolExecutor.runWorker(ThreadPoolExecutor.java:1149)
	at java.util.concurrent.ThreadPoolExecutor$Worker.run(ThreadPoolExecutor.java:624)
	at java.lang.Thread.run(Thread.java:748)
... Removed 15 stack frames</pre></div><a href='#' onClick='toggleBox("stack-trace885497365", this, "Click to show all stack frames", "Click to hide stack frames")'>Click to show all stack frames</a>
<div class='stack-trace' id='stack-trace885497365'><pre>java.util.MissingResourceException: Can&apos;t find bundle for base name config, locale en_US
	at java.util.ResourceBundle.throwMissingResourceException(ResourceBundle.java:1581)
	at java.util.ResourceBundle.getBundleImpl(ResourceBundle.java:1396)
	at java.util.ResourceBundle.getBundle(ResourceBundle.java:782)
	at testBase.BaseClass.setup(BaseClass.java:36)
	at sun.reflect.GeneratedMethodAccessor1.invoke(Unknown Source)
	at sun.reflect.DelegatingMethodAccessorImpl.invoke(DelegatingMethodAccessorImpl.java:43)
	at java.lang.reflect.Method.invoke(Method.java:498)
	at org.testng.internal.MethodInvocationHelper.invokeMethod(MethodInvocationHelper.java:132)
	at org.testng.internal.MethodInvocationHelper.invokeMethodConsideringTimeout(MethodInvocationHelper.java:61)
	at org.testng.internal.ConfigInvoker.invokeConfigurationMethod(ConfigInvoker.java:366)
	at org.testng.internal.ConfigInvoker.invokeConfigurations(ConfigInvoker.java:320)
	at org.testng.internal.TestMethodWorker.invokeBeforeClassMethods(TestMethodWorker.java:176)
	at org.testng.internal.TestMethodWorker.run(TestMethodWorker.java:122)
	at java.util.ArrayList.forEach(ArrayList.java:1259)
	at org.testng.TestRunner.privateRun(TestRunner.java:764)
	at org.testng.TestRunner.run(TestRunner.java:585)
	at org.testng.SuiteRunner.runTest(SuiteRunner.java:384)
	at org.testng.SuiteRunner.access$000(SuiteRunner.java:28)
	at org.testng.SuiteRunner$SuiteWorker.run(SuiteRunner.java:425)
	at org.testng.internal.thread.ThreadUtil.lambda$execute$0(ThreadUtil.java:66)
	at java.util.concurrent.FutureTask.run(FutureTask.java:266)
	at java.util.concurrent.ThreadPoolExecutor.runWorker(ThreadPoolExecutor.java:1149)
	at java.util.concurrent.ThreadPoolExecutor$Worker.run(ThreadPoolExecutor.java:624)
	at java.lang.Thread.run(Thread.java:748)
</pre></div></td>
<td>0</td>
<td>testCases.TC_020_Transections@71623278</td></tr>
<tr>
<td title='testCases.TC_021_RecurringPayment.setup()'><b>setup</b><br>Test class: testCases.TC_021_RecurringPayment<br>Parameters: chrome</td>
<td><div><pre>java.util.MissingResourceException: Can&apos;t find bundle for base name config, locale en_US
	at java.util.ResourceBundle.throwMissingResourceException(ResourceBundle.java:1581)
	at java.util.ResourceBundle.getBundleImpl(ResourceBundle.java:1396)
	at java.util.ResourceBundle.getBundle(ResourceBundle.java:782)
	at testBase.BaseClass.setup(BaseClass.java:36)
	at java.util.ArrayList.forEach(ArrayList.java:1259)
	at java.util.concurrent.FutureTask.run(FutureTask.java:266)
	at java.util.concurrent.ThreadPoolExecutor.runWorker(ThreadPoolExecutor.java:1149)
	at java.util.concurrent.ThreadPoolExecutor$Worker.run(ThreadPoolExecutor.java:624)
	at java.lang.Thread.run(Thread.java:748)
... Removed 15 stack frames</pre></div><a href='#' onClick='toggleBox("stack-trace1735275939", this, "Click to show all stack frames", "Click to hide stack frames")'>Click to show all stack frames</a>
<div class='stack-trace' id='stack-trace1735275939'><pre>java.util.MissingResourceException: Can&apos;t find bundle for base name config, locale en_US
	at java.util.ResourceBundle.throwMissingResourceException(ResourceBundle.java:1581)
	at java.util.ResourceBundle.getBundleImpl(ResourceBundle.java:1396)
	at java.util.ResourceBundle.getBundle(ResourceBundle.java:782)
	at testBase.BaseClass.setup(BaseClass.java:36)
	at sun.reflect.GeneratedMethodAccessor1.invoke(Unknown Source)
	at sun.reflect.DelegatingMethodAccessorImpl.invoke(DelegatingMethodAccessorImpl.java:43)
	at java.lang.reflect.Method.invoke(Method.java:498)
	at org.testng.internal.MethodInvocationHelper.invokeMethod(MethodInvocationHelper.java:132)
	at org.testng.internal.MethodInvocationHelper.invokeMethodConsideringTimeout(MethodInvocationHelper.java:61)
	at org.testng.internal.ConfigInvoker.invokeConfigurationMethod(ConfigInvoker.java:366)
	at org.testng.internal.ConfigInvoker.invokeConfigurations(ConfigInvoker.java:320)
	at org.testng.internal.TestMethodWorker.invokeBeforeClassMethods(TestMethodWorker.java:176)
	at org.testng.internal.TestMethodWorker.run(TestMethodWorker.java:122)
	at java.util.ArrayList.forEach(ArrayList.java:1259)
	at org.testng.TestRunner.privateRun(TestRunner.java:764)
	at org.testng.TestRunner.run(TestRunner.java:585)
	at org.testng.SuiteRunner.runTest(SuiteRunner.java:384)
	at org.testng.SuiteRunner.access$000(SuiteRunner.java:28)
	at org.testng.SuiteRunner$SuiteWorker.run(SuiteRunner.java:425)
	at org.testng.internal.thread.ThreadUtil.lambda$execute$0(ThreadUtil.java:66)
	at java.util.concurrent.FutureTask.run(FutureTask.java:266)
	at java.util.concurrent.ThreadPoolExecutor.runWorker(ThreadPoolExecutor.java:1149)
	at java.util.concurrent.ThreadPoolExecutor$Worker.run(ThreadPoolExecutor.java:624)
	at java.lang.Thread.run(Thread.java:748)
</pre></div></td>
<td>0</td>
<td>testCases.TC_021_RecurringPayment@768b970c</td></tr>
<tr>
<td title='testCases.TC_022_Newsletter.setup()'><b>setup</b><br>Test class: testCases.TC_022_Newsletter<br>Parameters: chrome</td>
<td><div><pre>java.util.MissingResourceException: Can&apos;t find bundle for base name config, locale en_US
	at java.util.ResourceBundle.throwMissingResourceException(ResourceBundle.java:1581)
	at java.util.ResourceBundle.getBundleImpl(ResourceBundle.java:1396)
	at java.util.ResourceBundle.getBundle(ResourceBundle.java:782)
	at testBase.BaseClass.setup(BaseClass.java:36)
	at java.util.ArrayList.forEach(ArrayList.java:1259)
	at java.util.concurrent.FutureTask.run(FutureTask.java:266)
	at java.util.concurrent.ThreadPoolExecutor.runWorker(ThreadPoolExecutor.java:1149)
	at java.util.concurrent.ThreadPoolExecutor$Worker.run(ThreadPoolExecutor.java:624)
	at java.lang.Thread.run(Thread.java:748)
... Removed 15 stack frames</pre></div><a href='#' onClick='toggleBox("stack-trace1232244951", this, "Click to show all stack frames", "Click to hide stack frames")'>Click to show all stack frames</a>
<div class='stack-trace' id='stack-trace1232244951'><pre>java.util.MissingResourceException: Can&apos;t find bundle for base name config, locale en_US
	at java.util.ResourceBundle.throwMissingResourceException(ResourceBundle.java:1581)
	at java.util.ResourceBundle.getBundleImpl(ResourceBundle.java:1396)
	at java.util.ResourceBundle.getBundle(ResourceBundle.java:782)
	at testBase.BaseClass.setup(BaseClass.java:36)
	at sun.reflect.GeneratedMethodAccessor1.invoke(Unknown Source)
	at sun.reflect.DelegatingMethodAccessorImpl.invoke(DelegatingMethodAccessorImpl.java:43)
	at java.lang.reflect.Method.invoke(Method.java:498)
	at org.testng.internal.MethodInvocationHelper.invokeMethod(MethodInvocationHelper.java:132)
	at org.testng.internal.MethodInvocationHelper.invokeMethodConsideringTimeout(MethodInvocationHelper.java:61)
	at org.testng.internal.ConfigInvoker.invokeConfigurationMethod(ConfigInvoker.java:366)
	at org.testng.internal.ConfigInvoker.invokeConfigurations(ConfigInvoker.java:320)
	at org.testng.internal.TestMethodWorker.invokeBeforeClassMethods(TestMethodWorker.java:176)
	at org.testng.internal.TestMethodWorker.run(TestMethodWorker.java:122)
	at java.util.ArrayList.forEach(ArrayList.java:1259)
	at org.testng.TestRunner.privateRun(TestRunner.java:764)
	at org.testng.TestRunner.run(TestRunner.java:585)
	at org.testng.SuiteRunner.runTest(SuiteRunner.java:384)
	at org.testng.SuiteRunner.access$000(SuiteRunner.java:28)
	at org.testng.SuiteRunner$SuiteWorker.run(SuiteRunner.java:425)
	at org.testng.internal.thread.ThreadUtil.lambda$execute$0(ThreadUtil.java:66)
	at java.util.concurrent.FutureTask.run(FutureTask.java:266)
	at java.util.concurrent.ThreadPoolExecutor.runWorker(ThreadPoolExecutor.java:1149)
	at java.util.concurrent.ThreadPoolExecutor$Worker.run(ThreadPoolExecutor.java:624)
	at java.lang.Thread.run(Thread.java:748)
</pre></div></td>
<td>0</td>
<td>testCases.TC_022_Newsletter@5a4041cc</td></tr>
<tr>
<td title='testCases.TC_023_Affiliate.setup()'><b>setup</b><br>Test class: testCases.TC_023_Affiliate<br>Parameters: chrome</td>
<td><div><pre>java.util.MissingResourceException: Can&apos;t find bundle for base name config, locale en_US
	at java.util.ResourceBundle.throwMissingResourceException(ResourceBundle.java:1581)
	at java.util.ResourceBundle.getBundleImpl(ResourceBundle.java:1396)
	at java.util.ResourceBundle.getBundle(ResourceBundle.java:782)
	at testBase.BaseClass.setup(BaseClass.java:36)
	at java.util.ArrayList.forEach(ArrayList.java:1259)
	at java.util.concurrent.FutureTask.run(FutureTask.java:266)
	at java.util.concurrent.ThreadPoolExecutor.runWorker(ThreadPoolExecutor.java:1149)
	at java.util.concurrent.ThreadPoolExecutor$Worker.run(ThreadPoolExecutor.java:624)
	at java.lang.Thread.run(Thread.java:748)
... Removed 15 stack frames</pre></div><a href='#' onClick='toggleBox("stack-trace505563657", this, "Click to show all stack frames", "Click to hide stack frames")'>Click to show all stack frames</a>
<div class='stack-trace' id='stack-trace505563657'><pre>java.util.MissingResourceException: Can&apos;t find bundle for base name config, locale en_US
	at java.util.ResourceBundle.throwMissingResourceException(ResourceBundle.java:1581)
	at java.util.ResourceBundle.getBundleImpl(ResourceBundle.java:1396)
	at java.util.ResourceBundle.getBundle(ResourceBundle.java:782)
	at testBase.BaseClass.setup(BaseClass.java:36)
	at sun.reflect.GeneratedMethodAccessor1.invoke(Unknown Source)
	at sun.reflect.DelegatingMethodAccessorImpl.invoke(DelegatingMethodAccessorImpl.java:43)
	at java.lang.reflect.Method.invoke(Method.java:498)
	at org.testng.internal.MethodInvocationHelper.invokeMethod(MethodInvocationHelper.java:132)
	at org.testng.internal.MethodInvocationHelper.invokeMethodConsideringTimeout(MethodInvocationHelper.java:61)
	at org.testng.internal.ConfigInvoker.invokeConfigurationMethod(ConfigInvoker.java:366)
	at org.testng.internal.ConfigInvoker.invokeConfigurations(ConfigInvoker.java:320)
	at org.testng.internal.TestMethodWorker.invokeBeforeClassMethods(TestMethodWorker.java:176)
	at org.testng.internal.TestMethodWorker.run(TestMethodWorker.java:122)
	at java.util.ArrayList.forEach(ArrayList.java:1259)
	at org.testng.TestRunner.privateRun(TestRunner.java:764)
	at org.testng.TestRunner.run(TestRunner.java:585)
	at org.testng.SuiteRunner.runTest(SuiteRunner.java:384)
	at org.testng.SuiteRunner.access$000(SuiteRunner.java:28)
	at org.testng.SuiteRunner$SuiteWorker.run(SuiteRunner.java:425)
	at org.testng.internal.thread.ThreadUtil.lambda$execute$0(ThreadUtil.java:66)
	at java.util.concurrent.FutureTask.run(FutureTask.java:266)
	at java.util.concurrent.ThreadPoolExecutor.runWorker(ThreadPoolExecutor.java:1149)
	at java.util.concurrent.ThreadPoolExecutor$Worker.run(ThreadPoolExecutor.java:624)
	at java.lang.Thread.run(Thread.java:748)
</pre></div></td>
<td>0</td>
<td>testCases.TC_023_Affiliate@15b3e5b</td></tr>
<tr>
<td title='testCases.TC_024_ContactUs.setup()'><b>setup</b><br>Test class: testCases.TC_024_ContactUs<br>Parameters: chrome</td>
<td><div><pre>java.util.MissingResourceException: Can&apos;t find bundle for base name config, locale en_US
	at java.util.ResourceBundle.throwMissingResourceException(ResourceBundle.java:1581)
	at java.util.ResourceBundle.getBundleImpl(ResourceBundle.java:1396)
	at java.util.ResourceBundle.getBundle(ResourceBundle.java:782)
	at testBase.BaseClass.setup(BaseClass.java:36)
	at java.util.ArrayList.forEach(ArrayList.java:1259)
	at java.util.concurrent.FutureTask.run(FutureTask.java:266)
	at java.util.concurrent.ThreadPoolExecutor.runWorker(ThreadPoolExecutor.java:1149)
	at java.util.concurrent.ThreadPoolExecutor$Worker.run(ThreadPoolExecutor.java:624)
	at java.lang.Thread.run(Thread.java:748)
... Removed 15 stack frames</pre></div><a href='#' onClick='toggleBox("stack-trace1821199831", this, "Click to show all stack frames", "Click to hide stack frames")'>Click to show all stack frames</a>
<div class='stack-trace' id='stack-trace1821199831'><pre>java.util.MissingResourceException: Can&apos;t find bundle for base name config, locale en_US
	at java.util.ResourceBundle.throwMissingResourceException(ResourceBundle.java:1581)
	at java.util.ResourceBundle.getBundleImpl(ResourceBundle.java:1396)
	at java.util.ResourceBundle.getBundle(ResourceBundle.java:782)
	at testBase.BaseClass.setup(BaseClass.java:36)
	at sun.reflect.GeneratedMethodAccessor1.invoke(Unknown Source)
	at sun.reflect.DelegatingMethodAccessorImpl.invoke(DelegatingMethodAccessorImpl.java:43)
	at java.lang.reflect.Method.invoke(Method.java:498)
	at org.testng.internal.MethodInvocationHelper.invokeMethod(MethodInvocationHelper.java:132)
	at org.testng.internal.MethodInvocationHelper.invokeMethodConsideringTimeout(MethodInvocationHelper.java:61)
	at org.testng.internal.ConfigInvoker.invokeConfigurationMethod(ConfigInvoker.java:366)
	at org.testng.internal.ConfigInvoker.invokeConfigurations(ConfigInvoker.java:320)
	at org.testng.internal.TestMethodWorker.invokeBeforeClassMethods(TestMethodWorker.java:176)
	at org.testng.internal.TestMethodWorker.run(TestMethodWorker.java:122)
	at java.util.ArrayList.forEach(ArrayList.java:1259)
	at org.testng.TestRunner.privateRun(TestRunner.java:764)
	at org.testng.TestRunner.run(TestRunner.java:585)
	at org.testng.SuiteRunner.runTest(SuiteRunner.java:384)
	at org.testng.SuiteRunner.access$000(SuiteRunner.java:28)
	at org.testng.SuiteRunner$SuiteWorker.run(SuiteRunner.java:425)
	at org.testng.internal.thread.ThreadUtil.lambda$execute$0(ThreadUtil.java:66)
	at java.util.concurrent.FutureTask.run(FutureTask.java:266)
	at java.util.concurrent.ThreadPoolExecutor.runWorker(ThreadPoolExecutor.java:1149)
	at java.util.concurrent.ThreadPoolExecutor$Worker.run(ThreadPoolExecutor.java:624)
	at java.lang.Thread.run(Thread.java:748)
</pre></div></td>
<td>0</td>
<td>testCases.TC_024_ContactUs@61ca2dfa</td></tr>
<tr>
<td title='testCases.TC_025_SpecialOffer.setup()'><b>setup</b><br>Test class: testCases.TC_025_SpecialOffer<br>Parameters: chrome</td>
<td><div><pre>java.util.MissingResourceException: Can&apos;t find bundle for base name config, locale en_US
	at java.util.ResourceBundle.throwMissingResourceException(ResourceBundle.java:1581)
	at java.util.ResourceBundle.getBundleImpl(ResourceBundle.java:1396)
	at java.util.ResourceBundle.getBundle(ResourceBundle.java:782)
	at testBase.BaseClass.setup(BaseClass.java:36)
	at java.util.ArrayList.forEach(ArrayList.java:1259)
	at java.util.concurrent.FutureTask.run(FutureTask.java:266)
	at java.util.concurrent.ThreadPoolExecutor.runWorker(ThreadPoolExecutor.java:1149)
	at java.util.concurrent.ThreadPoolExecutor$Worker.run(ThreadPoolExecutor.java:624)
	at java.lang.Thread.run(Thread.java:748)
... Removed 15 stack frames</pre></div><a href='#' onClick='toggleBox("stack-trace608449797", this, "Click to show all stack frames", "Click to hide stack frames")'>Click to show all stack frames</a>
<div class='stack-trace' id='stack-trace608449797'><pre>java.util.MissingResourceException: Can&apos;t find bundle for base name config, locale en_US
	at java.util.ResourceBundle.throwMissingResourceException(ResourceBundle.java:1581)
	at java.util.ResourceBundle.getBundleImpl(ResourceBundle.java:1396)
	at java.util.ResourceBundle.getBundle(ResourceBundle.java:782)
	at testBase.BaseClass.setup(BaseClass.java:36)
	at sun.reflect.GeneratedMethodAccessor1.invoke(Unknown Source)
	at sun.reflect.DelegatingMethodAccessorImpl.invoke(DelegatingMethodAccessorImpl.java:43)
	at java.lang.reflect.Method.invoke(Method.java:498)
	at org.testng.internal.MethodInvocationHelper.invokeMethod(MethodInvocationHelper.java:132)
	at org.testng.internal.MethodInvocationHelper.invokeMethodConsideringTimeout(MethodInvocationHelper.java:61)
	at org.testng.internal.ConfigInvoker.invokeConfigurationMethod(ConfigInvoker.java:366)
	at org.testng.internal.ConfigInvoker.invokeConfigurations(ConfigInvoker.java:320)
	at org.testng.internal.TestMethodWorker.invokeBeforeClassMethods(TestMethodWorker.java:176)
	at org.testng.internal.TestMethodWorker.run(TestMethodWorker.java:122)
	at java.util.ArrayList.forEach(ArrayList.java:1259)
	at org.testng.TestRunner.privateRun(TestRunner.java:764)
	at org.testng.TestRunner.run(TestRunner.java:585)
	at org.testng.SuiteRunner.runTest(SuiteRunner.java:384)
	at org.testng.SuiteRunner.access$000(SuiteRunner.java:28)
	at org.testng.SuiteRunner$SuiteWorker.run(SuiteRunner.java:425)
	at org.testng.internal.thread.ThreadUtil.lambda$execute$0(ThreadUtil.java:66)
	at java.util.concurrent.FutureTask.run(FutureTask.java:266)
	at java.util.concurrent.ThreadPoolExecutor.runWorker(ThreadPoolExecutor.java:1149)
	at java.util.concurrent.ThreadPoolExecutor$Worker.run(ThreadPoolExecutor.java:624)
	at java.lang.Thread.run(Thread.java:748)
</pre></div></td>
<td>0</td>
<td>testCases.TC_025_SpecialOffer@4b53f538</td></tr>
<tr>
<td title='testCases.TC_026_HeaderMenuFooterOptions.setup()'><b>setup</b><br>Test class: testCases.TC_026_HeaderMenuFooterOptions<br>Parameters: chrome</td>
<td><div><pre>java.util.MissingResourceException: Can&apos;t find bundle for base name config, locale en_US
	at java.util.ResourceBundle.throwMissingResourceException(ResourceBundle.java:1581)
	at java.util.ResourceBundle.getBundleImpl(ResourceBundle.java:1396)
	at java.util.ResourceBundle.getBundle(ResourceBundle.java:782)
	at testBase.BaseClass.setup(BaseClass.java:36)
	at java.util.ArrayList.forEach(ArrayList.java:1259)
	at java.util.concurrent.FutureTask.run(FutureTask.java:266)
	at java.util.concurrent.ThreadPoolExecutor.runWorker(ThreadPoolExecutor.java:1149)
	at java.util.concurrent.ThreadPoolExecutor$Worker.run(ThreadPoolExecutor.java:624)
	at java.lang.Thread.run(Thread.java:748)
... Removed 15 stack frames</pre></div><a href='#' onClick='toggleBox("stack-trace1874996795", this, "Click to show all stack frames", "Click to hide stack frames")'>Click to show all stack frames</a>
<div class='stack-trace' id='stack-trace1874996795'><pre>java.util.MissingResourceException: Can&apos;t find bundle for base name config, locale en_US
	at java.util.ResourceBundle.throwMissingResourceException(ResourceBundle.java:1581)
	at java.util.ResourceBundle.getBundleImpl(ResourceBundle.java:1396)
	at java.util.ResourceBundle.getBundle(ResourceBundle.java:782)
	at testBase.BaseClass.setup(BaseClass.java:36)
	at sun.reflect.GeneratedMethodAccessor1.invoke(Unknown Source)
	at sun.reflect.DelegatingMethodAccessorImpl.invoke(DelegatingMethodAccessorImpl.java:43)
	at java.lang.reflect.Method.invoke(Method.java:498)
	at org.testng.internal.MethodInvocationHelper.invokeMethod(MethodInvocationHelper.java:132)
	at org.testng.internal.MethodInvocationHelper.invokeMethodConsideringTimeout(MethodInvocationHelper.java:61)
	at org.testng.internal.ConfigInvoker.invokeConfigurationMethod(ConfigInvoker.java:366)
	at org.testng.internal.ConfigInvoker.invokeConfigurations(ConfigInvoker.java:320)
	at org.testng.internal.TestMethodWorker.invokeBeforeClassMethods(TestMethodWorker.java:176)
	at org.testng.internal.TestMethodWorker.run(TestMethodWorker.java:122)
	at java.util.ArrayList.forEach(ArrayList.java:1259)
	at org.testng.TestRunner.privateRun(TestRunner.java:764)
	at org.testng.TestRunner.run(TestRunner.java:585)
	at org.testng.SuiteRunner.runTest(SuiteRunner.java:384)
	at org.testng.SuiteRunner.access$000(SuiteRunner.java:28)
	at org.testng.SuiteRunner$SuiteWorker.run(SuiteRunner.java:425)
	at org.testng.internal.thread.ThreadUtil.lambda$execute$0(ThreadUtil.java:66)
	at java.util.concurrent.FutureTask.run(FutureTask.java:266)
	at java.util.concurrent.ThreadPoolExecutor.runWorker(ThreadPoolExecutor.java:1149)
	at java.util.concurrent.ThreadPoolExecutor$Worker.run(ThreadPoolExecutor.java:624)
	at java.lang.Thread.run(Thread.java:748)
</pre></div></td>
<td>0</td>
<td>testCases.TC_026_HeaderMenuFooterOptions@134593bf</td></tr>
<tr>
<td title='testCases.TC_027_GiftCertificate.setup()'><b>setup</b><br>Test class: testCases.TC_027_GiftCertificate<br>Parameters: chrome</td>
<td><div><pre>java.util.MissingResourceException: Can&apos;t find bundle for base name config, locale en_US
	at java.util.ResourceBundle.throwMissingResourceException(ResourceBundle.java:1581)
	at java.util.ResourceBundle.getBundleImpl(ResourceBundle.java:1396)
	at java.util.ResourceBundle.getBundle(ResourceBundle.java:782)
	at testBase.BaseClass.setup(BaseClass.java:36)
	at java.util.ArrayList.forEach(ArrayList.java:1259)
	at java.util.concurrent.FutureTask.run(FutureTask.java:266)
	at java.util.concurrent.ThreadPoolExecutor.runWorker(ThreadPoolExecutor.java:1149)
	at java.util.concurrent.ThreadPoolExecutor$Worker.run(ThreadPoolExecutor.java:624)
	at java.lang.Thread.run(Thread.java:748)
... Removed 15 stack frames</pre></div><a href='#' onClick='toggleBox("stack-trace1362083502", this, "Click to show all stack frames", "Click to hide stack frames")'>Click to show all stack frames</a>
<div class='stack-trace' id='stack-trace1362083502'><pre>java.util.MissingResourceException: Can&apos;t find bundle for base name config, locale en_US
	at java.util.ResourceBundle.throwMissingResourceException(ResourceBundle.java:1581)
	at java.util.ResourceBundle.getBundleImpl(ResourceBundle.java:1396)
	at java.util.ResourceBundle.getBundle(ResourceBundle.java:782)
	at testBase.BaseClass.setup(BaseClass.java:36)
	at sun.reflect.GeneratedMethodAccessor1.invoke(Unknown Source)
	at sun.reflect.DelegatingMethodAccessorImpl.invoke(DelegatingMethodAccessorImpl.java:43)
	at java.lang.reflect.Method.invoke(Method.java:498)
	at org.testng.internal.MethodInvocationHelper.invokeMethod(MethodInvocationHelper.java:132)
	at org.testng.internal.MethodInvocationHelper.invokeMethodConsideringTimeout(MethodInvocationHelper.java:61)
	at org.testng.internal.ConfigInvoker.invokeConfigurationMethod(ConfigInvoker.java:366)
	at org.testng.internal.ConfigInvoker.invokeConfigurations(ConfigInvoker.java:320)
	at org.testng.internal.TestMethodWorker.invokeBeforeClassMethods(TestMethodWorker.java:176)
	at org.testng.internal.TestMethodWorker.run(TestMethodWorker.java:122)
	at java.util.ArrayList.forEach(ArrayList.java:1259)
	at org.testng.TestRunner.privateRun(TestRunner.java:764)
	at org.testng.TestRunner.run(TestRunner.java:585)
	at org.testng.SuiteRunner.runTest(SuiteRunner.java:384)
	at org.testng.SuiteRunner.access$000(SuiteRunner.java:28)
	at org.testng.SuiteRunner$SuiteWorker.run(SuiteRunner.java:425)
	at org.testng.internal.thread.ThreadUtil.lambda$execute$0(ThreadUtil.java:66)
	at java.util.concurrent.FutureTask.run(FutureTask.java:266)
	at java.util.concurrent.ThreadPoolExecutor.runWorker(ThreadPoolExecutor.java:1149)
	at java.util.concurrent.ThreadPoolExecutor$Worker.run(ThreadPoolExecutor.java:624)
	at java.lang.Thread.run(Thread.java:748)
</pre></div></td>
<td>0</td>
<td>testCases.TC_027_GiftCertificate@4bb4de6a</td></tr>
<tr>
<td title='testCases.TC_028_Currency.setup()'><b>setup</b><br>Test class: testCases.TC_028_Currency<br>Parameters: chrome</td>
<td><div><pre>java.util.MissingResourceException: Can&apos;t find bundle for base name config, locale en_US
	at java.util.ResourceBundle.throwMissingResourceException(ResourceBundle.java:1581)
	at java.util.ResourceBundle.getBundleImpl(ResourceBundle.java:1396)
	at java.util.ResourceBundle.getBundle(ResourceBundle.java:782)
	at testBase.BaseClass.setup(BaseClass.java:36)
	at java.util.ArrayList.forEach(ArrayList.java:1259)
	at java.util.concurrent.FutureTask.run(FutureTask.java:266)
	at java.util.concurrent.ThreadPoolExecutor.runWorker(ThreadPoolExecutor.java:1149)
	at java.util.concurrent.ThreadPoolExecutor$Worker.run(ThreadPoolExecutor.java:624)
	at java.lang.Thread.run(Thread.java:748)
... Removed 15 stack frames</pre></div><a href='#' onClick='toggleBox("stack-trace1634023003", this, "Click to show all stack frames", "Click to hide stack frames")'>Click to show all stack frames</a>
<div class='stack-trace' id='stack-trace1634023003'><pre>java.util.MissingResourceException: Can&apos;t find bundle for base name config, locale en_US
	at java.util.ResourceBundle.throwMissingResourceException(ResourceBundle.java:1581)
	at java.util.ResourceBundle.getBundleImpl(ResourceBundle.java:1396)
	at java.util.ResourceBundle.getBundle(ResourceBundle.java:782)
	at testBase.BaseClass.setup(BaseClass.java:36)
	at sun.reflect.GeneratedMethodAccessor1.invoke(Unknown Source)
	at sun.reflect.DelegatingMethodAccessorImpl.invoke(DelegatingMethodAccessorImpl.java:43)
	at java.lang.reflect.Method.invoke(Method.java:498)
	at org.testng.internal.MethodInvocationHelper.invokeMethod(MethodInvocationHelper.java:132)
	at org.testng.internal.MethodInvocationHelper.invokeMethodConsideringTimeout(MethodInvocationHelper.java:61)
	at org.testng.internal.ConfigInvoker.invokeConfigurationMethod(ConfigInvoker.java:366)
	at org.testng.internal.ConfigInvoker.invokeConfigurations(ConfigInvoker.java:320)
	at org.testng.internal.TestMethodWorker.invokeBeforeClassMethods(TestMethodWorker.java:176)
	at org.testng.internal.TestMethodWorker.run(TestMethodWorker.java:122)
	at java.util.ArrayList.forEach(ArrayList.java:1259)
	at org.testng.TestRunner.privateRun(TestRunner.java:764)
	at org.testng.TestRunner.run(TestRunner.java:585)
	at org.testng.SuiteRunner.runTest(SuiteRunner.java:384)
	at org.testng.SuiteRunner.access$000(SuiteRunner.java:28)
	at org.testng.SuiteRunner$SuiteWorker.run(SuiteRunner.java:425)
	at org.testng.internal.thread.ThreadUtil.lambda$execute$0(ThreadUtil.java:66)
	at java.util.concurrent.FutureTask.run(FutureTask.java:266)
	at java.util.concurrent.ThreadPoolExecutor.runWorker(ThreadPoolExecutor.java:1149)
	at java.util.concurrent.ThreadPoolExecutor$Worker.run(ThreadPoolExecutor.java:624)
	at java.lang.Thread.run(Thread.java:748)
</pre></div></td>
<td>0</td>
<td>testCases.TC_028_Currency@7ba18f1b</td></tr>
</table><p>
<table width='100%' border='1' class='invocation-skipped'>
<tr><td colspan='4' align='center'><b>SKIPPED CONFIGURATIONS</b></td></tr>
<tr><td><b>Test method</b></td>
<td width="30%"><b>Exception</b></td>
<td width="10%"><b>Time (seconds)</b></td>
<td><b>Instance</b></td>
</tr>
<tr>
<td title='testCases.TC_001_AccountRegistration.teadDown()'><b>teadDown</b><br>Test class: testCases.TC_001_AccountRegistration</td>
<td></td>
<td>-1651086520</td>
<td>testCases.TC_001_AccountRegistration@6dde5c8c</td></tr>
<tr>
<td title='testCases.TC_002_Login.teadDown()'><b>teadDown</b><br>Test class: testCases.TC_002_Login</td>
<td></td>
<td>-1651086520</td>
<td>testCases.TC_002_Login@5123a213</td></tr>
<tr>
<td title='testCases.TC_003_LoginDDT.teadDown()'><b>teadDown</b><br>Test class: testCases.TC_003_LoginDDT</td>
<td></td>
<td>-1651086521</td>
<td>testCases.TC_003_LoginDDT@52525845</td></tr>
<tr>
<td title='testCases.TC_004Search.teadDown()'><b>teadDown</b><br>Test class: testCases.TC_004Search</td>
<td></td>
<td>-1651086521</td>
<td>testCases.TC_004Search@3b94d659</td></tr>
<tr>
<td title='testCases.TC_005_Addcart.teadDown()'><b>teadDown</b><br>Test class: testCases.TC_005_Addcart</td>
<td></td>
<td>-1651086521</td>
<td>testCases.TC_005_Addcart@24b1d79b</td></tr>
<tr>
<td title='testCases.TC_006_ProductCompare.teadDown()'><b>teadDown</b><br>Test class: testCases.TC_006_ProductCompare</td>
<td></td>
<td>-1651086521</td>
<td>testCases.TC_006_ProductCompare@68ceda24</td></tr>
<tr>
<td title='testCases.TC_007_WishList.teadDown()'><b>teadDown</b><br>Test class: testCases.TC_007_WishList</td>
<td></td>
<td>-1651086521</td>
<td>testCases.TC_007_WishList@281e3708</td></tr>
<tr>
<td title='testCases.TC_008_ProductDisplayPage.teadDown()'><b>teadDown</b><br>Test class: testCases.TC_008_ProductDisplayPage</td>
<td></td>
<td>-1651086521</td>
<td>testCases.TC_008_ProductDisplayPage@35a50a4c</td></tr>
<tr>
<td title='testCases.TC_009_ForgotPassword.teadDown()'><b>teadDown</b><br>Test class: testCases.TC_009_ForgotPassword</td>
<td></td>
<td>-1651086521</td>
<td>testCases.TC_009_ForgotPassword@1f021e6c</td></tr>
<tr>
<td title='testCases.TC_010_ShoppingCart.teadDown()'><b>teadDown</b><br>Test class: testCases.TC_010_ShoppingCart</td>
<td></td>
<td>-1651086521</td>
<td>testCases.TC_010_ShoppingCart@103f852</td></tr>
<tr>
<td title='testCases.TC_011_Checkout.teadDown()'><b>teadDown</b><br>Test class: testCases.TC_011_Checkout</td>
<td></td>
<td>-1651086521</td>
<td>testCases.TC_011_Checkout@587c290d</td></tr>
<tr>
<td title='testCases.TC_012_MyAccount.teadDown()'><b>teadDown</b><br>Test class: testCases.TC_012_MyAccount</td>
<td></td>
<td>-1651086521</td>
<td>testCases.TC_012_MyAccount@4516af24</td></tr>
<tr>
<td title='testCases.TC_013_MyAccountInformation.teadDown()'><b>teadDown</b><br>Test class: testCases.TC_013_MyAccountInformation</td>
<td></td>
<td>-1651086521</td>
<td>testCases.TC_013_MyAccountInformation@4ae82894</td></tr>
<tr>
<td title='testCases.TC_014_ChangePassword.teadDown()'><b>teadDown</b><br>Test class: testCases.TC_014_ChangePassword</td>
<td></td>
<td>-1651086521</td>
<td>testCases.TC_014_ChangePassword@543788f3</td></tr>
<tr>
<td title='testCases.TC_015_AddressBook.teadDown()'><b>teadDown</b><br>Test class: testCases.TC_015_AddressBook</td>
<td></td>
<td>-1651086521</td>
<td>testCases.TC_015_AddressBook@6d3af739</td></tr>
<tr>
<td title='testCases.TC_016_OderHistory.teadDown()'><b>teadDown</b><br>Test class: testCases.TC_016_OderHistory</td>
<td></td>
<td>-1651086521</td>
<td>testCases.TC_016_OderHistory@1da51a35</td></tr>
<tr>
<td title='testCases.TC_017_Downloads.teadDown()'><b>teadDown</b><br>Test class: testCases.TC_017_Downloads</td>
<td></td>
<td>-1651086521</td>
<td>testCases.TC_017_Downloads@16022d9d</td></tr>
<tr>
<td title='testCases.TC_018_RewardPoints.teadDown()'><b>teadDown</b><br>Test class: testCases.TC_018_RewardPoints</td>
<td></td>
<td>-1651086521</td>
<td>testCases.TC_018_RewardPoints@7e9a5fbe</td></tr>
<tr>
<td title='testCases.TC_019_Returns.teadDown()'><b>teadDown</b><br>Test class: testCases.TC_019_Returns</td>
<td></td>
<td>-1651086521</td>
<td>testCases.TC_019_Returns@44a3ec6b</td></tr>
<tr>
<td title='testCases.TC_020_Transections.teadDown()'><b>teadDown</b><br>Test class: testCases.TC_020_Transections</td>
<td></td>
<td>-1651086521</td>
<td>testCases.TC_020_Transections@71623278</td></tr>
<tr>
<td title='testCases.TC_021_RecurringPayment.teadDown()'><b>teadDown</b><br>Test class: testCases.TC_021_RecurringPayment</td>
<td></td>
<td>-1651086521</td>
<td>testCases.TC_021_RecurringPayment@768b970c</td></tr>
<tr>
<td title='testCases.TC_022_Newsletter.teadDown()'><b>teadDown</b><br>Test class: testCases.TC_022_Newsletter</td>
<td></td>
<td>-1651086521</td>
<td>testCases.TC_022_Newsletter@5a4041cc</td></tr>
<tr>
<td title='testCases.TC_023_Affiliate.teadDown()'><b>teadDown</b><br>Test class: testCases.TC_023_Affiliate</td>
<td></td>
<td>-1651086521</td>
<td>testCases.TC_023_Affiliate@15b3e5b</td></tr>
<tr>
<td title='testCases.TC_024_ContactUs.teadDown()'><b>teadDown</b><br>Test class: testCases.TC_024_ContactUs</td>
<td></td>
<td>-1651086521</td>
<td>testCases.TC_024_ContactUs@61ca2dfa</td></tr>
<tr>
<td title='testCases.TC_025_SpecialOffer.teadDown()'><b>teadDown</b><br>Test class: testCases.TC_025_SpecialOffer</td>
<td></td>
<td>-1651086521</td>
<td>testCases.TC_025_SpecialOffer@4b53f538</td></tr>
<tr>
<td title='testCases.TC_026_HeaderMenuFooterOptions.teadDown()'><b>teadDown</b><br>Test class: testCases.TC_026_HeaderMenuFooterOptions</td>
<td></td>
<td>-1651086522</td>
<td>testCases.TC_026_HeaderMenuFooterOptions@134593bf</td></tr>
<tr>
<td title='testCases.TC_027_GiftCertificate.teadDown()'><b>teadDown</b><br>Test class: testCases.TC_027_GiftCertificate</td>
<td></td>
<td>-1651086522</td>
<td>testCases.TC_027_GiftCertificate@4bb4de6a</td></tr>
<tr>
<td title='testCases.TC_028_Currency.teadDown()'><b>teadDown</b><br>Test class: testCases.TC_028_Currency</td>
<td></td>
<td>-1651086522</td>
<td>testCases.TC_028_Currency@7ba18f1b</td></tr>
</table><p>
<table width='100%' border='1' class='invocation-skipped'>
<tr><td colspan='4' align='center'><b>SKIPPED TESTS</b></td></tr>
<tr><td><b>Test method</b></td>
<td width="30%"><b>Exception</b></td>
<td width="10%"><b>Time (seconds)</b></td>
<td><b>Instance</b></td>
</tr>
<tr>
<td title='testCases.TC_015_AddressBook.test_Addressbook()'><b>test_Addressbook</b><br>Test class: testCases.TC_015_AddressBook</td>
<td><div><pre>java.util.MissingResourceException: Can&apos;t find bundle for base name config, locale en_US
	at java.util.ResourceBundle.throwMissingResourceException(ResourceBundle.java:1581)
	at java.util.ResourceBundle.getBundleImpl(ResourceBundle.java:1396)
	at java.util.ResourceBundle.getBundle(ResourceBundle.java:782)
	at testBase.BaseClass.setup(BaseClass.java:36)
	at java.util.ArrayList.forEach(ArrayList.java:1259)
	at java.util.concurrent.FutureTask.run(FutureTask.java:266)
	at java.util.concurrent.ThreadPoolExecutor.runWorker(ThreadPoolExecutor.java:1149)
	at java.util.concurrent.ThreadPoolExecutor$Worker.run(ThreadPoolExecutor.java:624)
	at java.lang.Thread.run(Thread.java:748)
... Removed 16 stack frames</pre></div><a href='#' onClick='toggleBox("stack-trace726535220", this, "Click to show all stack frames", "Click to hide stack frames")'>Click to show all stack frames</a>
<div class='stack-trace' id='stack-trace726535220'><pre>java.util.MissingResourceException: Can&apos;t find bundle for base name config, locale en_US
	at java.util.ResourceBundle.throwMissingResourceException(ResourceBundle.java:1581)
	at java.util.ResourceBundle.getBundleImpl(ResourceBundle.java:1396)
	at java.util.ResourceBundle.getBundle(ResourceBundle.java:782)
	at testBase.BaseClass.setup(BaseClass.java:36)
	at sun.reflect.NativeMethodAccessorImpl.invoke0(Native Method)
	at sun.reflect.NativeMethodAccessorImpl.invoke(NativeMethodAccessorImpl.java:62)
	at sun.reflect.DelegatingMethodAccessorImpl.invoke(DelegatingMethodAccessorImpl.java:43)
	at java.lang.reflect.Method.invoke(Method.java:498)
	at org.testng.internal.MethodInvocationHelper.invokeMethod(MethodInvocationHelper.java:132)
	at org.testng.internal.MethodInvocationHelper.invokeMethodConsideringTimeout(MethodInvocationHelper.java:61)
	at org.testng.internal.ConfigInvoker.invokeConfigurationMethod(ConfigInvoker.java:366)
	at org.testng.internal.ConfigInvoker.invokeConfigurations(ConfigInvoker.java:320)
	at org.testng.internal.TestMethodWorker.invokeBeforeClassMethods(TestMethodWorker.java:176)
	at org.testng.internal.TestMethodWorker.run(TestMethodWorker.java:122)
	at java.util.ArrayList.forEach(ArrayList.java:1259)
	at org.testng.TestRunner.privateRun(TestRunner.java:764)
	at org.testng.TestRunner.run(TestRunner.java:585)
	at org.testng.SuiteRunner.runTest(SuiteRunner.java:384)
	at org.testng.SuiteRunner.access$000(SuiteRunner.java:28)
	at org.testng.SuiteRunner$SuiteWorker.run(SuiteRunner.java:425)
	at org.testng.internal.thread.ThreadUtil.lambda$execute$0(ThreadUtil.java:66)
	at java.util.concurrent.FutureTask.run(FutureTask.java:266)
	at java.util.concurrent.ThreadPoolExecutor.runWorker(ThreadPoolExecutor.java:1149)
	at java.util.concurrent.ThreadPoolExecutor$Worker.run(ThreadPoolExecutor.java:624)
	at java.lang.Thread.run(Thread.java:748)
</pre></div></td>
<td>0</td>
<td>testCases.TC_015_AddressBook@6d3af739</td></tr>
<tr>
<td title='testCases.TC_026_HeaderMenuFooterOptions.test_HeaderFooterMenuOptions()'><b>test_HeaderFooterMenuOptions</b><br>Test class: testCases.TC_026_HeaderMenuFooterOptions</td>
<td><div><pre>java.util.MissingResourceException: Can&apos;t find bundle for base name config, locale en_US
	at java.util.ResourceBundle.throwMissingResourceException(ResourceBundle.java:1581)
	at java.util.ResourceBundle.getBundleImpl(ResourceBundle.java:1396)
	at java.util.ResourceBundle.getBundle(ResourceBundle.java:782)
	at testBase.BaseClass.setup(BaseClass.java:36)
	at java.util.ArrayList.forEach(ArrayList.java:1259)
	at java.util.concurrent.FutureTask.run(FutureTask.java:266)
	at java.util.concurrent.ThreadPoolExecutor.runWorker(ThreadPoolExecutor.java:1149)
	at java.util.concurrent.ThreadPoolExecutor$Worker.run(ThreadPoolExecutor.java:624)
	at java.lang.Thread.run(Thread.java:748)
... Removed 15 stack frames</pre></div><a href='#' onClick='toggleBox("stack-trace1935424327", this, "Click to show all stack frames", "Click to hide stack frames")'>Click to show all stack frames</a>
<div class='stack-trace' id='stack-trace1935424327'><pre>java.util.MissingResourceException: Can&apos;t find bundle for base name config, locale en_US
	at java.util.ResourceBundle.throwMissingResourceException(ResourceBundle.java:1581)
	at java.util.ResourceBundle.getBundleImpl(ResourceBundle.java:1396)
	at java.util.ResourceBundle.getBundle(ResourceBundle.java:782)
	at testBase.BaseClass.setup(BaseClass.java:36)
	at sun.reflect.GeneratedMethodAccessor1.invoke(Unknown Source)
	at sun.reflect.DelegatingMethodAccessorImpl.invoke(DelegatingMethodAccessorImpl.java:43)
	at java.lang.reflect.Method.invoke(Method.java:498)
	at org.testng.internal.MethodInvocationHelper.invokeMethod(MethodInvocationHelper.java:132)
	at org.testng.internal.MethodInvocationHelper.invokeMethodConsideringTimeout(MethodInvocationHelper.java:61)
	at org.testng.internal.ConfigInvoker.invokeConfigurationMethod(ConfigInvoker.java:366)
	at org.testng.internal.ConfigInvoker.invokeConfigurations(ConfigInvoker.java:320)
	at org.testng.internal.TestMethodWorker.invokeBeforeClassMethods(TestMethodWorker.java:176)
	at org.testng.internal.TestMethodWorker.run(TestMethodWorker.java:122)
	at java.util.ArrayList.forEach(ArrayList.java:1259)
	at org.testng.TestRunner.privateRun(TestRunner.java:764)
	at org.testng.TestRunner.run(TestRunner.java:585)
	at org.testng.SuiteRunner.runTest(SuiteRunner.java:384)
	at org.testng.SuiteRunner.access$000(SuiteRunner.java:28)
	at org.testng.SuiteRunner$SuiteWorker.run(SuiteRunner.java:425)
	at org.testng.internal.thread.ThreadUtil.lambda$execute$0(ThreadUtil.java:66)
	at java.util.concurrent.FutureTask.run(FutureTask.java:266)
	at java.util.concurrent.ThreadPoolExecutor.runWorker(ThreadPoolExecutor.java:1149)
	at java.util.concurrent.ThreadPoolExecutor$Worker.run(ThreadPoolExecutor.java:624)
	at java.lang.Thread.run(Thread.java:748)
</pre></div></td>
<td>0</td>
<td>testCases.TC_026_HeaderMenuFooterOptions@134593bf</td></tr>
<tr>
<td title='testCases.TC_027_GiftCertificate.test_HeaderFooterMenuOptions()'><b>test_HeaderFooterMenuOptions</b><br>Test class: testCases.TC_027_GiftCertificate</td>
<td><div><pre>java.util.MissingResourceException: Can&apos;t find bundle for base name config, locale en_US
	at java.util.ResourceBundle.throwMissingResourceException(ResourceBundle.java:1581)
	at java.util.ResourceBundle.getBundleImpl(ResourceBundle.java:1396)
	at java.util.ResourceBundle.getBundle(ResourceBundle.java:782)
	at testBase.BaseClass.setup(BaseClass.java:36)
	at java.util.ArrayList.forEach(ArrayList.java:1259)
	at java.util.concurrent.FutureTask.run(FutureTask.java:266)
	at java.util.concurrent.ThreadPoolExecutor.runWorker(ThreadPoolExecutor.java:1149)
	at java.util.concurrent.ThreadPoolExecutor$Worker.run(ThreadPoolExecutor.java:624)
	at java.lang.Thread.run(Thread.java:748)
... Removed 15 stack frames</pre></div><a href='#' onClick='toggleBox("stack-trace1437055850", this, "Click to show all stack frames", "Click to hide stack frames")'>Click to show all stack frames</a>
<div class='stack-trace' id='stack-trace1437055850'><pre>java.util.MissingResourceException: Can&apos;t find bundle for base name config, locale en_US
	at java.util.ResourceBundle.throwMissingResourceException(ResourceBundle.java:1581)
	at java.util.ResourceBundle.getBundleImpl(ResourceBundle.java:1396)
	at java.util.ResourceBundle.getBundle(ResourceBundle.java:782)
	at testBase.BaseClass.setup(BaseClass.java:36)
	at sun.reflect.GeneratedMethodAccessor1.invoke(Unknown Source)
	at sun.reflect.DelegatingMethodAccessorImpl.invoke(DelegatingMethodAccessorImpl.java:43)
	at java.lang.reflect.Method.invoke(Method.java:498)
	at org.testng.internal.MethodInvocationHelper.invokeMethod(MethodInvocationHelper.java:132)
	at org.testng.internal.MethodInvocationHelper.invokeMethodConsideringTimeout(MethodInvocationHelper.java:61)
	at org.testng.internal.ConfigInvoker.invokeConfigurationMethod(ConfigInvoker.java:366)
	at org.testng.internal.ConfigInvoker.invokeConfigurations(ConfigInvoker.java:320)
	at org.testng.internal.TestMethodWorker.invokeBeforeClassMethods(TestMethodWorker.java:176)
	at org.testng.internal.TestMethodWorker.run(TestMethodWorker.java:122)
	at java.util.ArrayList.forEach(ArrayList.java:1259)
	at org.testng.TestRunner.privateRun(TestRunner.java:764)
	at org.testng.TestRunner.run(TestRunner.java:585)
	at org.testng.SuiteRunner.runTest(SuiteRunner.java:384)
	at org.testng.SuiteRunner.access$000(SuiteRunner.java:28)
	at org.testng.SuiteRunner$SuiteWorker.run(SuiteRunner.java:425)
	at org.testng.internal.thread.ThreadUtil.lambda$execute$0(ThreadUtil.java:66)
	at java.util.concurrent.FutureTask.run(FutureTask.java:266)
	at java.util.concurrent.ThreadPoolExecutor.runWorker(ThreadPoolExecutor.java:1149)
	at java.util.concurrent.ThreadPoolExecutor$Worker.run(ThreadPoolExecutor.java:624)
	at java.lang.Thread.run(Thread.java:748)
</pre></div></td>
<td>0</td>
<td>testCases.TC_027_GiftCertificate@4bb4de6a</td></tr>
<tr>
<td title='testCases.TC_002_Login.test_Login()'><b>test_Login</b><br>Test class: testCases.TC_002_Login</td>
<td><div><pre>java.util.MissingResourceException: Can&apos;t find bundle for base name config, locale en_US
	at java.util.ResourceBundle.throwMissingResourceException(ResourceBundle.java:1581)
	at java.util.ResourceBundle.getBundleImpl(ResourceBundle.java:1396)
	at java.util.ResourceBundle.getBundle(ResourceBundle.java:782)
	at testBase.BaseClass.setup(BaseClass.java:36)
	at java.util.ArrayList.forEach(ArrayList.java:1259)
	at java.util.concurrent.FutureTask.run(FutureTask.java:266)
	at java.util.concurrent.ThreadPoolExecutor.runWorker(ThreadPoolExecutor.java:1149)
	at java.util.concurrent.ThreadPoolExecutor$Worker.run(ThreadPoolExecutor.java:624)
	at java.lang.Thread.run(Thread.java:748)
... Removed 16 stack frames</pre></div><a href='#' onClick='toggleBox("stack-trace2069743653", this, "Click to show all stack frames", "Click to hide stack frames")'>Click to show all stack frames</a>
<div class='stack-trace' id='stack-trace2069743653'><pre>java.util.MissingResourceException: Can&apos;t find bundle for base name config, locale en_US
	at java.util.ResourceBundle.throwMissingResourceException(ResourceBundle.java:1581)
	at java.util.ResourceBundle.getBundleImpl(ResourceBundle.java:1396)
	at java.util.ResourceBundle.getBundle(ResourceBundle.java:782)
	at testBase.BaseClass.setup(BaseClass.java:36)
	at sun.reflect.NativeMethodAccessorImpl.invoke0(Native Method)
	at sun.reflect.NativeMethodAccessorImpl.invoke(NativeMethodAccessorImpl.java:62)
	at sun.reflect.DelegatingMethodAccessorImpl.invoke(DelegatingMethodAccessorImpl.java:43)
	at java.lang.reflect.Method.invoke(Method.java:498)
	at org.testng.internal.MethodInvocationHelper.invokeMethod(MethodInvocationHelper.java:132)
	at org.testng.internal.MethodInvocationHelper.invokeMethodConsideringTimeout(MethodInvocationHelper.java:61)
	at org.testng.internal.ConfigInvoker.invokeConfigurationMethod(ConfigInvoker.java:366)
	at org.testng.internal.ConfigInvoker.invokeConfigurations(ConfigInvoker.java:320)
	at org.testng.internal.TestMethodWorker.invokeBeforeClassMethods(TestMethodWorker.java:176)
	at org.testng.internal.TestMethodWorker.run(TestMethodWorker.java:122)
	at java.util.ArrayList.forEach(ArrayList.java:1259)
	at org.testng.TestRunner.privateRun(TestRunner.java:764)
	at org.testng.TestRunner.run(TestRunner.java:585)
	at org.testng.SuiteRunner.runTest(SuiteRunner.java:384)
	at org.testng.SuiteRunner.access$000(SuiteRunner.java:28)
	at org.testng.SuiteRunner$SuiteWorker.run(SuiteRunner.java:425)
	at org.testng.internal.thread.ThreadUtil.lambda$execute$0(ThreadUtil.java:66)
	at java.util.concurrent.FutureTask.run(FutureTask.java:266)
	at java.util.concurrent.ThreadPoolExecutor.runWorker(ThreadPoolExecutor.java:1149)
	at java.util.concurrent.ThreadPoolExecutor$Worker.run(ThreadPoolExecutor.java:624)
	at java.lang.Thread.run(Thread.java:748)
</pre></div></td>
<td>0</td>
<td>testCases.TC_002_Login@5123a213</td></tr>
<tr>
<td title='testCases.TC_003_LoginDDT.test_LoginDDT()'><b>test_LoginDDT</b><br>Test class: testCases.TC_003_LoginDDT<br>Parameters: srivenfamily@yahoo.com, project1234, Valid</td>
<td><div><pre>java.util.MissingResourceException: Can&apos;t find bundle for base name config, locale en_US
	at java.util.ResourceBundle.throwMissingResourceException(ResourceBundle.java:1581)
	at java.util.ResourceBundle.getBundleImpl(ResourceBundle.java:1396)
	at java.util.ResourceBundle.getBundle(ResourceBundle.java:782)
	at testBase.BaseClass.setup(BaseClass.java:36)
	at java.util.ArrayList.forEach(ArrayList.java:1259)
	at java.util.concurrent.FutureTask.run(FutureTask.java:266)
	at java.util.concurrent.ThreadPoolExecutor.runWorker(ThreadPoolExecutor.java:1149)
	at java.util.concurrent.ThreadPoolExecutor$Worker.run(ThreadPoolExecutor.java:624)
	at java.lang.Thread.run(Thread.java:748)
... Removed 16 stack frames</pre></div><a href='#' onClick='toggleBox("stack-trace1747200818", this, "Click to show all stack frames", "Click to hide stack frames")'>Click to show all stack frames</a>
<div class='stack-trace' id='stack-trace1747200818'><pre>java.util.MissingResourceException: Can&apos;t find bundle for base name config, locale en_US
	at java.util.ResourceBundle.throwMissingResourceException(ResourceBundle.java:1581)
	at java.util.ResourceBundle.getBundleImpl(ResourceBundle.java:1396)
	at java.util.ResourceBundle.getBundle(ResourceBundle.java:782)
	at testBase.BaseClass.setup(BaseClass.java:36)
	at sun.reflect.NativeMethodAccessorImpl.invoke0(Native Method)
	at sun.reflect.NativeMethodAccessorImpl.invoke(NativeMethodAccessorImpl.java:62)
	at sun.reflect.DelegatingMethodAccessorImpl.invoke(DelegatingMethodAccessorImpl.java:43)
	at java.lang.reflect.Method.invoke(Method.java:498)
	at org.testng.internal.MethodInvocationHelper.invokeMethod(MethodInvocationHelper.java:132)
	at org.testng.internal.MethodInvocationHelper.invokeMethodConsideringTimeout(MethodInvocationHelper.java:61)
	at org.testng.internal.ConfigInvoker.invokeConfigurationMethod(ConfigInvoker.java:366)
	at org.testng.internal.ConfigInvoker.invokeConfigurations(ConfigInvoker.java:320)
	at org.testng.internal.TestMethodWorker.invokeBeforeClassMethods(TestMethodWorker.java:176)
	at org.testng.internal.TestMethodWorker.run(TestMethodWorker.java:122)
	at java.util.ArrayList.forEach(ArrayList.java:1259)
	at org.testng.TestRunner.privateRun(TestRunner.java:764)
	at org.testng.TestRunner.run(TestRunner.java:585)
	at org.testng.SuiteRunner.runTest(SuiteRunner.java:384)
	at org.testng.SuiteRunner.access$000(SuiteRunner.java:28)
	at org.testng.SuiteRunner$SuiteWorker.run(SuiteRunner.java:425)
	at org.testng.internal.thread.ThreadUtil.lambda$execute$0(ThreadUtil.java:66)
	at java.util.concurrent.FutureTask.run(FutureTask.java:266)
	at java.util.concurrent.ThreadPoolExecutor.runWorker(ThreadPoolExecutor.java:1149)
	at java.util.concurrent.ThreadPoolExecutor$Worker.run(ThreadPoolExecutor.java:624)
	at java.lang.Thread.run(Thread.java:748)
</pre></div></td>
<td>0</td>
<td>testCases.TC_003_LoginDDT@52525845</td></tr>
<tr>
<td title='testCases.TC_003_LoginDDT.test_LoginDDT()'><b>test_LoginDDT</b><br>Test class: testCases.TC_003_LoginDDT<br>Parameters: lakshmi@yahoo.com, Laxmi, Invalid</td>
<td><div><pre>java.util.MissingResourceException: Can&apos;t find bundle for base name config, locale en_US
	at java.util.ResourceBundle.throwMissingResourceException(ResourceBundle.java:1581)
	at java.util.ResourceBundle.getBundleImpl(ResourceBundle.java:1396)
	at java.util.ResourceBundle.getBundle(ResourceBundle.java:782)
	at testBase.BaseClass.setup(BaseClass.java:36)
	at java.util.ArrayList.forEach(ArrayList.java:1259)
	at java.util.concurrent.FutureTask.run(FutureTask.java:266)
	at java.util.concurrent.ThreadPoolExecutor.runWorker(ThreadPoolExecutor.java:1149)
	at java.util.concurrent.ThreadPoolExecutor$Worker.run(ThreadPoolExecutor.java:624)
	at java.lang.Thread.run(Thread.java:748)
... Removed 16 stack frames</pre></div><a href='#' onClick='toggleBox("stack-trace1793715967", this, "Click to show all stack frames", "Click to hide stack frames")'>Click to show all stack frames</a>
<div class='stack-trace' id='stack-trace1793715967'><pre>java.util.MissingResourceException: Can&apos;t find bundle for base name config, locale en_US
	at java.util.ResourceBundle.throwMissingResourceException(ResourceBundle.java:1581)
	at java.util.ResourceBundle.getBundleImpl(ResourceBundle.java:1396)
	at java.util.ResourceBundle.getBundle(ResourceBundle.java:782)
	at testBase.BaseClass.setup(BaseClass.java:36)
	at sun.reflect.NativeMethodAccessorImpl.invoke0(Native Method)
	at sun.reflect.NativeMethodAccessorImpl.invoke(NativeMethodAccessorImpl.java:62)
	at sun.reflect.DelegatingMethodAccessorImpl.invoke(DelegatingMethodAccessorImpl.java:43)
	at java.lang.reflect.Method.invoke(Method.java:498)
	at org.testng.internal.MethodInvocationHelper.invokeMethod(MethodInvocationHelper.java:132)
	at org.testng.internal.MethodInvocationHelper.invokeMethodConsideringTimeout(MethodInvocationHelper.java:61)
	at org.testng.internal.ConfigInvoker.invokeConfigurationMethod(ConfigInvoker.java:366)
	at org.testng.internal.ConfigInvoker.invokeConfigurations(ConfigInvoker.java:320)
	at org.testng.internal.TestMethodWorker.invokeBeforeClassMethods(TestMethodWorker.java:176)
	at org.testng.internal.TestMethodWorker.run(TestMethodWorker.java:122)
	at java.util.ArrayList.forEach(ArrayList.java:1259)
	at org.testng.TestRunner.privateRun(TestRunner.java:764)
	at org.testng.TestRunner.run(TestRunner.java:585)
	at org.testng.SuiteRunner.runTest(SuiteRunner.java:384)
	at org.testng.SuiteRunner.access$000(SuiteRunner.java:28)
	at org.testng.SuiteRunner$SuiteWorker.run(SuiteRunner.java:425)
	at org.testng.internal.thread.ThreadUtil.lambda$execute$0(ThreadUtil.java:66)
	at java.util.concurrent.FutureTask.run(FutureTask.java:266)
	at java.util.concurrent.ThreadPoolExecutor.runWorker(ThreadPoolExecutor.java:1149)
	at java.util.concurrent.ThreadPoolExecutor$Worker.run(ThreadPoolExecutor.java:624)
	at java.lang.Thread.run(Thread.java:748)
</pre></div></td>
<td>0</td>
<td>testCases.TC_003_LoginDDT@52525845</td></tr>
<tr>
<td title='testCases.TC_003_LoginDDT.test_LoginDDT()'><b>test_LoginDDT</b><br>Test class: testCases.TC_003_LoginDDT<br>Parameters: laksh@yahoo.com, Lakshmi, Invalid</td>
<td><div><pre>java.util.MissingResourceException: Can&apos;t find bundle for base name config, locale en_US
	at java.util.ResourceBundle.throwMissingResourceException(ResourceBundle.java:1581)
	at java.util.ResourceBundle.getBundleImpl(ResourceBundle.java:1396)
	at java.util.ResourceBundle.getBundle(ResourceBundle.java:782)
	at testBase.BaseClass.setup(BaseClass.java:36)
	at java.util.ArrayList.forEach(ArrayList.java:1259)
	at java.util.concurrent.FutureTask.run(FutureTask.java:266)
	at java.util.concurrent.ThreadPoolExecutor.runWorker(ThreadPoolExecutor.java:1149)
	at java.util.concurrent.ThreadPoolExecutor$Worker.run(ThreadPoolExecutor.java:624)
	at java.lang.Thread.run(Thread.java:748)
... Removed 16 stack frames</pre></div><a href='#' onClick='toggleBox("stack-trace712452701", this, "Click to show all stack frames", "Click to hide stack frames")'>Click to show all stack frames</a>
<div class='stack-trace' id='stack-trace712452701'><pre>java.util.MissingResourceException: Can&apos;t find bundle for base name config, locale en_US
	at java.util.ResourceBundle.throwMissingResourceException(ResourceBundle.java:1581)
	at java.util.ResourceBundle.getBundleImpl(ResourceBundle.java:1396)
	at java.util.ResourceBundle.getBundle(ResourceBundle.java:782)
	at testBase.BaseClass.setup(BaseClass.java:36)
	at sun.reflect.NativeMethodAccessorImpl.invoke0(Native Method)
	at sun.reflect.NativeMethodAccessorImpl.invoke(NativeMethodAccessorImpl.java:62)
	at sun.reflect.DelegatingMethodAccessorImpl.invoke(DelegatingMethodAccessorImpl.java:43)
	at java.lang.reflect.Method.invoke(Method.java:498)
	at org.testng.internal.MethodInvocationHelper.invokeMethod(MethodInvocationHelper.java:132)
	at org.testng.internal.MethodInvocationHelper.invokeMethodConsideringTimeout(MethodInvocationHelper.java:61)
	at org.testng.internal.ConfigInvoker.invokeConfigurationMethod(ConfigInvoker.java:366)
	at org.testng.internal.ConfigInvoker.invokeConfigurations(ConfigInvoker.java:320)
	at org.testng.internal.TestMethodWorker.invokeBeforeClassMethods(TestMethodWorker.java:176)
	at org.testng.internal.TestMethodWorker.run(TestMethodWorker.java:122)
	at java.util.ArrayList.forEach(ArrayList.java:1259)
	at org.testng.TestRunner.privateRun(TestRunner.java:764)
	at org.testng.TestRunner.run(TestRunner.java:585)
	at org.testng.SuiteRunner.runTest(SuiteRunner.java:384)
	at org.testng.SuiteRunner.access$000(SuiteRunner.java:28)
	at org.testng.SuiteRunner$SuiteWorker.run(SuiteRunner.java:425)
	at org.testng.internal.thread.ThreadUtil.lambda$execute$0(ThreadUtil.java:66)
	at java.util.concurrent.FutureTask.run(FutureTask.java:266)
	at java.util.concurrent.ThreadPoolExecutor.runWorker(ThreadPoolExecutor.java:1149)
	at java.util.concurrent.ThreadPoolExecutor$Worker.run(ThreadPoolExecutor.java:624)
	at java.lang.Thread.run(Thread.java:748)
</pre></div></td>
<td>0</td>
<td>testCases.TC_003_LoginDDT@52525845</td></tr>
<tr>
<td title='testCases.TC_003_LoginDDT.test_LoginDDT()'><b>test_LoginDDT</b><br>Test class: testCases.TC_003_LoginDDT<br>Parameters: laks@yahoo.com, xyz, Invalid</td>
<td><div><pre>java.util.MissingResourceException: Can&apos;t find bundle for base name config, locale en_US
	at java.util.ResourceBundle.throwMissingResourceException(ResourceBundle.java:1581)
	at java.util.ResourceBundle.getBundleImpl(ResourceBundle.java:1396)
	at java.util.ResourceBundle.getBundle(ResourceBundle.java:782)
	at testBase.BaseClass.setup(BaseClass.java:36)
	at java.util.ArrayList.forEach(ArrayList.java:1259)
	at java.util.concurrent.FutureTask.run(FutureTask.java:266)
	at java.util.concurrent.ThreadPoolExecutor.runWorker(ThreadPoolExecutor.java:1149)
	at java.util.concurrent.ThreadPoolExecutor$Worker.run(ThreadPoolExecutor.java:624)
	at java.lang.Thread.run(Thread.java:748)
... Removed 16 stack frames</pre></div><a href='#' onClick='toggleBox("stack-trace726912813", this, "Click to show all stack frames", "Click to hide stack frames")'>Click to show all stack frames</a>
<div class='stack-trace' id='stack-trace726912813'><pre>java.util.MissingResourceException: Can&apos;t find bundle for base name config, locale en_US
	at java.util.ResourceBundle.throwMissingResourceException(ResourceBundle.java:1581)
	at java.util.ResourceBundle.getBundleImpl(ResourceBundle.java:1396)
	at java.util.ResourceBundle.getBundle(ResourceBundle.java:782)
	at testBase.BaseClass.setup(BaseClass.java:36)
	at sun.reflect.NativeMethodAccessorImpl.invoke0(Native Method)
	at sun.reflect.NativeMethodAccessorImpl.invoke(NativeMethodAccessorImpl.java:62)
	at sun.reflect.DelegatingMethodAccessorImpl.invoke(DelegatingMethodAccessorImpl.java:43)
	at java.lang.reflect.Method.invoke(Method.java:498)
	at org.testng.internal.MethodInvocationHelper.invokeMethod(MethodInvocationHelper.java:132)
	at org.testng.internal.MethodInvocationHelper.invokeMethodConsideringTimeout(MethodInvocationHelper.java:61)
	at org.testng.internal.ConfigInvoker.invokeConfigurationMethod(ConfigInvoker.java:366)
	at org.testng.internal.ConfigInvoker.invokeConfigurations(ConfigInvoker.java:320)
	at org.testng.internal.TestMethodWorker.invokeBeforeClassMethods(TestMethodWorker.java:176)
	at org.testng.internal.TestMethodWorker.run(TestMethodWorker.java:122)
	at java.util.ArrayList.forEach(ArrayList.java:1259)
	at org.testng.TestRunner.privateRun(TestRunner.java:764)
	at org.testng.TestRunner.run(TestRunner.java:585)
	at org.testng.SuiteRunner.runTest(SuiteRunner.java:384)
	at org.testng.SuiteRunner.access$000(SuiteRunner.java:28)
	at org.testng.SuiteRunner$SuiteWorker.run(SuiteRunner.java:425)
	at org.testng.internal.thread.ThreadUtil.lambda$execute$0(ThreadUtil.java:66)
	at java.util.concurrent.FutureTask.run(FutureTask.java:266)
	at java.util.concurrent.ThreadPoolExecutor.runWorker(ThreadPoolExecutor.java:1149)
	at java.util.concurrent.ThreadPoolExecutor$Worker.run(ThreadPoolExecutor.java:624)
	at java.lang.Thread.run(Thread.java:748)
</pre></div></td>
<td>0</td>
<td>testCases.TC_003_LoginDDT@52525845</td></tr>
<tr>
<td title='testCases.TC_013_MyAccountInformation.test_MyAccountInformation()'><b>test_MyAccountInformation</b><br>Test class: testCases.TC_013_MyAccountInformation</td>
<td><div><pre>java.util.MissingResourceException: Can&apos;t find bundle for base name config, locale en_US
	at java.util.ResourceBundle.throwMissingResourceException(ResourceBundle.java:1581)
	at java.util.ResourceBundle.getBundleImpl(ResourceBundle.java:1396)
	at java.util.ResourceBundle.getBundle(ResourceBundle.java:782)
	at testBase.BaseClass.setup(BaseClass.java:36)
	at java.util.ArrayList.forEach(ArrayList.java:1259)
	at java.util.concurrent.FutureTask.run(FutureTask.java:266)
	at java.util.concurrent.ThreadPoolExecutor.runWorker(ThreadPoolExecutor.java:1149)
	at java.util.concurrent.ThreadPoolExecutor$Worker.run(ThreadPoolExecutor.java:624)
	at java.lang.Thread.run(Thread.java:748)
... Removed 16 stack frames</pre></div><a href='#' onClick='toggleBox("stack-trace455605937", this, "Click to show all stack frames", "Click to hide stack frames")'>Click to show all stack frames</a>
<div class='stack-trace' id='stack-trace455605937'><pre>java.util.MissingResourceException: Can&apos;t find bundle for base name config, locale en_US
	at java.util.ResourceBundle.throwMissingResourceException(ResourceBundle.java:1581)
	at java.util.ResourceBundle.getBundleImpl(ResourceBundle.java:1396)
	at java.util.ResourceBundle.getBundle(ResourceBundle.java:782)
	at testBase.BaseClass.setup(BaseClass.java:36)
	at sun.reflect.NativeMethodAccessorImpl.invoke0(Native Method)
	at sun.reflect.NativeMethodAccessorImpl.invoke(NativeMethodAccessorImpl.java:62)
	at sun.reflect.DelegatingMethodAccessorImpl.invoke(DelegatingMethodAccessorImpl.java:43)
	at java.lang.reflect.Method.invoke(Method.java:498)
	at org.testng.internal.MethodInvocationHelper.invokeMethod(MethodInvocationHelper.java:132)
	at org.testng.internal.MethodInvocationHelper.invokeMethodConsideringTimeout(MethodInvocationHelper.java:61)
	at org.testng.internal.ConfigInvoker.invokeConfigurationMethod(ConfigInvoker.java:366)
	at org.testng.internal.ConfigInvoker.invokeConfigurations(ConfigInvoker.java:320)
	at org.testng.internal.TestMethodWorker.invokeBeforeClassMethods(TestMethodWorker.java:176)
	at org.testng.internal.TestMethodWorker.run(TestMethodWorker.java:122)
	at java.util.ArrayList.forEach(ArrayList.java:1259)
	at org.testng.TestRunner.privateRun(TestRunner.java:764)
	at org.testng.TestRunner.run(TestRunner.java:585)
	at org.testng.SuiteRunner.runTest(SuiteRunner.java:384)
	at org.testng.SuiteRunner.access$000(SuiteRunner.java:28)
	at org.testng.SuiteRunner$SuiteWorker.run(SuiteRunner.java:425)
	at org.testng.internal.thread.ThreadUtil.lambda$execute$0(ThreadUtil.java:66)
	at java.util.concurrent.FutureTask.run(FutureTask.java:266)
	at java.util.concurrent.ThreadPoolExecutor.runWorker(ThreadPoolExecutor.java:1149)
	at java.util.concurrent.ThreadPoolExecutor$Worker.run(ThreadPoolExecutor.java:624)
	at java.lang.Thread.run(Thread.java:748)
</pre></div></td>
<td>0</td>
<td>testCases.TC_013_MyAccountInformation@4ae82894</td></tr>
<tr>
<td title='testCases.TC_012_MyAccount.test_Myaccount()'><b>test_Myaccount</b><br>Test class: testCases.TC_012_MyAccount</td>
<td><div><pre>java.util.MissingResourceException: Can&apos;t find bundle for base name config, locale en_US
	at java.util.ResourceBundle.throwMissingResourceException(ResourceBundle.java:1581)
	at java.util.ResourceBundle.getBundleImpl(ResourceBundle.java:1396)
	at java.util.ResourceBundle.getBundle(ResourceBundle.java:782)
	at testBase.BaseClass.setup(BaseClass.java:36)
	at java.util.ArrayList.forEach(ArrayList.java:1259)
	at java.util.concurrent.FutureTask.run(FutureTask.java:266)
	at java.util.concurrent.ThreadPoolExecutor.runWorker(ThreadPoolExecutor.java:1149)
	at java.util.concurrent.ThreadPoolExecutor$Worker.run(ThreadPoolExecutor.java:624)
	at java.lang.Thread.run(Thread.java:748)
... Removed 16 stack frames</pre></div><a href='#' onClick='toggleBox("stack-trace2070317006", this, "Click to show all stack frames", "Click to hide stack frames")'>Click to show all stack frames</a>
<div class='stack-trace' id='stack-trace2070317006'><pre>java.util.MissingResourceException: Can&apos;t find bundle for base name config, locale en_US
	at java.util.ResourceBundle.throwMissingResourceException(ResourceBundle.java:1581)
	at java.util.ResourceBundle.getBundleImpl(ResourceBundle.java:1396)
	at java.util.ResourceBundle.getBundle(ResourceBundle.java:782)
	at testBase.BaseClass.setup(BaseClass.java:36)
	at sun.reflect.NativeMethodAccessorImpl.invoke0(Native Method)
	at sun.reflect.NativeMethodAccessorImpl.invoke(NativeMethodAccessorImpl.java:62)
	at sun.reflect.DelegatingMethodAccessorImpl.invoke(DelegatingMethodAccessorImpl.java:43)
	at java.lang.reflect.Method.invoke(Method.java:498)
	at org.testng.internal.MethodInvocationHelper.invokeMethod(MethodInvocationHelper.java:132)
	at org.testng.internal.MethodInvocationHelper.invokeMethodConsideringTimeout(MethodInvocationHelper.java:61)
	at org.testng.internal.ConfigInvoker.invokeConfigurationMethod(ConfigInvoker.java:366)
	at org.testng.internal.ConfigInvoker.invokeConfigurations(ConfigInvoker.java:320)
	at org.testng.internal.TestMethodWorker.invokeBeforeClassMethods(TestMethodWorker.java:176)
	at org.testng.internal.TestMethodWorker.run(TestMethodWorker.java:122)
	at java.util.ArrayList.forEach(ArrayList.java:1259)
	at org.testng.TestRunner.privateRun(TestRunner.java:764)
	at org.testng.TestRunner.run(TestRunner.java:585)
	at org.testng.SuiteRunner.runTest(SuiteRunner.java:384)
	at org.testng.SuiteRunner.access$000(SuiteRunner.java:28)
	at org.testng.SuiteRunner$SuiteWorker.run(SuiteRunner.java:425)
	at org.testng.internal.thread.ThreadUtil.lambda$execute$0(ThreadUtil.java:66)
	at java.util.concurrent.FutureTask.run(FutureTask.java:266)
	at java.util.concurrent.ThreadPoolExecutor.runWorker(ThreadPoolExecutor.java:1149)
	at java.util.concurrent.ThreadPoolExecutor$Worker.run(ThreadPoolExecutor.java:624)
	at java.lang.Thread.run(Thread.java:748)
</pre></div></td>
<td>0</td>
<td>testCases.TC_012_MyAccount@4516af24</td></tr>
<tr>
<td title='testCases.TC_022_Newsletter.test_Newletter()'><b>test_Newletter</b><br>Test class: testCases.TC_022_Newsletter</td>
<td><div><pre>java.util.MissingResourceException: Can&apos;t find bundle for base name config, locale en_US
	at java.util.ResourceBundle.throwMissingResourceException(ResourceBundle.java:1581)
	at java.util.ResourceBundle.getBundleImpl(ResourceBundle.java:1396)
	at java.util.ResourceBundle.getBundle(ResourceBundle.java:782)
	at testBase.BaseClass.setup(BaseClass.java:36)
	at java.util.ArrayList.forEach(ArrayList.java:1259)
	at java.util.concurrent.FutureTask.run(FutureTask.java:266)
	at java.util.concurrent.ThreadPoolExecutor.runWorker(ThreadPoolExecutor.java:1149)
	at java.util.concurrent.ThreadPoolExecutor$Worker.run(ThreadPoolExecutor.java:624)
	at java.lang.Thread.run(Thread.java:748)
... Removed 15 stack frames</pre></div><a href='#' onClick='toggleBox("stack-trace1087851071", this, "Click to show all stack frames", "Click to hide stack frames")'>Click to show all stack frames</a>
<div class='stack-trace' id='stack-trace1087851071'><pre>java.util.MissingResourceException: Can&apos;t find bundle for base name config, locale en_US
	at java.util.ResourceBundle.throwMissingResourceException(ResourceBundle.java:1581)
	at java.util.ResourceBundle.getBundleImpl(ResourceBundle.java:1396)
	at java.util.ResourceBundle.getBundle(ResourceBundle.java:782)
	at testBase.BaseClass.setup(BaseClass.java:36)
	at sun.reflect.GeneratedMethodAccessor1.invoke(Unknown Source)
	at sun.reflect.DelegatingMethodAccessorImpl.invoke(DelegatingMethodAccessorImpl.java:43)
	at java.lang.reflect.Method.invoke(Method.java:498)
	at org.testng.internal.MethodInvocationHelper.invokeMethod(MethodInvocationHelper.java:132)
	at org.testng.internal.MethodInvocationHelper.invokeMethodConsideringTimeout(MethodInvocationHelper.java:61)
	at org.testng.internal.ConfigInvoker.invokeConfigurationMethod(ConfigInvoker.java:366)
	at org.testng.internal.ConfigInvoker.invokeConfigurations(ConfigInvoker.java:320)
	at org.testng.internal.TestMethodWorker.invokeBeforeClassMethods(TestMethodWorker.java:176)
	at org.testng.internal.TestMethodWorker.run(TestMethodWorker.java:122)
	at java.util.ArrayList.forEach(ArrayList.java:1259)
	at org.testng.TestRunner.privateRun(TestRunner.java:764)
	at org.testng.TestRunner.run(TestRunner.java:585)
	at org.testng.SuiteRunner.runTest(SuiteRunner.java:384)
	at org.testng.SuiteRunner.access$000(SuiteRunner.java:28)
	at org.testng.SuiteRunner$SuiteWorker.run(SuiteRunner.java:425)
	at org.testng.internal.thread.ThreadUtil.lambda$execute$0(ThreadUtil.java:66)
	at java.util.concurrent.FutureTask.run(FutureTask.java:266)
	at java.util.concurrent.ThreadPoolExecutor.runWorker(ThreadPoolExecutor.java:1149)
	at java.util.concurrent.ThreadPoolExecutor$Worker.run(ThreadPoolExecutor.java:624)
	at java.lang.Thread.run(Thread.java:748)
</pre></div></td>
<td>0</td>
<td>testCases.TC_022_Newsletter@5a4041cc</td></tr>
<tr>
<td title='testCases.TC_023_Affiliate.test_Newletter()'><b>test_Newletter</b><br>Test class: testCases.TC_023_Affiliate</td>
<td><div><pre>java.util.MissingResourceException: Can&apos;t find bundle for base name config, locale en_US
	at java.util.ResourceBundle.throwMissingResourceException(ResourceBundle.java:1581)
	at java.util.ResourceBundle.getBundleImpl(ResourceBundle.java:1396)
	at java.util.ResourceBundle.getBundle(ResourceBundle.java:782)
	at testBase.BaseClass.setup(BaseClass.java:36)
	at java.util.ArrayList.forEach(ArrayList.java:1259)
	at java.util.concurrent.FutureTask.run(FutureTask.java:266)
	at java.util.concurrent.ThreadPoolExecutor.runWorker(ThreadPoolExecutor.java:1149)
	at java.util.concurrent.ThreadPoolExecutor$Worker.run(ThreadPoolExecutor.java:624)
	at java.lang.Thread.run(Thread.java:748)
... Removed 15 stack frames</pre></div><a href='#' onClick='toggleBox("stack-trace2110674170", this, "Click to show all stack frames", "Click to hide stack frames")'>Click to show all stack frames</a>
<div class='stack-trace' id='stack-trace2110674170'><pre>java.util.MissingResourceException: Can&apos;t find bundle for base name config, locale en_US
	at java.util.ResourceBundle.throwMissingResourceException(ResourceBundle.java:1581)
	at java.util.ResourceBundle.getBundleImpl(ResourceBundle.java:1396)
	at java.util.ResourceBundle.getBundle(ResourceBundle.java:782)
	at testBase.BaseClass.setup(BaseClass.java:36)
	at sun.reflect.GeneratedMethodAccessor1.invoke(Unknown Source)
	at sun.reflect.DelegatingMethodAccessorImpl.invoke(DelegatingMethodAccessorImpl.java:43)
	at java.lang.reflect.Method.invoke(Method.java:498)
	at org.testng.internal.MethodInvocationHelper.invokeMethod(MethodInvocationHelper.java:132)
	at org.testng.internal.MethodInvocationHelper.invokeMethodConsideringTimeout(MethodInvocationHelper.java:61)
	at org.testng.internal.ConfigInvoker.invokeConfigurationMethod(ConfigInvoker.java:366)
	at org.testng.internal.ConfigInvoker.invokeConfigurations(ConfigInvoker.java:320)
	at org.testng.internal.TestMethodWorker.invokeBeforeClassMethods(TestMethodWorker.java:176)
	at org.testng.internal.TestMethodWorker.run(TestMethodWorker.java:122)
	at java.util.ArrayList.forEach(ArrayList.java:1259)
	at org.testng.TestRunner.privateRun(TestRunner.java:764)
	at org.testng.TestRunner.run(TestRunner.java:585)
	at org.testng.SuiteRunner.runTest(SuiteRunner.java:384)
	at org.testng.SuiteRunner.access$000(SuiteRunner.java:28)
	at org.testng.SuiteRunner$SuiteWorker.run(SuiteRunner.java:425)
	at org.testng.internal.thread.ThreadUtil.lambda$execute$0(ThreadUtil.java:66)
	at java.util.concurrent.FutureTask.run(FutureTask.java:266)
	at java.util.concurrent.ThreadPoolExecutor.runWorker(ThreadPoolExecutor.java:1149)
	at java.util.concurrent.ThreadPoolExecutor$Worker.run(ThreadPoolExecutor.java:624)
	at java.lang.Thread.run(Thread.java:748)
</pre></div></td>
<td>0</td>
<td>testCases.TC_023_Affiliate@15b3e5b</td></tr>
<tr>
<td title='testCases.TC_016_OderHistory.test_OrderHistory()'><b>test_OrderHistory</b><br>Test class: testCases.TC_016_OderHistory</td>
<td><div><pre>java.util.MissingResourceException: Can&apos;t find bundle for base name config, locale en_US
	at java.util.ResourceBundle.throwMissingResourceException(ResourceBundle.java:1581)
	at java.util.ResourceBundle.getBundleImpl(ResourceBundle.java:1396)
	at java.util.ResourceBundle.getBundle(ResourceBundle.java:782)
	at testBase.BaseClass.setup(BaseClass.java:36)
	at java.util.ArrayList.forEach(ArrayList.java:1259)
	at java.util.concurrent.FutureTask.run(FutureTask.java:266)
	at java.util.concurrent.ThreadPoolExecutor.runWorker(ThreadPoolExecutor.java:1149)
	at java.util.concurrent.ThreadPoolExecutor$Worker.run(ThreadPoolExecutor.java:624)
	at java.lang.Thread.run(Thread.java:748)
... Removed 16 stack frames</pre></div><a href='#' onClick='toggleBox("stack-trace1024922815", this, "Click to show all stack frames", "Click to hide stack frames")'>Click to show all stack frames</a>
<div class='stack-trace' id='stack-trace1024922815'><pre>java.util.MissingResourceException: Can&apos;t find bundle for base name config, locale en_US
	at java.util.ResourceBundle.throwMissingResourceException(ResourceBundle.java:1581)
	at java.util.ResourceBundle.getBundleImpl(ResourceBundle.java:1396)
	at java.util.ResourceBundle.getBundle(ResourceBundle.java:782)
	at testBase.BaseClass.setup(BaseClass.java:36)
	at sun.reflect.NativeMethodAccessorImpl.invoke0(Native Method)
	at sun.reflect.NativeMethodAccessorImpl.invoke(NativeMethodAccessorImpl.java:62)
	at sun.reflect.DelegatingMethodAccessorImpl.invoke(DelegatingMethodAccessorImpl.java:43)
	at java.lang.reflect.Method.invoke(Method.java:498)
	at org.testng.internal.MethodInvocationHelper.invokeMethod(MethodInvocationHelper.java:132)
	at org.testng.internal.MethodInvocationHelper.invokeMethodConsideringTimeout(MethodInvocationHelper.java:61)
	at org.testng.internal.ConfigInvoker.invokeConfigurationMethod(ConfigInvoker.java:366)
	at org.testng.internal.ConfigInvoker.invokeConfigurations(ConfigInvoker.java:320)
	at org.testng.internal.TestMethodWorker.invokeBeforeClassMethods(TestMethodWorker.java:176)
	at org.testng.internal.TestMethodWorker.run(TestMethodWorker.java:122)
	at java.util.ArrayList.forEach(ArrayList.java:1259)
	at org.testng.TestRunner.privateRun(TestRunner.java:764)
	at org.testng.TestRunner.run(TestRunner.java:585)
	at org.testng.SuiteRunner.runTest(SuiteRunner.java:384)
	at org.testng.SuiteRunner.access$000(SuiteRunner.java:28)
	at org.testng.SuiteRunner$SuiteWorker.run(SuiteRunner.java:425)
	at org.testng.internal.thread.ThreadUtil.lambda$execute$0(ThreadUtil.java:66)
	at java.util.concurrent.FutureTask.run(FutureTask.java:266)
	at java.util.concurrent.ThreadPoolExecutor.runWorker(ThreadPoolExecutor.java:1149)
	at java.util.concurrent.ThreadPoolExecutor$Worker.run(ThreadPoolExecutor.java:624)
	at java.lang.Thread.run(Thread.java:748)
</pre></div></td>
<td>0</td>
<td>testCases.TC_016_OderHistory@1da51a35</td></tr>
<tr>
<td title='testCases.TC_021_RecurringPayment.test_RecurringPayment()'><b>test_RecurringPayment</b><br>Test class: testCases.TC_021_RecurringPayment</td>
<td><div><pre>java.util.MissingResourceException: Can&apos;t find bundle for base name config, locale en_US
	at java.util.ResourceBundle.throwMissingResourceException(ResourceBundle.java:1581)
	at java.util.ResourceBundle.getBundleImpl(ResourceBundle.java:1396)
	at java.util.ResourceBundle.getBundle(ResourceBundle.java:782)
	at testBase.BaseClass.setup(BaseClass.java:36)
	at java.util.ArrayList.forEach(ArrayList.java:1259)
	at java.util.concurrent.FutureTask.run(FutureTask.java:266)
	at java.util.concurrent.ThreadPoolExecutor.runWorker(ThreadPoolExecutor.java:1149)
	at java.util.concurrent.ThreadPoolExecutor$Worker.run(ThreadPoolExecutor.java:624)
	at java.lang.Thread.run(Thread.java:748)
... Removed 15 stack frames</pre></div><a href='#' onClick='toggleBox("stack-trace1817830632", this, "Click to show all stack frames", "Click to hide stack frames")'>Click to show all stack frames</a>
<div class='stack-trace' id='stack-trace1817830632'><pre>java.util.MissingResourceException: Can&apos;t find bundle for base name config, locale en_US
	at java.util.ResourceBundle.throwMissingResourceException(ResourceBundle.java:1581)
	at java.util.ResourceBundle.getBundleImpl(ResourceBundle.java:1396)
	at java.util.ResourceBundle.getBundle(ResourceBundle.java:782)
	at testBase.BaseClass.setup(BaseClass.java:36)
	at sun.reflect.GeneratedMethodAccessor1.invoke(Unknown Source)
	at sun.reflect.DelegatingMethodAccessorImpl.invoke(DelegatingMethodAccessorImpl.java:43)
	at java.lang.reflect.Method.invoke(Method.java:498)
	at org.testng.internal.MethodInvocationHelper.invokeMethod(MethodInvocationHelper.java:132)
	at org.testng.internal.MethodInvocationHelper.invokeMethodConsideringTimeout(MethodInvocationHelper.java:61)
	at org.testng.internal.ConfigInvoker.invokeConfigurationMethod(ConfigInvoker.java:366)
	at org.testng.internal.ConfigInvoker.invokeConfigurations(ConfigInvoker.java:320)
	at org.testng.internal.TestMethodWorker.invokeBeforeClassMethods(TestMethodWorker.java:176)
	at org.testng.internal.TestMethodWorker.run(TestMethodWorker.java:122)
	at java.util.ArrayList.forEach(ArrayList.java:1259)
	at org.testng.TestRunner.privateRun(TestRunner.java:764)
	at org.testng.TestRunner.run(TestRunner.java:585)
	at org.testng.SuiteRunner.runTest(SuiteRunner.java:384)
	at org.testng.SuiteRunner.access$000(SuiteRunner.java:28)
	at org.testng.SuiteRunner$SuiteWorker.run(SuiteRunner.java:425)
	at org.testng.internal.thread.ThreadUtil.lambda$execute$0(ThreadUtil.java:66)
	at java.util.concurrent.FutureTask.run(FutureTask.java:266)
	at java.util.concurrent.ThreadPoolExecutor.runWorker(ThreadPoolExecutor.java:1149)
	at java.util.concurrent.ThreadPoolExecutor$Worker.run(ThreadPoolExecutor.java:624)
	at java.lang.Thread.run(Thread.java:748)
</pre></div></td>
<td>0</td>
<td>testCases.TC_021_RecurringPayment@768b970c</td></tr>
<tr>
<td title='testCases.TC_019_Returns.test_Returns()'><b>test_Returns</b><br>Test class: testCases.TC_019_Returns</td>
<td><div><pre>java.util.MissingResourceException: Can&apos;t find bundle for base name config, locale en_US
	at java.util.ResourceBundle.throwMissingResourceException(ResourceBundle.java:1581)
	at java.util.ResourceBundle.getBundleImpl(ResourceBundle.java:1396)
	at java.util.ResourceBundle.getBundle(ResourceBundle.java:782)
	at testBase.BaseClass.setup(BaseClass.java:36)
	at java.util.ArrayList.forEach(ArrayList.java:1259)
	at java.util.concurrent.FutureTask.run(FutureTask.java:266)
	at java.util.concurrent.ThreadPoolExecutor.runWorker(ThreadPoolExecutor.java:1149)
	at java.util.concurrent.ThreadPoolExecutor$Worker.run(ThreadPoolExecutor.java:624)
	at java.lang.Thread.run(Thread.java:748)
... Removed 15 stack frames</pre></div><a href='#' onClick='toggleBox("stack-trace100514394", this, "Click to show all stack frames", "Click to hide stack frames")'>Click to show all stack frames</a>
<div class='stack-trace' id='stack-trace100514394'><pre>java.util.MissingResourceException: Can&apos;t find bundle for base name config, locale en_US
	at java.util.ResourceBundle.throwMissingResourceException(ResourceBundle.java:1581)
	at java.util.ResourceBundle.getBundleImpl(ResourceBundle.java:1396)
	at java.util.ResourceBundle.getBundle(ResourceBundle.java:782)
	at testBase.BaseClass.setup(BaseClass.java:36)
	at sun.reflect.GeneratedMethodAccessor1.invoke(Unknown Source)
	at sun.reflect.DelegatingMethodAccessorImpl.invoke(DelegatingMethodAccessorImpl.java:43)
	at java.lang.reflect.Method.invoke(Method.java:498)
	at org.testng.internal.MethodInvocationHelper.invokeMethod(MethodInvocationHelper.java:132)
	at org.testng.internal.MethodInvocationHelper.invokeMethodConsideringTimeout(MethodInvocationHelper.java:61)
	at org.testng.internal.ConfigInvoker.invokeConfigurationMethod(ConfigInvoker.java:366)
	at org.testng.internal.ConfigInvoker.invokeConfigurations(ConfigInvoker.java:320)
	at org.testng.internal.TestMethodWorker.invokeBeforeClassMethods(TestMethodWorker.java:176)
	at org.testng.internal.TestMethodWorker.run(TestMethodWorker.java:122)
	at java.util.ArrayList.forEach(ArrayList.java:1259)
	at org.testng.TestRunner.privateRun(TestRunner.java:764)
	at org.testng.TestRunner.run(TestRunner.java:585)
	at org.testng.SuiteRunner.runTest(SuiteRunner.java:384)
	at org.testng.SuiteRunner.access$000(SuiteRunner.java:28)
	at org.testng.SuiteRunner$SuiteWorker.run(SuiteRunner.java:425)
	at org.testng.internal.thread.ThreadUtil.lambda$execute$0(ThreadUtil.java:66)
	at java.util.concurrent.FutureTask.run(FutureTask.java:266)
	at java.util.concurrent.ThreadPoolExecutor.runWorker(ThreadPoolExecutor.java:1149)
	at java.util.concurrent.ThreadPoolExecutor$Worker.run(ThreadPoolExecutor.java:624)
	at java.lang.Thread.run(Thread.java:748)
</pre></div></td>
<td>0</td>
<td>testCases.TC_019_Returns@44a3ec6b</td></tr>
<tr>
<td title='testCases.TC_018_RewardPoints.test_RewardPoint()'><b>test_RewardPoint</b><br>Test class: testCases.TC_018_RewardPoints</td>
<td><div><pre>java.util.MissingResourceException: Can&apos;t find bundle for base name config, locale en_US
	at java.util.ResourceBundle.throwMissingResourceException(ResourceBundle.java:1581)
	at java.util.ResourceBundle.getBundleImpl(ResourceBundle.java:1396)
	at java.util.ResourceBundle.getBundle(ResourceBundle.java:782)
	at testBase.BaseClass.setup(BaseClass.java:36)
	at java.util.ArrayList.forEach(ArrayList.java:1259)
	at java.util.concurrent.FutureTask.run(FutureTask.java:266)
	at java.util.concurrent.ThreadPoolExecutor.runWorker(ThreadPoolExecutor.java:1149)
	at java.util.concurrent.ThreadPoolExecutor$Worker.run(ThreadPoolExecutor.java:624)
	at java.lang.Thread.run(Thread.java:748)
... Removed 15 stack frames</pre></div><a href='#' onClick='toggleBox("stack-trace1007534580", this, "Click to show all stack frames", "Click to hide stack frames")'>Click to show all stack frames</a>
<div class='stack-trace' id='stack-trace1007534580'><pre>java.util.MissingResourceException: Can&apos;t find bundle for base name config, locale en_US
	at java.util.ResourceBundle.throwMissingResourceException(ResourceBundle.java:1581)
	at java.util.ResourceBundle.getBundleImpl(ResourceBundle.java:1396)
	at java.util.ResourceBundle.getBundle(ResourceBundle.java:782)
	at testBase.BaseClass.setup(BaseClass.java:36)
	at sun.reflect.GeneratedMethodAccessor1.invoke(Unknown Source)
	at sun.reflect.DelegatingMethodAccessorImpl.invoke(DelegatingMethodAccessorImpl.java:43)
	at java.lang.reflect.Method.invoke(Method.java:498)
	at org.testng.internal.MethodInvocationHelper.invokeMethod(MethodInvocationHelper.java:132)
	at org.testng.internal.MethodInvocationHelper.invokeMethodConsideringTimeout(MethodInvocationHelper.java:61)
	at org.testng.internal.ConfigInvoker.invokeConfigurationMethod(ConfigInvoker.java:366)
	at org.testng.internal.ConfigInvoker.invokeConfigurations(ConfigInvoker.java:320)
	at org.testng.internal.TestMethodWorker.invokeBeforeClassMethods(TestMethodWorker.java:176)
	at org.testng.internal.TestMethodWorker.run(TestMethodWorker.java:122)
	at java.util.ArrayList.forEach(ArrayList.java:1259)
	at org.testng.TestRunner.privateRun(TestRunner.java:764)
	at org.testng.TestRunner.run(TestRunner.java:585)
	at org.testng.SuiteRunner.runTest(SuiteRunner.java:384)
	at org.testng.SuiteRunner.access$000(SuiteRunner.java:28)
	at org.testng.SuiteRunner$SuiteWorker.run(SuiteRunner.java:425)
	at org.testng.internal.thread.ThreadUtil.lambda$execute$0(ThreadUtil.java:66)
	at java.util.concurrent.FutureTask.run(FutureTask.java:266)
	at java.util.concurrent.ThreadPoolExecutor.runWorker(ThreadPoolExecutor.java:1149)
	at java.util.concurrent.ThreadPoolExecutor$Worker.run(ThreadPoolExecutor.java:624)
	at java.lang.Thread.run(Thread.java:748)
</pre></div></td>
<td>0</td>
<td>testCases.TC_018_RewardPoints@7e9a5fbe</td></tr>
<tr>
<td title='testCases.TC_010_ShoppingCart.test_ShoppingCart()'><b>test_ShoppingCart</b><br>Test class: testCases.TC_010_ShoppingCart</td>
<td><div><pre>java.util.MissingResourceException: Can&apos;t find bundle for base name config, locale en_US
	at java.util.ResourceBundle.throwMissingResourceException(ResourceBundle.java:1581)
	at java.util.ResourceBundle.getBundleImpl(ResourceBundle.java:1396)
	at java.util.ResourceBundle.getBundle(ResourceBundle.java:782)
	at testBase.BaseClass.setup(BaseClass.java:36)
	at java.util.ArrayList.forEach(ArrayList.java:1259)
	at java.util.concurrent.FutureTask.run(FutureTask.java:266)
	at java.util.concurrent.ThreadPoolExecutor.runWorker(ThreadPoolExecutor.java:1149)
	at java.util.concurrent.ThreadPoolExecutor$Worker.run(ThreadPoolExecutor.java:624)
	at java.lang.Thread.run(Thread.java:748)
... Removed 16 stack frames</pre></div><a href='#' onClick='toggleBox("stack-trace347797135", this, "Click to show all stack frames", "Click to hide stack frames")'>Click to show all stack frames</a>
<div class='stack-trace' id='stack-trace347797135'><pre>java.util.MissingResourceException: Can&apos;t find bundle for base name config, locale en_US
	at java.util.ResourceBundle.throwMissingResourceException(ResourceBundle.java:1581)
	at java.util.ResourceBundle.getBundleImpl(ResourceBundle.java:1396)
	at java.util.ResourceBundle.getBundle(ResourceBundle.java:782)
	at testBase.BaseClass.setup(BaseClass.java:36)
	at sun.reflect.NativeMethodAccessorImpl.invoke0(Native Method)
	at sun.reflect.NativeMethodAccessorImpl.invoke(NativeMethodAccessorImpl.java:62)
	at sun.reflect.DelegatingMethodAccessorImpl.invoke(DelegatingMethodAccessorImpl.java:43)
	at java.lang.reflect.Method.invoke(Method.java:498)
	at org.testng.internal.MethodInvocationHelper.invokeMethod(MethodInvocationHelper.java:132)
	at org.testng.internal.MethodInvocationHelper.invokeMethodConsideringTimeout(MethodInvocationHelper.java:61)
	at org.testng.internal.ConfigInvoker.invokeConfigurationMethod(ConfigInvoker.java:366)
	at org.testng.internal.ConfigInvoker.invokeConfigurations(ConfigInvoker.java:320)
	at org.testng.internal.TestMethodWorker.invokeBeforeClassMethods(TestMethodWorker.java:176)
	at org.testng.internal.TestMethodWorker.run(TestMethodWorker.java:122)
	at java.util.ArrayList.forEach(ArrayList.java:1259)
	at org.testng.TestRunner.privateRun(TestRunner.java:764)
	at org.testng.TestRunner.run(TestRunner.java:585)
	at org.testng.SuiteRunner.runTest(SuiteRunner.java:384)
	at org.testng.SuiteRunner.access$000(SuiteRunner.java:28)
	at org.testng.SuiteRunner$SuiteWorker.run(SuiteRunner.java:425)
	at org.testng.internal.thread.ThreadUtil.lambda$execute$0(ThreadUtil.java:66)
	at java.util.concurrent.FutureTask.run(FutureTask.java:266)
	at java.util.concurrent.ThreadPoolExecutor.runWorker(ThreadPoolExecutor.java:1149)
	at java.util.concurrent.ThreadPoolExecutor$Worker.run(ThreadPoolExecutor.java:624)
	at java.lang.Thread.run(Thread.java:748)
</pre></div></td>
<td>0</td>
<td>testCases.TC_010_ShoppingCart@103f852</td></tr>
<tr>
<td title='testCases.TC_001_AccountRegistration.test_account_Registration()'><b>test_account_Registration</b><br>Test class: testCases.TC_001_AccountRegistration</td>
<td><div><pre>java.util.MissingResourceException: Can&apos;t find bundle for base name config, locale en_US
	at java.util.ResourceBundle.throwMissingResourceException(ResourceBundle.java:1581)
	at java.util.ResourceBundle.getBundleImpl(ResourceBundle.java:1396)
	at java.util.ResourceBundle.getBundle(ResourceBundle.java:782)
	at testBase.BaseClass.setup(BaseClass.java:36)
	at java.util.ArrayList.forEach(ArrayList.java:1259)
	at java.util.concurrent.FutureTask.run(FutureTask.java:266)
	at java.util.concurrent.ThreadPoolExecutor.runWorker(ThreadPoolExecutor.java:1149)
	at java.util.concurrent.ThreadPoolExecutor$Worker.run(ThreadPoolExecutor.java:624)
	at java.lang.Thread.run(Thread.java:748)
... Removed 16 stack frames</pre></div><a href='#' onClick='toggleBox("stack-trace1104276542", this, "Click to show all stack frames", "Click to hide stack frames")'>Click to show all stack frames</a>
<div class='stack-trace' id='stack-trace1104276542'><pre>java.util.MissingResourceException: Can&apos;t find bundle for base name config, locale en_US
	at java.util.ResourceBundle.throwMissingResourceException(ResourceBundle.java:1581)
	at java.util.ResourceBundle.getBundleImpl(ResourceBundle.java:1396)
	at java.util.ResourceBundle.getBundle(ResourceBundle.java:782)
	at testBase.BaseClass.setup(BaseClass.java:36)
	at sun.reflect.NativeMethodAccessorImpl.invoke0(Native Method)
	at sun.reflect.NativeMethodAccessorImpl.invoke(NativeMethodAccessorImpl.java:62)
	at sun.reflect.DelegatingMethodAccessorImpl.invoke(DelegatingMethodAccessorImpl.java:43)
	at java.lang.reflect.Method.invoke(Method.java:498)
	at org.testng.internal.MethodInvocationHelper.invokeMethod(MethodInvocationHelper.java:132)
	at org.testng.internal.MethodInvocationHelper.invokeMethodConsideringTimeout(MethodInvocationHelper.java:61)
	at org.testng.internal.ConfigInvoker.invokeConfigurationMethod(ConfigInvoker.java:366)
	at org.testng.internal.ConfigInvoker.invokeConfigurations(ConfigInvoker.java:320)
	at org.testng.internal.TestMethodWorker.invokeBeforeClassMethods(TestMethodWorker.java:176)
	at org.testng.internal.TestMethodWorker.run(TestMethodWorker.java:122)
	at java.util.ArrayList.forEach(ArrayList.java:1259)
	at org.testng.TestRunner.privateRun(TestRunner.java:764)
	at org.testng.TestRunner.run(TestRunner.java:585)
	at org.testng.SuiteRunner.runTest(SuiteRunner.java:384)
	at org.testng.SuiteRunner.access$000(SuiteRunner.java:28)
	at org.testng.SuiteRunner$SuiteWorker.run(SuiteRunner.java:425)
	at org.testng.internal.thread.ThreadUtil.lambda$execute$0(ThreadUtil.java:66)
	at java.util.concurrent.FutureTask.run(FutureTask.java:266)
	at java.util.concurrent.ThreadPoolExecutor.runWorker(ThreadPoolExecutor.java:1149)
	at java.util.concurrent.ThreadPoolExecutor$Worker.run(ThreadPoolExecutor.java:624)
	at java.lang.Thread.run(Thread.java:748)
</pre></div></td>
<td>0</td>
<td>testCases.TC_001_AccountRegistration@6dde5c8c</td></tr>
<tr>
<td title='testCases.TC_005_Addcart.test_addcart()'><b>test_addcart</b><br>Test class: testCases.TC_005_Addcart</td>
<td><div><pre>java.util.MissingResourceException: Can&apos;t find bundle for base name config, locale en_US
	at java.util.ResourceBundle.throwMissingResourceException(ResourceBundle.java:1581)
	at java.util.ResourceBundle.getBundleImpl(ResourceBundle.java:1396)
	at java.util.ResourceBundle.getBundle(ResourceBundle.java:782)
	at testBase.BaseClass.setup(BaseClass.java:36)
	at java.util.ArrayList.forEach(ArrayList.java:1259)
	at java.util.concurrent.FutureTask.run(FutureTask.java:266)
	at java.util.concurrent.ThreadPoolExecutor.runWorker(ThreadPoolExecutor.java:1149)
	at java.util.concurrent.ThreadPoolExecutor$Worker.run(ThreadPoolExecutor.java:624)
	at java.lang.Thread.run(Thread.java:748)
... Removed 16 stack frames</pre></div><a href='#' onClick='toggleBox("stack-trace281222803", this, "Click to show all stack frames", "Click to hide stack frames")'>Click to show all stack frames</a>
<div class='stack-trace' id='stack-trace281222803'><pre>java.util.MissingResourceException: Can&apos;t find bundle for base name config, locale en_US
	at java.util.ResourceBundle.throwMissingResourceException(ResourceBundle.java:1581)
	at java.util.ResourceBundle.getBundleImpl(ResourceBundle.java:1396)
	at java.util.ResourceBundle.getBundle(ResourceBundle.java:782)
	at testBase.BaseClass.setup(BaseClass.java:36)
	at sun.reflect.NativeMethodAccessorImpl.invoke0(Native Method)
	at sun.reflect.NativeMethodAccessorImpl.invoke(NativeMethodAccessorImpl.java:62)
	at sun.reflect.DelegatingMethodAccessorImpl.invoke(DelegatingMethodAccessorImpl.java:43)
	at java.lang.reflect.Method.invoke(Method.java:498)
	at org.testng.internal.MethodInvocationHelper.invokeMethod(MethodInvocationHelper.java:132)
	at org.testng.internal.MethodInvocationHelper.invokeMethodConsideringTimeout(MethodInvocationHelper.java:61)
	at org.testng.internal.ConfigInvoker.invokeConfigurationMethod(ConfigInvoker.java:366)
	at org.testng.internal.ConfigInvoker.invokeConfigurations(ConfigInvoker.java:320)
	at org.testng.internal.TestMethodWorker.invokeBeforeClassMethods(TestMethodWorker.java:176)
	at org.testng.internal.TestMethodWorker.run(TestMethodWorker.java:122)
	at java.util.ArrayList.forEach(ArrayList.java:1259)
	at org.testng.TestRunner.privateRun(TestRunner.java:764)
	at org.testng.TestRunner.run(TestRunner.java:585)
	at org.testng.SuiteRunner.runTest(SuiteRunner.java:384)
	at org.testng.SuiteRunner.access$000(SuiteRunner.java:28)
	at org.testng.SuiteRunner$SuiteWorker.run(SuiteRunner.java:425)
	at org.testng.internal.thread.ThreadUtil.lambda$execute$0(ThreadUtil.java:66)
	at java.util.concurrent.FutureTask.run(FutureTask.java:266)
	at java.util.concurrent.ThreadPoolExecutor.runWorker(ThreadPoolExecutor.java:1149)
	at java.util.concurrent.ThreadPoolExecutor$Worker.run(ThreadPoolExecutor.java:624)
	at java.lang.Thread.run(Thread.java:748)
</pre></div></td>
<td>0</td>
<td>testCases.TC_005_Addcart@24b1d79b</td></tr>
<tr>
<td title='testCases.TC_014_ChangePassword.test_changepassword()'><b>test_changepassword</b><br>Test class: testCases.TC_014_ChangePassword</td>
<td><div><pre>java.util.MissingResourceException: Can&apos;t find bundle for base name config, locale en_US
	at java.util.ResourceBundle.throwMissingResourceException(ResourceBundle.java:1581)
	at java.util.ResourceBundle.getBundleImpl(ResourceBundle.java:1396)
	at java.util.ResourceBundle.getBundle(ResourceBundle.java:782)
	at testBase.BaseClass.setup(BaseClass.java:36)
	at java.util.ArrayList.forEach(ArrayList.java:1259)
	at java.util.concurrent.FutureTask.run(FutureTask.java:266)
	at java.util.concurrent.ThreadPoolExecutor.runWorker(ThreadPoolExecutor.java:1149)
	at java.util.concurrent.ThreadPoolExecutor$Worker.run(ThreadPoolExecutor.java:624)
	at java.lang.Thread.run(Thread.java:748)
... Removed 16 stack frames</pre></div><a href='#' onClick='toggleBox("stack-trace1435914798", this, "Click to show all stack frames", "Click to hide stack frames")'>Click to show all stack frames</a>
<div class='stack-trace' id='stack-trace1435914798'><pre>java.util.MissingResourceException: Can&apos;t find bundle for base name config, locale en_US
	at java.util.ResourceBundle.throwMissingResourceException(ResourceBundle.java:1581)
	at java.util.ResourceBundle.getBundleImpl(ResourceBundle.java:1396)
	at java.util.ResourceBundle.getBundle(ResourceBundle.java:782)
	at testBase.BaseClass.setup(BaseClass.java:36)
	at sun.reflect.NativeMethodAccessorImpl.invoke0(Native Method)
	at sun.reflect.NativeMethodAccessorImpl.invoke(NativeMethodAccessorImpl.java:62)
	at sun.reflect.DelegatingMethodAccessorImpl.invoke(DelegatingMethodAccessorImpl.java:43)
	at java.lang.reflect.Method.invoke(Method.java:498)
	at org.testng.internal.MethodInvocationHelper.invokeMethod(MethodInvocationHelper.java:132)
	at org.testng.internal.MethodInvocationHelper.invokeMethodConsideringTimeout(MethodInvocationHelper.java:61)
	at org.testng.internal.ConfigInvoker.invokeConfigurationMethod(ConfigInvoker.java:366)
	at org.testng.internal.ConfigInvoker.invokeConfigurations(ConfigInvoker.java:320)
	at org.testng.internal.TestMethodWorker.invokeBeforeClassMethods(TestMethodWorker.java:176)
	at org.testng.internal.TestMethodWorker.run(TestMethodWorker.java:122)
	at java.util.ArrayList.forEach(ArrayList.java:1259)
	at org.testng.TestRunner.privateRun(TestRunner.java:764)
	at org.testng.TestRunner.run(TestRunner.java:585)
	at org.testng.SuiteRunner.runTest(SuiteRunner.java:384)
	at org.testng.SuiteRunner.access$000(SuiteRunner.java:28)
	at org.testng.SuiteRunner$SuiteWorker.run(SuiteRunner.java:425)
	at org.testng.internal.thread.ThreadUtil.lambda$execute$0(ThreadUtil.java:66)
	at java.util.concurrent.FutureTask.run(FutureTask.java:266)
	at java.util.concurrent.ThreadPoolExecutor.runWorker(ThreadPoolExecutor.java:1149)
	at java.util.concurrent.ThreadPoolExecutor$Worker.run(ThreadPoolExecutor.java:624)
	at java.lang.Thread.run(Thread.java:748)
</pre></div></td>
<td>0</td>
<td>testCases.TC_014_ChangePassword@543788f3</td></tr>
<tr>
<td title='testCases.TC_011_Checkout.test_checkout()'><b>test_checkout</b><br>Test class: testCases.TC_011_Checkout</td>
<td><div><pre>java.util.MissingResourceException: Can&apos;t find bundle for base name config, locale en_US
	at java.util.ResourceBundle.throwMissingResourceException(ResourceBundle.java:1581)
	at java.util.ResourceBundle.getBundleImpl(ResourceBundle.java:1396)
	at java.util.ResourceBundle.getBundle(ResourceBundle.java:782)
	at testBase.BaseClass.setup(BaseClass.java:36)
	at java.util.ArrayList.forEach(ArrayList.java:1259)
	at java.util.concurrent.FutureTask.run(FutureTask.java:266)
	at java.util.concurrent.ThreadPoolExecutor.runWorker(ThreadPoolExecutor.java:1149)
	at java.util.concurrent.ThreadPoolExecutor$Worker.run(ThreadPoolExecutor.java:624)
	at java.lang.Thread.run(Thread.java:748)
... Removed 16 stack frames</pre></div><a href='#' onClick='toggleBox("stack-trace467404549", this, "Click to show all stack frames", "Click to hide stack frames")'>Click to show all stack frames</a>
<div class='stack-trace' id='stack-trace467404549'><pre>java.util.MissingResourceException: Can&apos;t find bundle for base name config, locale en_US
	at java.util.ResourceBundle.throwMissingResourceException(ResourceBundle.java:1581)
	at java.util.ResourceBundle.getBundleImpl(ResourceBundle.java:1396)
	at java.util.ResourceBundle.getBundle(ResourceBundle.java:782)
	at testBase.BaseClass.setup(BaseClass.java:36)
	at sun.reflect.NativeMethodAccessorImpl.invoke0(Native Method)
	at sun.reflect.NativeMethodAccessorImpl.invoke(NativeMethodAccessorImpl.java:62)
	at sun.reflect.DelegatingMethodAccessorImpl.invoke(DelegatingMethodAccessorImpl.java:43)
	at java.lang.reflect.Method.invoke(Method.java:498)
	at org.testng.internal.MethodInvocationHelper.invokeMethod(MethodInvocationHelper.java:132)
	at org.testng.internal.MethodInvocationHelper.invokeMethodConsideringTimeout(MethodInvocationHelper.java:61)
	at org.testng.internal.ConfigInvoker.invokeConfigurationMethod(ConfigInvoker.java:366)
	at org.testng.internal.ConfigInvoker.invokeConfigurations(ConfigInvoker.java:320)
	at org.testng.internal.TestMethodWorker.invokeBeforeClassMethods(TestMethodWorker.java:176)
	at org.testng.internal.TestMethodWorker.run(TestMethodWorker.java:122)
	at java.util.ArrayList.forEach(ArrayList.java:1259)
	at org.testng.TestRunner.privateRun(TestRunner.java:764)
	at org.testng.TestRunner.run(TestRunner.java:585)
	at org.testng.SuiteRunner.runTest(SuiteRunner.java:384)
	at org.testng.SuiteRunner.access$000(SuiteRunner.java:28)
	at org.testng.SuiteRunner$SuiteWorker.run(SuiteRunner.java:425)
	at org.testng.internal.thread.ThreadUtil.lambda$execute$0(ThreadUtil.java:66)
	at java.util.concurrent.FutureTask.run(FutureTask.java:266)
	at java.util.concurrent.ThreadPoolExecutor.runWorker(ThreadPoolExecutor.java:1149)
	at java.util.concurrent.ThreadPoolExecutor$Worker.run(ThreadPoolExecutor.java:624)
	at java.lang.Thread.run(Thread.java:748)
</pre></div></td>
<td>0</td>
<td>testCases.TC_011_Checkout@587c290d</td></tr>
<tr>
<td title='testCases.TC_024_ContactUs.test_contactus()'><b>test_contactus</b><br>Test class: testCases.TC_024_ContactUs</td>
<td><div><pre>java.util.MissingResourceException: Can&apos;t find bundle for base name config, locale en_US
	at java.util.ResourceBundle.throwMissingResourceException(ResourceBundle.java:1581)
	at java.util.ResourceBundle.getBundleImpl(ResourceBundle.java:1396)
	at java.util.ResourceBundle.getBundle(ResourceBundle.java:782)
	at testBase.BaseClass.setup(BaseClass.java:36)
	at java.util.ArrayList.forEach(ArrayList.java:1259)
	at java.util.concurrent.FutureTask.run(FutureTask.java:266)
	at java.util.concurrent.ThreadPoolExecutor.runWorker(ThreadPoolExecutor.java:1149)
	at java.util.concurrent.ThreadPoolExecutor$Worker.run(ThreadPoolExecutor.java:624)
	at java.lang.Thread.run(Thread.java:748)
... Removed 15 stack frames</pre></div><a href='#' onClick='toggleBox("stack-trace400871230", this, "Click to show all stack frames", "Click to hide stack frames")'>Click to show all stack frames</a>
<div class='stack-trace' id='stack-trace400871230'><pre>java.util.MissingResourceException: Can&apos;t find bundle for base name config, locale en_US
	at java.util.ResourceBundle.throwMissingResourceException(ResourceBundle.java:1581)
	at java.util.ResourceBundle.getBundleImpl(ResourceBundle.java:1396)
	at java.util.ResourceBundle.getBundle(ResourceBundle.java:782)
	at testBase.BaseClass.setup(BaseClass.java:36)
	at sun.reflect.GeneratedMethodAccessor1.invoke(Unknown Source)
	at sun.reflect.DelegatingMethodAccessorImpl.invoke(DelegatingMethodAccessorImpl.java:43)
	at java.lang.reflect.Method.invoke(Method.java:498)
	at org.testng.internal.MethodInvocationHelper.invokeMethod(MethodInvocationHelper.java:132)
	at org.testng.internal.MethodInvocationHelper.invokeMethodConsideringTimeout(MethodInvocationHelper.java:61)
	at org.testng.internal.ConfigInvoker.invokeConfigurationMethod(ConfigInvoker.java:366)
	at org.testng.internal.ConfigInvoker.invokeConfigurations(ConfigInvoker.java:320)
	at org.testng.internal.TestMethodWorker.invokeBeforeClassMethods(TestMethodWorker.java:176)
	at org.testng.internal.TestMethodWorker.run(TestMethodWorker.java:122)
	at java.util.ArrayList.forEach(ArrayList.java:1259)
	at org.testng.TestRunner.privateRun(TestRunner.java:764)
	at org.testng.TestRunner.run(TestRunner.java:585)
	at org.testng.SuiteRunner.runTest(SuiteRunner.java:384)
	at org.testng.SuiteRunner.access$000(SuiteRunner.java:28)
	at org.testng.SuiteRunner$SuiteWorker.run(SuiteRunner.java:425)
	at org.testng.internal.thread.ThreadUtil.lambda$execute$0(ThreadUtil.java:66)
	at java.util.concurrent.FutureTask.run(FutureTask.java:266)
	at java.util.concurrent.ThreadPoolExecutor.runWorker(ThreadPoolExecutor.java:1149)
	at java.util.concurrent.ThreadPoolExecutor$Worker.run(ThreadPoolExecutor.java:624)
	at java.lang.Thread.run(Thread.java:748)
</pre></div></td>
<td>0</td>
<td>testCases.TC_024_ContactUs@61ca2dfa</td></tr>
<tr>
<td title='testCases.TC_025_SpecialOffer.test_contactus()'><b>test_contactus</b><br>Test class: testCases.TC_025_SpecialOffer</td>
<td><div><pre>java.util.MissingResourceException: Can&apos;t find bundle for base name config, locale en_US
	at java.util.ResourceBundle.throwMissingResourceException(ResourceBundle.java:1581)
	at java.util.ResourceBundle.getBundleImpl(ResourceBundle.java:1396)
	at java.util.ResourceBundle.getBundle(ResourceBundle.java:782)
	at testBase.BaseClass.setup(BaseClass.java:36)
	at java.util.ArrayList.forEach(ArrayList.java:1259)
	at java.util.concurrent.FutureTask.run(FutureTask.java:266)
	at java.util.concurrent.ThreadPoolExecutor.runWorker(ThreadPoolExecutor.java:1149)
	at java.util.concurrent.ThreadPoolExecutor$Worker.run(ThreadPoolExecutor.java:624)
	at java.lang.Thread.run(Thread.java:748)
... Removed 15 stack frames</pre></div><a href='#' onClick='toggleBox("stack-trace1676072355", this, "Click to show all stack frames", "Click to hide stack frames")'>Click to show all stack frames</a>
<div class='stack-trace' id='stack-trace1676072355'><pre>java.util.MissingResourceException: Can&apos;t find bundle for base name config, locale en_US
	at java.util.ResourceBundle.throwMissingResourceException(ResourceBundle.java:1581)
	at java.util.ResourceBundle.getBundleImpl(ResourceBundle.java:1396)
	at java.util.ResourceBundle.getBundle(ResourceBundle.java:782)
	at testBase.BaseClass.setup(BaseClass.java:36)
	at sun.reflect.GeneratedMethodAccessor1.invoke(Unknown Source)
	at sun.reflect.DelegatingMethodAccessorImpl.invoke(DelegatingMethodAccessorImpl.java:43)
	at java.lang.reflect.Method.invoke(Method.java:498)
	at org.testng.internal.MethodInvocationHelper.invokeMethod(MethodInvocationHelper.java:132)
	at org.testng.internal.MethodInvocationHelper.invokeMethodConsideringTimeout(MethodInvocationHelper.java:61)
	at org.testng.internal.ConfigInvoker.invokeConfigurationMethod(ConfigInvoker.java:366)
	at org.testng.internal.ConfigInvoker.invokeConfigurations(ConfigInvoker.java:320)
	at org.testng.internal.TestMethodWorker.invokeBeforeClassMethods(TestMethodWorker.java:176)
	at org.testng.internal.TestMethodWorker.run(TestMethodWorker.java:122)
	at java.util.ArrayList.forEach(ArrayList.java:1259)
	at org.testng.TestRunner.privateRun(TestRunner.java:764)
	at org.testng.TestRunner.run(TestRunner.java:585)
	at org.testng.SuiteRunner.runTest(SuiteRunner.java:384)
	at org.testng.SuiteRunner.access$000(SuiteRunner.java:28)
	at org.testng.SuiteRunner$SuiteWorker.run(SuiteRunner.java:425)
	at org.testng.internal.thread.ThreadUtil.lambda$execute$0(ThreadUtil.java:66)
	at java.util.concurrent.FutureTask.run(FutureTask.java:266)
	at java.util.concurrent.ThreadPoolExecutor.runWorker(ThreadPoolExecutor.java:1149)
	at java.util.concurrent.ThreadPoolExecutor$Worker.run(ThreadPoolExecutor.java:624)
	at java.lang.Thread.run(Thread.java:748)
</pre></div></td>
<td>0</td>
<td>testCases.TC_025_SpecialOffer@4b53f538</td></tr>
<tr>
<td title='testCases.TC_028_Currency.test_currency()'><b>test_currency</b><br>Test class: testCases.TC_028_Currency</td>
<td><div><pre>java.util.MissingResourceException: Can&apos;t find bundle for base name config, locale en_US
	at java.util.ResourceBundle.throwMissingResourceException(ResourceBundle.java:1581)
	at java.util.ResourceBundle.getBundleImpl(ResourceBundle.java:1396)
	at java.util.ResourceBundle.getBundle(ResourceBundle.java:782)
	at testBase.BaseClass.setup(BaseClass.java:36)
	at java.util.ArrayList.forEach(ArrayList.java:1259)
	at java.util.concurrent.FutureTask.run(FutureTask.java:266)
	at java.util.concurrent.ThreadPoolExecutor.runWorker(ThreadPoolExecutor.java:1149)
	at java.util.concurrent.ThreadPoolExecutor$Worker.run(ThreadPoolExecutor.java:624)
	at java.lang.Thread.run(Thread.java:748)
... Removed 15 stack frames</pre></div><a href='#' onClick='toggleBox("stack-trace1017219768", this, "Click to show all stack frames", "Click to hide stack frames")'>Click to show all stack frames</a>
<div class='stack-trace' id='stack-trace1017219768'><pre>java.util.MissingResourceException: Can&apos;t find bundle for base name config, locale en_US
	at java.util.ResourceBundle.throwMissingResourceException(ResourceBundle.java:1581)
	at java.util.ResourceBundle.getBundleImpl(ResourceBundle.java:1396)
	at java.util.ResourceBundle.getBundle(ResourceBundle.java:782)
	at testBase.BaseClass.setup(BaseClass.java:36)
	at sun.reflect.GeneratedMethodAccessor1.invoke(Unknown Source)
	at sun.reflect.DelegatingMethodAccessorImpl.invoke(DelegatingMethodAccessorImpl.java:43)
	at java.lang.reflect.Method.invoke(Method.java:498)
	at org.testng.internal.MethodInvocationHelper.invokeMethod(MethodInvocationHelper.java:132)
	at org.testng.internal.MethodInvocationHelper.invokeMethodConsideringTimeout(MethodInvocationHelper.java:61)
	at org.testng.internal.ConfigInvoker.invokeConfigurationMethod(ConfigInvoker.java:366)
	at org.testng.internal.ConfigInvoker.invokeConfigurations(ConfigInvoker.java:320)
	at org.testng.internal.TestMethodWorker.invokeBeforeClassMethods(TestMethodWorker.java:176)
	at org.testng.internal.TestMethodWorker.run(TestMethodWorker.java:122)
	at java.util.ArrayList.forEach(ArrayList.java:1259)
	at org.testng.TestRunner.privateRun(TestRunner.java:764)
	at org.testng.TestRunner.run(TestRunner.java:585)
	at org.testng.SuiteRunner.runTest(SuiteRunner.java:384)
	at org.testng.SuiteRunner.access$000(SuiteRunner.java:28)
	at org.testng.SuiteRunner$SuiteWorker.run(SuiteRunner.java:425)
	at org.testng.internal.thread.ThreadUtil.lambda$execute$0(ThreadUtil.java:66)
	at java.util.concurrent.FutureTask.run(FutureTask.java:266)
	at java.util.concurrent.ThreadPoolExecutor.runWorker(ThreadPoolExecutor.java:1149)
	at java.util.concurrent.ThreadPoolExecutor$Worker.run(ThreadPoolExecutor.java:624)
	at java.lang.Thread.run(Thread.java:748)
</pre></div></td>
<td>0</td>
<td>testCases.TC_028_Currency@7ba18f1b</td></tr>
<tr>
<td title='testCases.TC_017_Downloads.test_downloads()'><b>test_downloads</b><br>Test class: testCases.TC_017_Downloads</td>
<td><div><pre>java.util.MissingResourceException: Can&apos;t find bundle for base name config, locale en_US
	at java.util.ResourceBundle.throwMissingResourceException(ResourceBundle.java:1581)
	at java.util.ResourceBundle.getBundleImpl(ResourceBundle.java:1396)
	at java.util.ResourceBundle.getBundle(ResourceBundle.java:782)
	at testBase.BaseClass.setup(BaseClass.java:36)
	at java.util.ArrayList.forEach(ArrayList.java:1259)
	at java.util.concurrent.FutureTask.run(FutureTask.java:266)
	at java.util.concurrent.ThreadPoolExecutor.runWorker(ThreadPoolExecutor.java:1149)
	at java.util.concurrent.ThreadPoolExecutor$Worker.run(ThreadPoolExecutor.java:624)
	at java.lang.Thread.run(Thread.java:748)
... Removed 15 stack frames</pre></div><a href='#' onClick='toggleBox("stack-trace1144104916", this, "Click to show all stack frames", "Click to hide stack frames")'>Click to show all stack frames</a>
<div class='stack-trace' id='stack-trace1144104916'><pre>java.util.MissingResourceException: Can&apos;t find bundle for base name config, locale en_US
	at java.util.ResourceBundle.throwMissingResourceException(ResourceBundle.java:1581)
	at java.util.ResourceBundle.getBundleImpl(ResourceBundle.java:1396)
	at java.util.ResourceBundle.getBundle(ResourceBundle.java:782)
	at testBase.BaseClass.setup(BaseClass.java:36)
	at sun.reflect.GeneratedMethodAccessor1.invoke(Unknown Source)
	at sun.reflect.DelegatingMethodAccessorImpl.invoke(DelegatingMethodAccessorImpl.java:43)
	at java.lang.reflect.Method.invoke(Method.java:498)
	at org.testng.internal.MethodInvocationHelper.invokeMethod(MethodInvocationHelper.java:132)
	at org.testng.internal.MethodInvocationHelper.invokeMethodConsideringTimeout(MethodInvocationHelper.java:61)
	at org.testng.internal.ConfigInvoker.invokeConfigurationMethod(ConfigInvoker.java:366)
	at org.testng.internal.ConfigInvoker.invokeConfigurations(ConfigInvoker.java:320)
	at org.testng.internal.TestMethodWorker.invokeBeforeClassMethods(TestMethodWorker.java:176)
	at org.testng.internal.TestMethodWorker.run(TestMethodWorker.java:122)
	at java.util.ArrayList.forEach(ArrayList.java:1259)
	at org.testng.TestRunner.privateRun(TestRunner.java:764)
	at org.testng.TestRunner.run(TestRunner.java:585)
	at org.testng.SuiteRunner.runTest(SuiteRunner.java:384)
	at org.testng.SuiteRunner.access$000(SuiteRunner.java:28)
	at org.testng.SuiteRunner$SuiteWorker.run(SuiteRunner.java:425)
	at org.testng.internal.thread.ThreadUtil.lambda$execute$0(ThreadUtil.java:66)
	at java.util.concurrent.FutureTask.run(FutureTask.java:266)
	at java.util.concurrent.ThreadPoolExecutor.runWorker(ThreadPoolExecutor.java:1149)
	at java.util.concurrent.ThreadPoolExecutor$Worker.run(ThreadPoolExecutor.java:624)
	at java.lang.Thread.run(Thread.java:748)
</pre></div></td>
<td>0</td>
<td>testCases.TC_017_Downloads@16022d9d</td></tr>
<tr>
<td title='testCases.TC_009_ForgotPassword.test_forgotpassword()'><b>test_forgotpassword</b><br>Test class: testCases.TC_009_ForgotPassword</td>
<td><div><pre>java.util.MissingResourceException: Can&apos;t find bundle for base name config, locale en_US
	at java.util.ResourceBundle.throwMissingResourceException(ResourceBundle.java:1581)
	at java.util.ResourceBundle.getBundleImpl(ResourceBundle.java:1396)
	at java.util.ResourceBundle.getBundle(ResourceBundle.java:782)
	at testBase.BaseClass.setup(BaseClass.java:36)
	at java.util.ArrayList.forEach(ArrayList.java:1259)
	at java.util.concurrent.FutureTask.run(FutureTask.java:266)
	at java.util.concurrent.ThreadPoolExecutor.runWorker(ThreadPoolExecutor.java:1149)
	at java.util.concurrent.ThreadPoolExecutor$Worker.run(ThreadPoolExecutor.java:624)
	at java.lang.Thread.run(Thread.java:748)
... Removed 16 stack frames</pre></div><a href='#' onClick='toggleBox("stack-trace1800120567", this, "Click to show all stack frames", "Click to hide stack frames")'>Click to show all stack frames</a>
<div class='stack-trace' id='stack-trace1800120567'><pre>java.util.MissingResourceException: Can&apos;t find bundle for base name config, locale en_US
	at java.util.ResourceBundle.throwMissingResourceException(ResourceBundle.java:1581)
	at java.util.ResourceBundle.getBundleImpl(ResourceBundle.java:1396)
	at java.util.ResourceBundle.getBundle(ResourceBundle.java:782)
	at testBase.BaseClass.setup(BaseClass.java:36)
	at sun.reflect.NativeMethodAccessorImpl.invoke0(Native Method)
	at sun.reflect.NativeMethodAccessorImpl.invoke(NativeMethodAccessorImpl.java:62)
	at sun.reflect.DelegatingMethodAccessorImpl.invoke(DelegatingMethodAccessorImpl.java:43)
	at java.lang.reflect.Method.invoke(Method.java:498)
	at org.testng.internal.MethodInvocationHelper.invokeMethod(MethodInvocationHelper.java:132)
	at org.testng.internal.MethodInvocationHelper.invokeMethodConsideringTimeout(MethodInvocationHelper.java:61)
	at org.testng.internal.ConfigInvoker.invokeConfigurationMethod(ConfigInvoker.java:366)
	at org.testng.internal.ConfigInvoker.invokeConfigurations(ConfigInvoker.java:320)
	at org.testng.internal.TestMethodWorker.invokeBeforeClassMethods(TestMethodWorker.java:176)
	at org.testng.internal.TestMethodWorker.run(TestMethodWorker.java:122)
	at java.util.ArrayList.forEach(ArrayList.java:1259)
	at org.testng.TestRunner.privateRun(TestRunner.java:764)
	at org.testng.TestRunner.run(TestRunner.java:585)
	at org.testng.SuiteRunner.runTest(SuiteRunner.java:384)
	at org.testng.SuiteRunner.access$000(SuiteRunner.java:28)
	at org.testng.SuiteRunner$SuiteWorker.run(SuiteRunner.java:425)
	at org.testng.internal.thread.ThreadUtil.lambda$execute$0(ThreadUtil.java:66)
	at java.util.concurrent.FutureTask.run(FutureTask.java:266)
	at java.util.concurrent.ThreadPoolExecutor.runWorker(ThreadPoolExecutor.java:1149)
	at java.util.concurrent.ThreadPoolExecutor$Worker.run(ThreadPoolExecutor.java:624)
	at java.lang.Thread.run(Thread.java:748)
</pre></div></td>
<td>0</td>
<td>testCases.TC_009_ForgotPassword@1f021e6c</td></tr>
<tr>
<td title='testCases.TC_006_ProductCompare.test_productcompare()'><b>test_productcompare</b><br>Test class: testCases.TC_006_ProductCompare</td>
<td><div><pre>java.util.MissingResourceException: Can&apos;t find bundle for base name config, locale en_US
	at java.util.ResourceBundle.throwMissingResourceException(ResourceBundle.java:1581)
	at java.util.ResourceBundle.getBundleImpl(ResourceBundle.java:1396)
	at java.util.ResourceBundle.getBundle(ResourceBundle.java:782)
	at testBase.BaseClass.setup(BaseClass.java:36)
	at java.util.ArrayList.forEach(ArrayList.java:1259)
	at java.util.concurrent.FutureTask.run(FutureTask.java:266)
	at java.util.concurrent.ThreadPoolExecutor.runWorker(ThreadPoolExecutor.java:1149)
	at java.util.concurrent.ThreadPoolExecutor$Worker.run(ThreadPoolExecutor.java:624)
	at java.lang.Thread.run(Thread.java:748)
... Removed 16 stack frames</pre></div><a href='#' onClick='toggleBox("stack-trace1188250415", this, "Click to show all stack frames", "Click to hide stack frames")'>Click to show all stack frames</a>
<div class='stack-trace' id='stack-trace1188250415'><pre>java.util.MissingResourceException: Can&apos;t find bundle for base name config, locale en_US
	at java.util.ResourceBundle.throwMissingResourceException(ResourceBundle.java:1581)
	at java.util.ResourceBundle.getBundleImpl(ResourceBundle.java:1396)
	at java.util.ResourceBundle.getBundle(ResourceBundle.java:782)
	at testBase.BaseClass.setup(BaseClass.java:36)
	at sun.reflect.NativeMethodAccessorImpl.invoke0(Native Method)
	at sun.reflect.NativeMethodAccessorImpl.invoke(NativeMethodAccessorImpl.java:62)
	at sun.reflect.DelegatingMethodAccessorImpl.invoke(DelegatingMethodAccessorImpl.java:43)
	at java.lang.reflect.Method.invoke(Method.java:498)
	at org.testng.internal.MethodInvocationHelper.invokeMethod(MethodInvocationHelper.java:132)
	at org.testng.internal.MethodInvocationHelper.invokeMethodConsideringTimeout(MethodInvocationHelper.java:61)
	at org.testng.internal.ConfigInvoker.invokeConfigurationMethod(ConfigInvoker.java:366)
	at org.testng.internal.ConfigInvoker.invokeConfigurations(ConfigInvoker.java:320)
	at org.testng.internal.TestMethodWorker.invokeBeforeClassMethods(TestMethodWorker.java:176)
	at org.testng.internal.TestMethodWorker.run(TestMethodWorker.java:122)
	at java.util.ArrayList.forEach(ArrayList.java:1259)
	at org.testng.TestRunner.privateRun(TestRunner.java:764)
	at org.testng.TestRunner.run(TestRunner.java:585)
	at org.testng.SuiteRunner.runTest(SuiteRunner.java:384)
	at org.testng.SuiteRunner.access$000(SuiteRunner.java:28)
	at org.testng.SuiteRunner$SuiteWorker.run(SuiteRunner.java:425)
	at org.testng.internal.thread.ThreadUtil.lambda$execute$0(ThreadUtil.java:66)
	at java.util.concurrent.FutureTask.run(FutureTask.java:266)
	at java.util.concurrent.ThreadPoolExecutor.runWorker(ThreadPoolExecutor.java:1149)
	at java.util.concurrent.ThreadPoolExecutor$Worker.run(ThreadPoolExecutor.java:624)
	at java.lang.Thread.run(Thread.java:748)
</pre></div></td>
<td>0</td>
<td>testCases.TC_006_ProductCompare@68ceda24</td></tr>
<tr>
<td title='testCases.TC_008_ProductDisplayPage.test_productdisplay()'><b>test_productdisplay</b><br>Test class: testCases.TC_008_ProductDisplayPage</td>
<td><div><pre>java.util.MissingResourceException: Can&apos;t find bundle for base name config, locale en_US
	at java.util.ResourceBundle.throwMissingResourceException(ResourceBundle.java:1581)
	at java.util.ResourceBundle.getBundleImpl(ResourceBundle.java:1396)
	at java.util.ResourceBundle.getBundle(ResourceBundle.java:782)
	at testBase.BaseClass.setup(BaseClass.java:36)
	at java.util.ArrayList.forEach(ArrayList.java:1259)
	at java.util.concurrent.FutureTask.run(FutureTask.java:266)
	at java.util.concurrent.ThreadPoolExecutor.runWorker(ThreadPoolExecutor.java:1149)
	at java.util.concurrent.ThreadPoolExecutor$Worker.run(ThreadPoolExecutor.java:624)
	at java.lang.Thread.run(Thread.java:748)
... Removed 16 stack frames</pre></div><a href='#' onClick='toggleBox("stack-trace1165962118", this, "Click to show all stack frames", "Click to hide stack frames")'>Click to show all stack frames</a>
<div class='stack-trace' id='stack-trace1165962118'><pre>java.util.MissingResourceException: Can&apos;t find bundle for base name config, locale en_US
	at java.util.ResourceBundle.throwMissingResourceException(ResourceBundle.java:1581)
	at java.util.ResourceBundle.getBundleImpl(ResourceBundle.java:1396)
	at java.util.ResourceBundle.getBundle(ResourceBundle.java:782)
	at testBase.BaseClass.setup(BaseClass.java:36)
	at sun.reflect.NativeMethodAccessorImpl.invoke0(Native Method)
	at sun.reflect.NativeMethodAccessorImpl.invoke(NativeMethodAccessorImpl.java:62)
	at sun.reflect.DelegatingMethodAccessorImpl.invoke(DelegatingMethodAccessorImpl.java:43)
	at java.lang.reflect.Method.invoke(Method.java:498)
	at org.testng.internal.MethodInvocationHelper.invokeMethod(MethodInvocationHelper.java:132)
	at org.testng.internal.MethodInvocationHelper.invokeMethodConsideringTimeout(MethodInvocationHelper.java:61)
	at org.testng.internal.ConfigInvoker.invokeConfigurationMethod(ConfigInvoker.java:366)
	at org.testng.internal.ConfigInvoker.invokeConfigurations(ConfigInvoker.java:320)
	at org.testng.internal.TestMethodWorker.invokeBeforeClassMethods(TestMethodWorker.java:176)
	at org.testng.internal.TestMethodWorker.run(TestMethodWorker.java:122)
	at java.util.ArrayList.forEach(ArrayList.java:1259)
	at org.testng.TestRunner.privateRun(TestRunner.java:764)
	at org.testng.TestRunner.run(TestRunner.java:585)
	at org.testng.SuiteRunner.runTest(SuiteRunner.java:384)
	at org.testng.SuiteRunner.access$000(SuiteRunner.java:28)
	at org.testng.SuiteRunner$SuiteWorker.run(SuiteRunner.java:425)
	at org.testng.internal.thread.ThreadUtil.lambda$execute$0(ThreadUtil.java:66)
	at java.util.concurrent.FutureTask.run(FutureTask.java:266)
	at java.util.concurrent.ThreadPoolExecutor.runWorker(ThreadPoolExecutor.java:1149)
	at java.util.concurrent.ThreadPoolExecutor$Worker.run(ThreadPoolExecutor.java:624)
	at java.lang.Thread.run(Thread.java:748)
</pre></div></td>
<td>0</td>
<td>testCases.TC_008_ProductDisplayPage@35a50a4c</td></tr>
<tr>
<td title='testCases.TC_004Search.test_search()'><b>test_search</b><br>Test class: testCases.TC_004Search</td>
<td><div><pre>java.util.MissingResourceException: Can&apos;t find bundle for base name config, locale en_US
	at java.util.ResourceBundle.throwMissingResourceException(ResourceBundle.java:1581)
	at java.util.ResourceBundle.getBundleImpl(ResourceBundle.java:1396)
	at java.util.ResourceBundle.getBundle(ResourceBundle.java:782)
	at testBase.BaseClass.setup(BaseClass.java:36)
	at java.util.ArrayList.forEach(ArrayList.java:1259)
	at java.util.concurrent.FutureTask.run(FutureTask.java:266)
	at java.util.concurrent.ThreadPoolExecutor.runWorker(ThreadPoolExecutor.java:1149)
	at java.util.concurrent.ThreadPoolExecutor$Worker.run(ThreadPoolExecutor.java:624)
	at java.lang.Thread.run(Thread.java:748)
... Removed 16 stack frames</pre></div><a href='#' onClick='toggleBox("stack-trace1001263508", this, "Click to show all stack frames", "Click to hide stack frames")'>Click to show all stack frames</a>
<div class='stack-trace' id='stack-trace1001263508'><pre>java.util.MissingResourceException: Can&apos;t find bundle for base name config, locale en_US
	at java.util.ResourceBundle.throwMissingResourceException(ResourceBundle.java:1581)
	at java.util.ResourceBundle.getBundleImpl(ResourceBundle.java:1396)
	at java.util.ResourceBundle.getBundle(ResourceBundle.java:782)
	at testBase.BaseClass.setup(BaseClass.java:36)
	at sun.reflect.NativeMethodAccessorImpl.invoke0(Native Method)
	at sun.reflect.NativeMethodAccessorImpl.invoke(NativeMethodAccessorImpl.java:62)
	at sun.reflect.DelegatingMethodAccessorImpl.invoke(DelegatingMethodAccessorImpl.java:43)
	at java.lang.reflect.Method.invoke(Method.java:498)
	at org.testng.internal.MethodInvocationHelper.invokeMethod(MethodInvocationHelper.java:132)
	at org.testng.internal.MethodInvocationHelper.invokeMethodConsideringTimeout(MethodInvocationHelper.java:61)
	at org.testng.internal.ConfigInvoker.invokeConfigurationMethod(ConfigInvoker.java:366)
	at org.testng.internal.ConfigInvoker.invokeConfigurations(ConfigInvoker.java:320)
	at org.testng.internal.TestMethodWorker.invokeBeforeClassMethods(TestMethodWorker.java:176)
	at org.testng.internal.TestMethodWorker.run(TestMethodWorker.java:122)
	at java.util.ArrayList.forEach(ArrayList.java:1259)
	at org.testng.TestRunner.privateRun(TestRunner.java:764)
	at org.testng.TestRunner.run(TestRunner.java:585)
	at org.testng.SuiteRunner.runTest(SuiteRunner.java:384)
	at org.testng.SuiteRunner.access$000(SuiteRunner.java:28)
	at org.testng.SuiteRunner$SuiteWorker.run(SuiteRunner.java:425)
	at org.testng.internal.thread.ThreadUtil.lambda$execute$0(ThreadUtil.java:66)
	at java.util.concurrent.FutureTask.run(FutureTask.java:266)
	at java.util.concurrent.ThreadPoolExecutor.runWorker(ThreadPoolExecutor.java:1149)
	at java.util.concurrent.ThreadPoolExecutor$Worker.run(ThreadPoolExecutor.java:624)
	at java.lang.Thread.run(Thread.java:748)
</pre></div></td>
<td>0</td>
<td>testCases.TC_004Search@3b94d659</td></tr>
<tr>
<td title='testCases.TC_020_Transections.test_transections()'><b>test_transections</b><br>Test class: testCases.TC_020_Transections</td>
<td><div><pre>java.util.MissingResourceException: Can&apos;t find bundle for base name config, locale en_US
	at java.util.ResourceBundle.throwMissingResourceException(ResourceBundle.java:1581)
	at java.util.ResourceBundle.getBundleImpl(ResourceBundle.java:1396)
	at java.util.ResourceBundle.getBundle(ResourceBundle.java:782)
	at testBase.BaseClass.setup(BaseClass.java:36)
	at java.util.ArrayList.forEach(ArrayList.java:1259)
	at java.util.concurrent.FutureTask.run(FutureTask.java:266)
	at java.util.concurrent.ThreadPoolExecutor.runWorker(ThreadPoolExecutor.java:1149)
	at java.util.concurrent.ThreadPoolExecutor$Worker.run(ThreadPoolExecutor.java:624)
	at java.lang.Thread.run(Thread.java:748)
... Removed 15 stack frames</pre></div><a href='#' onClick='toggleBox("stack-trace2109637023", this, "Click to show all stack frames", "Click to hide stack frames")'>Click to show all stack frames</a>
<div class='stack-trace' id='stack-trace2109637023'><pre>java.util.MissingResourceException: Can&apos;t find bundle for base name config, locale en_US
	at java.util.ResourceBundle.throwMissingResourceException(ResourceBundle.java:1581)
	at java.util.ResourceBundle.getBundleImpl(ResourceBundle.java:1396)
	at java.util.ResourceBundle.getBundle(ResourceBundle.java:782)
	at testBase.BaseClass.setup(BaseClass.java:36)
	at sun.reflect.GeneratedMethodAccessor1.invoke(Unknown Source)
	at sun.reflect.DelegatingMethodAccessorImpl.invoke(DelegatingMethodAccessorImpl.java:43)
	at java.lang.reflect.Method.invoke(Method.java:498)
	at org.testng.internal.MethodInvocationHelper.invokeMethod(MethodInvocationHelper.java:132)
	at org.testng.internal.MethodInvocationHelper.invokeMethodConsideringTimeout(MethodInvocationHelper.java:61)
	at org.testng.internal.ConfigInvoker.invokeConfigurationMethod(ConfigInvoker.java:366)
	at org.testng.internal.ConfigInvoker.invokeConfigurations(ConfigInvoker.java:320)
	at org.testng.internal.TestMethodWorker.invokeBeforeClassMethods(TestMethodWorker.java:176)
	at org.testng.internal.TestMethodWorker.run(TestMethodWorker.java:122)
	at java.util.ArrayList.forEach(ArrayList.java:1259)
	at org.testng.TestRunner.privateRun(TestRunner.java:764)
	at org.testng.TestRunner.run(TestRunner.java:585)
	at org.testng.SuiteRunner.runTest(SuiteRunner.java:384)
	at org.testng.SuiteRunner.access$000(SuiteRunner.java:28)
	at org.testng.SuiteRunner$SuiteWorker.run(SuiteRunner.java:425)
	at org.testng.internal.thread.ThreadUtil.lambda$execute$0(ThreadUtil.java:66)
	at java.util.concurrent.FutureTask.run(FutureTask.java:266)
	at java.util.concurrent.ThreadPoolExecutor.runWorker(ThreadPoolExecutor.java:1149)
	at java.util.concurrent.ThreadPoolExecutor$Worker.run(ThreadPoolExecutor.java:624)
	at java.lang.Thread.run(Thread.java:748)
</pre></div></td>
<td>0</td>
<td>testCases.TC_020_Transections@71623278</td></tr>
<tr>
<td title='testCases.TC_007_WishList.test_wishlist()'><b>test_wishlist</b><br>Test class: testCases.TC_007_WishList</td>
<td><div><pre>java.util.MissingResourceException: Can&apos;t find bundle for base name config, locale en_US
	at java.util.ResourceBundle.throwMissingResourceException(ResourceBundle.java:1581)
	at java.util.ResourceBundle.getBundleImpl(ResourceBundle.java:1396)
	at java.util.ResourceBundle.getBundle(ResourceBundle.java:782)
	at testBase.BaseClass.setup(BaseClass.java:36)
	at java.util.ArrayList.forEach(ArrayList.java:1259)
	at java.util.concurrent.FutureTask.run(FutureTask.java:266)
	at java.util.concurrent.ThreadPoolExecutor.runWorker(ThreadPoolExecutor.java:1149)
	at java.util.concurrent.ThreadPoolExecutor$Worker.run(ThreadPoolExecutor.java:624)
	at java.lang.Thread.run(Thread.java:748)
... Removed 16 stack frames</pre></div><a href='#' onClick='toggleBox("stack-trace671919646", this, "Click to show all stack frames", "Click to hide stack frames")'>Click to show all stack frames</a>
<div class='stack-trace' id='stack-trace671919646'><pre>java.util.MissingResourceException: Can&apos;t find bundle for base name config, locale en_US
	at java.util.ResourceBundle.throwMissingResourceException(ResourceBundle.java:1581)
	at java.util.ResourceBundle.getBundleImpl(ResourceBundle.java:1396)
	at java.util.ResourceBundle.getBundle(ResourceBundle.java:782)
	at testBase.BaseClass.setup(BaseClass.java:36)
	at sun.reflect.NativeMethodAccessorImpl.invoke0(Native Method)
	at sun.reflect.NativeMethodAccessorImpl.invoke(NativeMethodAccessorImpl.java:62)
	at sun.reflect.DelegatingMethodAccessorImpl.invoke(DelegatingMethodAccessorImpl.java:43)
	at java.lang.reflect.Method.invoke(Method.java:498)
	at org.testng.internal.MethodInvocationHelper.invokeMethod(MethodInvocationHelper.java:132)
	at org.testng.internal.MethodInvocationHelper.invokeMethodConsideringTimeout(MethodInvocationHelper.java:61)
	at org.testng.internal.ConfigInvoker.invokeConfigurationMethod(ConfigInvoker.java:366)
	at org.testng.internal.ConfigInvoker.invokeConfigurations(ConfigInvoker.java:320)
	at org.testng.internal.TestMethodWorker.invokeBeforeClassMethods(TestMethodWorker.java:176)
	at org.testng.internal.TestMethodWorker.run(TestMethodWorker.java:122)
	at java.util.ArrayList.forEach(ArrayList.java:1259)
	at org.testng.TestRunner.privateRun(TestRunner.java:764)
	at org.testng.TestRunner.run(TestRunner.java:585)
	at org.testng.SuiteRunner.runTest(SuiteRunner.java:384)
	at org.testng.SuiteRunner.access$000(SuiteRunner.java:28)
	at org.testng.SuiteRunner$SuiteWorker.run(SuiteRunner.java:425)
	at org.testng.internal.thread.ThreadUtil.lambda$execute$0(ThreadUtil.java:66)
	at java.util.concurrent.FutureTask.run(FutureTask.java:266)
	at java.util.concurrent.ThreadPoolExecutor.runWorker(ThreadPoolExecutor.java:1149)
	at java.util.concurrent.ThreadPoolExecutor$Worker.run(ThreadPoolExecutor.java:624)
	at java.lang.Thread.run(Thread.java:748)
</pre></div></td>
<td>0</td>
<td>testCases.TC_007_WishList@281e3708</td></tr>
</table><p>
</body>
</html>