<?xml version="1.0" encoding="UTF-8"?>
<!-- Generated by org.testng.reporters.JUnitXMLReporter -->
<testsuite hostname="DESKTOP-F7NBUAN" ignored="0" name="OpenCart Tests(failed)" tests="1" failures="1" timestamp="2021-03-30T17:38:09 MST" time="18.793" errors="0">
  <testcase name="test_wishlist" time="14.994" classname="testCases.TC_007_WishList">
    <failure type="java.lang.AssertionError" message="null">
      <![CDATA[java.lang.AssertionError: null
at testCases.TC_007_WishList.test_wishlist(TC_007_WishList.java:74)
at java.util.ArrayList.forEach(ArrayList.java:1259)
at java.util.concurrent.FutureTask.run(FutureTask.java:266)
at java.util.concurrent.ThreadPoolExecutor.runWorker(ThreadPoolExecutor.java:1149)
at java.util.concurrent.ThreadPoolExecutor$Worker.run(ThreadPoolExecutor.java:624)
at java.lang.Thread.run(Thread.java:748)
... Removed 20 stack frames]]>
    </failure>
  </testcase> <!-- test_wishlist -->
</testsuite> <!-- OpenCart Tests(failed) -->
